Log file open, 03/03/23 08:57:48
LogWindows: Failed to load 'aqProf.dll' (GetLastError=126)
LogWindows: File 'aqProf.dll' does not exist
LogWindows: Failed to load 'VtuneApi.dll' (GetLastError=126)
LogWindows: File 'VtuneApi.dll' does not exist
LogWindows: Failed to load 'VtuneApi32e.dll' (GetLastError=126)
LogWindows: File 'VtuneApi32e.dll' does not exist
LogConsoleResponse: Display: Failed to find resolution value strings in scalability ini. Falling back to default.
LogConsoleResponse: Display: Failed to find resolution value strings in scalability ini. Falling back to default.
LogInit: Display: Running engine for game: UMGReversi
LogPlatformFile: Not using cached read wrapper
LogTaskGraph: Started task graph with 5 named threads and 47 total threads with 3 sets of task threads.
LogStats: Stats thread started at 0.126577
LogICUInternationalization: ICU TimeZone Detection - Raw Offset: +7:00, Platform Override: ''
LogInit: Display: Loading text-based GConfig....
LogPluginManager: Mounting plugin MeshPainting
LogPluginManager: Mounting plugin XGEController
LogPluginManager: Mounting plugin Paper2D
LogPluginManager: Mounting plugin AISupport
LogPluginManager: Mounting plugin EnvironmentQueryEditor
LogPluginManager: Mounting plugin CameraShakePreviewer
LogPluginManager: Mounting plugin OodleData
LogPluginManager: Mounting plugin AssetManagerEditor
LogPluginManager: Mounting plugin CryptoKeys
LogPluginManager: Mounting plugin DataValidation
LogPluginManager: Mounting plugin CurveEditorTools
LogPluginManager: Mounting plugin GameplayTagsEditor
LogPluginManager: Mounting plugin GeometryMode
LogPluginManager: Mounting plugin FacialAnimation
LogPluginManager: Mounting plugin MacGraphicsSwitching
LogPluginManager: Mounting plugin MaterialAnalyzer
LogPluginManager: Mounting plugin MobileLauncherProfileWizard
LogPluginManager: Mounting plugin PluginBrowser
LogPluginManager: Mounting plugin SpeedTreeImporter
LogPluginManager: Mounting plugin AnimationSharing
LogPluginManager: Mounting plugin CLionSourceCodeAccess
LogPluginManager: Mounting plugin CodeLiteSourceCodeAccess
LogPluginManager: Mounting plugin GitSourceControl
LogPluginManager: Mounting plugin KDevelopSourceCodeAccess
LogPluginManager: Mounting plugin NullSourceCodeAccess
LogPluginManager: Mounting plugin PerforceSourceControl
LogPluginManager: Mounting plugin PixWinPlugin
LogPluginManager: Mounting plugin PlasticSourceControl
LogPluginManager: Mounting plugin PluginUtils
LogPluginManager: Mounting plugin PropertyAccessNode
LogPluginManager: Mounting plugin RiderSourceCodeAccess
LogPluginManager: Mounting plugin SubversionSourceControl
LogPluginManager: Mounting plugin TextureFormatOodle
LogPluginManager: Mounting plugin UObjectPlugin
LogPluginManager: Mounting plugin VisualStudioSourceCodeAccess
LogPluginManager: Mounting plugin VisualStudioCodeSourceCodeAccess
LogPluginManager: Mounting plugin XCodeSourceCodeAccess
LogPluginManager: Mounting plugin DatasmithContent
LogPluginManager: Mounting plugin VariantManagerContent
LogPluginManager: Mounting plugin Niagara
LogPluginManager: Mounting plugin LuminPlatformFeatures
LogPluginManager: Mounting plugin MagicLeap
LogPluginManager: Mounting plugin MagicLeapLightEstimation
LogPluginManager: Mounting plugin MagicLeapMedia
LogPluginManager: Mounting plugin MagicLeapPassableWorld
LogPluginManager: Mounting plugin MLSDK
LogPluginManager: Mounting plugin AndroidMedia
LogPluginManager: Mounting plugin AvfMedia
LogPluginManager: Mounting plugin ImgMedia
LogPluginManager: Mounting plugin MediaCompositing
LogPluginManager: Mounting plugin MediaPlayerEditor
LogPluginManager: Mounting plugin WebMMedia
LogPluginManager: Mounting plugin WmfMedia
LogPluginManager: Mounting plugin AlembicImporter
LogPluginManager: Mounting plugin AutomationUtils
LogPluginManager: Mounting plugin BackChannel
LogPluginManager: Mounting plugin ChaosCloth
LogPluginManager: Mounting plugin ChaosNiagara
LogPluginManager: Mounting plugin ChaosClothEditor
LogPluginManager: Mounting plugin ChaosEditor
LogPluginManager: Mounting plugin ChaosSolverPlugin
LogPluginManager: Mounting plugin ActorSequence
LogPluginManager: Mounting plugin LevelSequenceEditor
LogPluginManager: Mounting plugin MatineeToLevelSequence
LogPluginManager: Mounting plugin CharacterAI
LogPluginManager: Mounting plugin TemplateSequence
LogPluginManager: Mounting plugin TcpMessaging
LogPluginManager: Mounting plugin UdpMessaging
LogPluginManager: Mounting plugin GeometryCache
LogPluginManager: Mounting plugin GeometryCollectionPlugin
LogPluginManager: Mounting plugin GeometryProcessing
LogPluginManager: Mounting plugin MotoSynth
LogPluginManager: Mounting plugin OpenImageDenoise
LogPluginManager: Mounting plugin PlanarCut
LogPluginManager: Mounting plugin ProxyLODPlugin
LogPluginManager: Mounting plugin PlatformCrypto
LogPluginManager: Mounting plugin PythonScriptPlugin
LogPluginManager: Mounting plugin LiveLink
LogPluginManager: Mounting plugin LauncherChunkInstaller
LogPluginManager: Mounting plugin ActorLayerUtilities
LogPluginManager: Mounting plugin AndroidMoviePlayer
LogPluginManager: Mounting plugin AndroidDeviceProfileSelector
LogPluginManager: Mounting plugin SkeletalReduction
LogPluginManager: Mounting plugin AndroidPermission
LogPluginManager: Mounting plugin OnlineSubsystem
LogPluginManager: Mounting plugin AppleMoviePlayer
LogPluginManager: Mounting plugin ArchVisCharacter
LogPluginManager: Mounting plugin AssetTags
LogPluginManager: Mounting plugin AudioCapture
LogPluginManager: Mounting plugin OnlineSubsystemNull
LogPluginManager: Mounting plugin AudioSynesthesia
LogPluginManager: Mounting plugin CableComponent
LogPluginManager: Mounting plugin ChunkDownloader
LogPluginManager: Mounting plugin CustomMeshComponent
LogPluginManager: Mounting plugin OnlineSubsystemUtils
LogPluginManager: Mounting plugin EditableMesh
LogPluginManager: Mounting plugin ExampleDeviceProfileSelector
LogPluginManager: Mounting plugin GoogleCloudMessaging
LogPluginManager: Mounting plugin GooglePAD
LogPluginManager: Mounting plugin IOSDeviceProfileSelector
LogPluginManager: Mounting plugin LinuxDeviceProfileSelector
LogPluginManager: Mounting plugin LocationServicesBPLibrary
LogPluginManager: Mounting plugin MobilePatchingUtils
LogPluginManager: Mounting plugin OpenXR
LogPluginManager: Mounting plugin OpenXREyeTracker
LogPluginManager: Mounting plugin OpenXRHandTracking
LogPluginManager: Mounting plugin PhysXVehicles
LogPluginManager: Mounting plugin PostSplashScreen
LogPluginManager: Mounting plugin PropertyAccessEditor
LogPluginManager: Mounting plugin ProceduralMeshComponent
LogPluginManager: Mounting plugin RuntimePhysXCooking
LogPluginManager: Mounting plugin SignificanceManager
LogPluginManager: Mounting plugin SoundFields
LogPluginManager: Mounting plugin Synthesis
LogPluginManager: Mounting plugin WebMMoviePlayer
LogPluginManager: Mounting plugin WindowsMoviePlayer
LogPluginManager: Mounting plugin ScreenshotTools
LogPluginManager: Mounting plugin GameplayCameras
LogPluginManager: Mounting plugin Takes
LogPluginManager: Mounting plugin LightPropagationVolume
LogPluginManager: Mounting plugin AppleImageUtils
LogPluginManager: Mounting plugin OodleNetwork
LogPluginManager: Mounting plugin ContentBrowserAssetDataSource
LogPluginManager: Mounting plugin ContentBrowserFileDataSource
LogPluginManager: Mounting plugin ContentBrowserClassDataSource
LogPluginManager: Mounting plugin OnlineSubsystemGooglePlay
LogPluginManager: Mounting plugin OnlineSubsystemIOS
LogPluginManager: Mounting plugin OculusVR
LogPluginManager: Mounting plugin SteamVR
PixWinPlugin: PIX capture plugin failed to initialize! Check that the process is launched from PIX.
LogInit: Using libcurl 7.55.1-DEV
LogInit:  - built for x86_64-pc-win32
LogInit:  - supports SSL with OpenSSL/1.1.1
LogInit:  - supports HTTP deflate (compression) using libz 1.2.8
LogInit:  - other features:
LogInit:      CURL_VERSION_SSL
LogInit:      CURL_VERSION_LIBZ
LogInit:      CURL_VERSION_IPV6
LogInit:      CURL_VERSION_ASYNCHDNS
LogInit:      CURL_VERSION_LARGEFILE
LogInit:      CURL_VERSION_IDN
LogInit:  CurlRequestOptions (configurable via config and command line):
LogInit:  - bVerifyPeer = true  - Libcurl will verify peer certificate
LogInit:  - bUseHttpProxy = false  - Libcurl will NOT use HTTP proxy
LogInit:  - bDontReuseConnections = false  - Libcurl will reuse connections
LogInit:  - MaxHostConnections = 16  - Libcurl will limit the number of connections to a host
LogInit:  - LocalHostAddr = Default
LogInit:  - BufferSize = 65536
LogOnline: OSS: Creating online subsystem instance for: NULL
LogInit: WinSock: version 1.1 (2.2), MaxSocks=32767, MaxUdp=65467
LogOnline: OSS: TryLoadSubsystemAndSetDefault: Loaded subsystem for module [NULL]
LogInit: Build: ++UE4+Release-4.27-CL-0
LogInit: Engine Version: 4.27.2-0+++UE4+Release-4.27
LogInit: Compatible Engine Version: 4.27.0-0+++UE4+Release-4.27
LogInit: Net CL: 0
LogInit: OS: Windows 10 (Release 2009) (), CPU: AMD Ryzen 7 7700 8-Core Processor              , GPU: NVIDIA GeForce RTX 3060 Ti
LogInit: Compiled (64-bit): Feb 23 2023 09:24:06
LogInit: Compiled with Visual C++: 19.35.32215.00
LogInit: Build Configuration: Development
LogInit: Branch Name: ++UE4+Release-4.27
LogInit: Command Line:  "C:\Unreal Project\UMGReversi\UMGReversi.uproject" -run=VisualStudioTools -unattended -noshadercompile -nosound -nullrhi -nocpuprofilertrace -nocrashreports -nosplash -ddc=noshared -output=C:\Users\Admn\AppData\Local\Temp\tmp9E6D.tmp
LogInit: Base Directory: C:/UnrealEngine-4.27/Engine/Binaries/Win64/
LogInit: Allocator: TBB
LogInit: Installed Engine Build: 0
LogDevObjectVersion: Number of dev versions registered: 29
LogDevObjectVersion:   Dev-Blueprints (B0D832E4-1F89-4F0D-ACCF-7EB736FD4AA2): 10
LogDevObjectVersion:   Dev-Build (E1C64328-A22C-4D53-A36C-8E866417BD8C): 0
LogDevObjectVersion:   Dev-Core (375EC13C-06E4-48FB-B500-84F0262A717E): 4
LogDevObjectVersion:   Dev-Editor (E4B068ED-F494-42E9-A231-DA0B2E46BB41): 40
LogDevObjectVersion:   Dev-Framework (CFFC743F-43B0-4480-9391-14DF171D2073): 37
LogDevObjectVersion:   Dev-Mobile (B02B49B5-BB20-44E9-A304-32B752E40360): 3
LogDevObjectVersion:   Dev-Networking (A4E4105C-59A1-49B5-A7C5-40C4547EDFEE): 0
LogDevObjectVersion:   Dev-Online (39C831C9-5AE6-47DC-9A44-9C173E1C8E7C): 0
LogDevObjectVersion:   Dev-Physics (78F01B33-EBEA-4F98-B9B4-84EACCB95AA2): 14
LogDevObjectVersion:   Dev-Platform (6631380F-2D4D-43E0-8009-CF276956A95A): 0
LogDevObjectVersion:   Dev-Rendering (12F88B9F-8875-4AFC-A67C-D90C383ABD29): 45
LogDevObjectVersion:   Dev-Sequencer (7B5AE74C-D270-4C10-A958-57980B212A5A): 13
LogDevObjectVersion:   Dev-VR (D7296918-1DD6-4BDD-9DE2-64A83CC13884): 3
LogDevObjectVersion:   Dev-LoadTimes (C2A15278-BFE7-4AFE-6C17-90FF531DF755): 1
LogDevObjectVersion:   Private-Geometry (6EACA3D4-40EC-4CC1-B786-8BED09428FC5): 3
LogDevObjectVersion:   Dev-AnimPhys (29E575DD-E0A3-4627-9D10-D276232CDCEA): 17
LogDevObjectVersion:   Dev-Anim (AF43A65D-7FD3-4947-9873-3E8ED9C1BB05): 15
LogDevObjectVersion:   Dev-ReflectionCapture (6B266CEC-1EC7-4B8F-A30B-E4D90942FC07): 1
LogDevObjectVersion:   Dev-Automation (0DF73D61-A23F-47EA-B727-89E90C41499A): 1
LogDevObjectVersion:   FortniteMain (601D1886-AC64-4F84-AA16-D3DE0DEAC7D6): 47
LogDevObjectVersion:   FortniteRelease (E7086368-6B23-4C58-8439-1B7016265E91): 1
LogDevObjectVersion:   Dev-Enterprise (9DFFBCD6-494F-0158-E221-12823C92A888): 10
LogDevObjectVersion:   Dev-Niagara (F2AED0AC-9AFE-416F-8664-AA7FFA26D6FC): 1
LogDevObjectVersion:   Dev-Destruction (174F1F0B-B4C6-45A5-B13F-2EE8D0FB917D): 10
LogDevObjectVersion:   Dev-Physics-Ext (35F94A83-E258-406C-A318-09F59610247C): 41
LogDevObjectVersion:   Dev-PhysicsMaterial-Chaos (B68FC16E-8B1B-42E2-B453-215C058844FE): 1
LogDevObjectVersion:   Dev-CineCamera (B2E18506-4273-CFC2-A54E-F4BB758BBA07): 1
LogDevObjectVersion:   Dev-VirtualProduction (64F58936-FD1B-42BA-BA96-7289D5D0FA4E): 1
LogDevObjectVersion:   Dev-MediaFramework (6F0ED827-A609-4895-9C91-998D90180EA4): 2
LogInit: Presizing for max 25165824 objects, including 0 objects not considered by GC, pre-allocating 0 bytes for permanent pool.
LogConfig: Applying CVar settings from Section [/Script/Engine.StreamingSettings] File [C:/Unreal Project/UMGReversi/Saved/Config/Windows/Engine.ini]
LogConfig: Setting CVar [[s.MinBulkDataSizeForAsyncLoading:131072]]
LogConfig: Setting CVar [[s.AsyncLoadingThreadEnabled:0]]
LogConfig: Setting CVar [[s.EventDrivenLoaderEnabled:1]]
LogConfig: Setting CVar [[s.WarnIfTimeLimitExceeded:0]]
LogConfig: Setting CVar [[s.TimeLimitExceededMultiplier:1.5]]
LogConfig: Setting CVar [[s.TimeLimitExceededMinTime:0.005]]
LogConfig: Setting CVar [[s.UseBackgroundLevelStreaming:1]]
LogConfig: Setting CVar [[s.PriorityAsyncLoadingExtraTime:15.0]]
LogConfig: Setting CVar [[s.LevelStreamingActorsUpdateTimeLimit:5.0]]
LogConfig: Setting CVar [[s.PriorityLevelStreamingActorsUpdateExtraTime:5.0]]
LogConfig: Setting CVar [[s.LevelStreamingComponentsRegistrationGranularity:10]]
LogConfig: Setting CVar [[s.UnregisterComponentsTimeLimit:1.0]]
LogConfig: Setting CVar [[s.LevelStreamingComponentsUnregistrationGranularity:5]]
LogConfig: Setting CVar [[s.FlushStreamingOnExit:1]]
LogInit: Object subsystem initialized
LogConfig: Setting CVar [[con.DebugEarlyDefault:1]]
LogConfig: Setting CVar [[r.setres:1280x720]]
[2023.03.03-01.57.48:911][  0]LogConfig: Setting CVar [[con.DebugEarlyDefault:1]]
[2023.03.03-01.57.48:911][  0]LogConfig: Setting CVar [[r.setres:1280x720]]
[2023.03.03-01.57.48:911][  0]LogConfig: Applying CVar settings from Section [/Script/Engine.RendererSettings] File [C:/Unreal Project/UMGReversi/Saved/Config/Windows/Engine.ini]
[2023.03.03-01.57.48:911][  0]LogConfig: Setting CVar [[r.GPUCrashDebugging:0]]
[2023.03.03-01.57.48:911][  0]LogConfig: Applying CVar settings from Section [/Script/Engine.RendererOverrideSettings] File [C:/Unreal Project/UMGReversi/Saved/Config/Windows/Engine.ini]
[2023.03.03-01.57.48:911][  0]LogConfig: Applying CVar settings from Section [/Script/Engine.StreamingSettings] File [C:/Unreal Project/UMGReversi/Saved/Config/Windows/Engine.ini]
[2023.03.03-01.57.48:911][  0]LogConfig: Setting CVar [[s.MinBulkDataSizeForAsyncLoading:131072]]
[2023.03.03-01.57.48:911][  0]LogConfig: Setting CVar [[s.AsyncLoadingThreadEnabled:0]]
[2023.03.03-01.57.48:911][  0]LogConfig: Setting CVar [[s.EventDrivenLoaderEnabled:1]]
[2023.03.03-01.57.48:911][  0]LogConfig: Setting CVar [[s.WarnIfTimeLimitExceeded:0]]
[2023.03.03-01.57.48:912][  0]LogConfig: Setting CVar [[s.TimeLimitExceededMultiplier:1.5]]
[2023.03.03-01.57.48:912][  0]LogConfig: Setting CVar [[s.TimeLimitExceededMinTime:0.005]]
[2023.03.03-01.57.48:912][  0]LogConfig: Setting CVar [[s.UseBackgroundLevelStreaming:1]]
[2023.03.03-01.57.48:912][  0]LogConfig: Setting CVar [[s.PriorityAsyncLoadingExtraTime:15.0]]
[2023.03.03-01.57.48:912][  0]LogConfig: Setting CVar [[s.LevelStreamingActorsUpdateTimeLimit:5.0]]
[2023.03.03-01.57.48:912][  0]LogConfig: Setting CVar [[s.PriorityLevelStreamingActorsUpdateExtraTime:5.0]]
[2023.03.03-01.57.48:912][  0]LogConfig: Setting CVar [[s.LevelStreamingComponentsRegistrationGranularity:10]]
[2023.03.03-01.57.48:912][  0]LogConfig: Setting CVar [[s.UnregisterComponentsTimeLimit:1.0]]
[2023.03.03-01.57.48:912][  0]LogConfig: Setting CVar [[s.LevelStreamingComponentsUnregistrationGranularity:5]]
[2023.03.03-01.57.48:912][  0]LogConfig: Setting CVar [[s.FlushStreamingOnExit:1]]
[2023.03.03-01.57.48:912][  0]LogConfig: Applying CVar settings from Section [/Script/Engine.GarbageCollectionSettings] File [C:/Unreal Project/UMGReversi/Saved/Config/Windows/Engine.ini]
[2023.03.03-01.57.48:912][  0]LogConfig: Setting CVar [[gc.MaxObjectsNotConsideredByGC:1]]
[2023.03.03-01.57.48:912][  0]LogConfig: Setting CVar [[gc.SizeOfPermanentObjectPool:0]]
[2023.03.03-01.57.48:912][  0]LogConfig: Setting CVar [[gc.FlushStreamingOnGC:0]]
[2023.03.03-01.57.48:912][  0]LogConfig: Setting CVar [[gc.NumRetriesBeforeForcingGC:10]]
[2023.03.03-01.57.48:912][  0]LogConfig: Setting CVar [[gc.AllowParallelGC:1]]
[2023.03.03-01.57.48:912][  0]LogConfig: Setting CVar [[gc.TimeBetweenPurgingPendingKillObjects:61.1]]
[2023.03.03-01.57.48:912][  0]LogConfig: Setting CVar [[gc.MaxObjectsInEditor:25165824]]
[2023.03.03-01.57.48:912][  0]LogConfig: Setting CVar [[gc.IncrementalBeginDestroyEnabled:1]]
[2023.03.03-01.57.48:912][  0]LogConfig: Setting CVar [[gc.CreateGCClusters:1]]
[2023.03.03-01.57.48:912][  0]LogConfig: Setting CVar [[gc.MinGCClusterSize:5]]
[2023.03.03-01.57.48:912][  0]LogConfig: Setting CVar [[gc.ActorClusteringEnabled:0]]
[2023.03.03-01.57.48:912][  0]LogConfig: Setting CVar [[gc.BlueprintClusteringEnabled:0]]
[2023.03.03-01.57.48:912][  0]LogConfig: Setting CVar [[gc.UseDisregardForGCOnDedicatedServers:0]]
[2023.03.03-01.57.48:912][  0]LogConfig: Setting CVar [[gc.MultithreadedDestructionEnabled:1]]
[2023.03.03-01.57.48:912][  0]LogConfig: Applying CVar settings from Section [/Script/Engine.NetworkSettings] File [C:/Unreal Project/UMGReversi/Saved/Config/Windows/Engine.ini]
[2023.03.03-01.57.48:912][  0]LogConfig: Applying CVar settings from Section [/Script/UnrealEd.CookerSettings] File [C:/Unreal Project/UMGReversi/Saved/Config/Windows/Engine.ini]
[2023.03.03-01.57.48:912][  0]LogConfig: Applying CVar settings from Section [ViewDistanceQuality@3] File [C:/Unreal Project/UMGReversi/Saved/Config/Windows/Scalability.ini]
[2023.03.03-01.57.48:912][  0]LogConfig: Setting CVar [[r.SkeletalMeshLODBias:0]]
[2023.03.03-01.57.48:912][  0]LogConfig: Setting CVar [[r.ViewDistanceScale:1.0]]
[2023.03.03-01.57.48:912][  0]LogConfig: Applying CVar settings from Section [AntiAliasingQuality@3] File [C:/Unreal Project/UMGReversi/Saved/Config/Windows/Scalability.ini]
[2023.03.03-01.57.48:912][  0]LogConfig: Setting CVar [[r.PostProcessAAQuality:4]]
[2023.03.03-01.57.48:912][  0]LogConfig: Applying CVar settings from Section [ShadowQuality@3] File [C:/Unreal Project/UMGReversi/Saved/Config/Windows/Scalability.ini]
[2023.03.03-01.57.48:912][  0]LogConfig: Setting CVar [[r.LightFunctionQuality:1]]
[2023.03.03-01.57.48:912][  0]LogConfig: Setting CVar [[r.ShadowQuality:5]]
[2023.03.03-01.57.48:912][  0]LogConfig: Setting CVar [[r.Shadow.CSM.MaxCascades:10]]
[2023.03.03-01.57.48:912][  0]LogConfig: Setting CVar [[r.Shadow.MaxResolution:2048]]
[2023.03.03-01.57.48:912][  0]LogConfig: Setting CVar [[r.Shadow.MaxCSMResolution:2048]]
[2023.03.03-01.57.48:912][  0]LogConfig: Setting CVar [[r.Shadow.RadiusThreshold:0.01]]
[2023.03.03-01.57.48:912][  0]LogConfig: Setting CVar [[r.Shadow.DistanceScale:1.0]]
[2023.03.03-01.57.48:912][  0]LogConfig: Setting CVar [[r.Shadow.CSM.TransitionScale:1.0]]
[2023.03.03-01.57.48:912][  0]LogConfig: Setting CVar [[r.Shadow.PreShadowResolutionFactor:1.0]]
[2023.03.03-01.57.48:912][  0]LogConfig: Setting CVar [[r.DistanceFieldShadowing:1]]
[2023.03.03-01.57.48:912][  0]LogConfig: Setting CVar [[r.DistanceFieldAO:1]]
[2023.03.03-01.57.48:912][  0]LogConfig: Setting CVar [[r.AOQuality:2]]
[2023.03.03-01.57.48:912][  0]LogConfig: Setting CVar [[r.VolumetricFog:1]]
[2023.03.03-01.57.48:912][  0]LogConfig: Setting CVar [[r.VolumetricFog.GridPixelSize:8]]
[2023.03.03-01.57.48:912][  0]LogConfig: Setting CVar [[r.VolumetricFog.GridSizeZ:128]]
[2023.03.03-01.57.48:912][  0]LogConfig: Setting CVar [[r.VolumetricFog.HistoryMissSupersampleCount:4]]
[2023.03.03-01.57.48:912][  0]LogConfig: Setting CVar [[r.LightMaxDrawDistanceScale:1]]
[2023.03.03-01.57.48:912][  0]LogConfig: Setting CVar [[r.CapsuleShadows:1]]
[2023.03.03-01.57.48:912][  0]LogConfig: Applying CVar settings from Section [PostProcessQuality@3] File [C:/Unreal Project/UMGReversi/Saved/Config/Windows/Scalability.ini]
[2023.03.03-01.57.48:912][  0]LogConfig: Setting CVar [[r.MotionBlurQuality:4]]
[2023.03.03-01.57.48:912][  0]LogConfig: Setting CVar [[r.AmbientOcclusionMipLevelFactor:0.4]]
[2023.03.03-01.57.48:912][  0]LogConfig: Setting CVar [[r.AmbientOcclusionMaxQuality:100]]
[2023.03.03-01.57.48:912][  0]LogConfig: Setting CVar [[r.AmbientOcclusionLevels:-1]]
[2023.03.03-01.57.48:912][  0]LogConfig: Setting CVar [[r.AmbientOcclusionRadiusScale:1.0]]
[2023.03.03-01.57.48:912][  0]LogConfig: Setting CVar [[r.DepthOfFieldQuality:2]]
[2023.03.03-01.57.48:912][  0]LogConfig: Setting CVar [[r.RenderTargetPoolMin:400]]
[2023.03.03-01.57.48:912][  0]LogConfig: Setting CVar [[r.LensFlareQuality:2]]
[2023.03.03-01.57.48:912][  0]LogConfig: Setting CVar [[r.SceneColorFringeQuality:1]]
[2023.03.03-01.57.48:912][  0]LogConfig: Setting CVar [[r.EyeAdaptationQuality:2]]
[2023.03.03-01.57.48:912][  0]LogConfig: Setting CVar [[r.BloomQuality:5]]
[2023.03.03-01.57.48:912][  0]LogConfig: Setting CVar [[r.FastBlurThreshold:100]]
[2023.03.03-01.57.48:912][  0]LogConfig: Setting CVar [[r.Upscale.Quality:3]]
[2023.03.03-01.57.48:912][  0]LogConfig: Setting CVar [[r.Tonemapper.GrainQuantization:1]]
[2023.03.03-01.57.48:912][  0]LogConfig: Setting CVar [[r.LightShaftQuality:1]]
[2023.03.03-01.57.48:912][  0]LogConfig: Setting CVar [[r.Filter.SizeScale:1]]
[2023.03.03-01.57.48:912][  0]LogConfig: Setting CVar [[r.Tonemapper.Quality:5]]
[2023.03.03-01.57.48:912][  0]LogConfig: Setting CVar [[r.DOF.Gather.AccumulatorQuality:1        ; higher gathering accumulator quality]]
[2023.03.03-01.57.48:912][  0]LogConfig: Setting CVar [[r.DOF.Gather.PostfilterMethod:1          ; Median3x3 postfilering method]]
[2023.03.03-01.57.48:912][  0]LogConfig: Setting CVar [[r.DOF.Gather.EnableBokehSettings:0       ; no bokeh simulation when gathering]]
[2023.03.03-01.57.48:912][  0]LogConfig: Setting CVar [[r.DOF.Gather.RingCount:4                 ; medium number of samples when gathering]]
[2023.03.03-01.57.48:912][  0]LogConfig: Setting CVar [[r.DOF.Scatter.ForegroundCompositing:1    ; additive foreground scattering]]
[2023.03.03-01.57.48:912][  0]LogConfig: Setting CVar [[r.DOF.Scatter.BackgroundCompositing:2    ; additive background scattering]]
[2023.03.03-01.57.48:912][  0]LogConfig: Setting CVar [[r.DOF.Scatter.EnableBokehSettings:1      ; bokeh simulation when scattering]]
[2023.03.03-01.57.48:912][  0]LogConfig: Setting CVar [[r.DOF.Scatter.MaxSpriteRatio:0.1         ; only a maximum of 10% of scattered bokeh]]
[2023.03.03-01.57.48:912][  0]LogConfig: Setting CVar [[r.DOF.Recombine.Quality:1                ; cheap slight out of focus]]
[2023.03.03-01.57.48:912][  0]LogConfig: Setting CVar [[r.DOF.Recombine.EnableBokehSettings:0    ; no bokeh simulation on slight out of focus]]
[2023.03.03-01.57.48:912][  0]LogConfig: Setting CVar [[r.DOF.TemporalAAQuality:1                ; more stable temporal accumulation]]
[2023.03.03-01.57.48:912][  0]LogConfig: Setting CVar [[r.DOF.Kernel.MaxForegroundRadius:0.025]]
[2023.03.03-01.57.48:912][  0]LogConfig: Setting CVar [[r.DOF.Kernel.MaxBackgroundRadius:0.025]]
[2023.03.03-01.57.48:912][  0]LogConfig: Applying CVar settings from Section [TextureQuality@3] File [C:/Unreal Project/UMGReversi/Saved/Config/Windows/Scalability.ini]
[2023.03.03-01.57.48:912][  0]LogConfig: Setting CVar [[r.Streaming.MipBias:0]]
[2023.03.03-01.57.48:912][  0]LogConfig: Setting CVar [[r.Streaming.AmortizeCPUToGPUCopy:0]]
[2023.03.03-01.57.48:912][  0]LogConfig: Setting CVar [[r.Streaming.MaxNumTexturesToStreamPerFrame:0]]
[2023.03.03-01.57.48:912][  0]LogConfig: Setting CVar [[r.Streaming.Boost:1]]
[2023.03.03-01.57.48:912][  0]LogConfig: Setting CVar [[r.MaxAnisotropy:8]]
[2023.03.03-01.57.48:912][  0]LogConfig: Setting CVar [[r.VT.MaxAnisotropy:8]]
[2023.03.03-01.57.48:912][  0]LogConfig: Setting CVar [[r.Streaming.LimitPoolSizeToVRAM:0]]
[2023.03.03-01.57.48:912][  0]LogConfig: Setting CVar [[r.Streaming.PoolSize:1000]]
[2023.03.03-01.57.48:912][  0]LogConfig: Setting CVar [[r.Streaming.MaxEffectiveScreenSize:0]]
[2023.03.03-01.57.48:912][  0]LogConfig: Applying CVar settings from Section [EffectsQuality@3] File [C:/Unreal Project/UMGReversi/Saved/Config/Windows/Scalability.ini]
[2023.03.03-01.57.48:912][  0]LogConfig: Setting CVar [[r.TranslucencyLightingVolumeDim:64]]
[2023.03.03-01.57.48:912][  0]LogConfig: Setting CVar [[r.RefractionQuality:2]]
[2023.03.03-01.57.48:912][  0]LogConfig: Setting CVar [[r.SSR.Quality:3]]
[2023.03.03-01.57.48:912][  0]LogConfig: Setting CVar [[r.SSR.HalfResSceneColor:0]]
[2023.03.03-01.57.48:912][  0]LogConfig: Setting CVar [[r.SceneColorFormat:4]]
[2023.03.03-01.57.48:912][  0]LogConfig: Setting CVar [[r.DetailMode:2]]
[2023.03.03-01.57.48:912][  0]LogConfig: Setting CVar [[r.TranslucencyVolumeBlur:1]]
[2023.03.03-01.57.48:912][  0]LogConfig: Setting CVar [[r.MaterialQualityLevel:1 ; High quality]]
[2023.03.03-01.57.48:912][  0]LogConfig: Setting CVar [[r.AnisotropicMaterials:1]]
[2023.03.03-01.57.48:912][  0]LogConfig: Setting CVar [[r.SSS.Scale:1]]
[2023.03.03-01.57.48:912][  0]LogConfig: Setting CVar [[r.SSS.SampleSet:2]]
[2023.03.03-01.57.48:912][  0]LogConfig: Setting CVar [[r.SSS.Quality:1]]
[2023.03.03-01.57.48:912][  0]LogConfig: Setting CVar [[r.SSS.HalfRes:0]]
[2023.03.03-01.57.48:912][  0]LogConfig: Setting CVar [[r.SSGI.Quality:3]]
[2023.03.03-01.57.48:912][  0]LogConfig: Setting CVar [[r.EmitterSpawnRateScale:1.0]]
[2023.03.03-01.57.48:912][  0]LogConfig: Setting CVar [[r.ParticleLightQuality:2]]
[2023.03.03-01.57.48:912][  0]LogConfig: Setting CVar [[r.SkyAtmosphere.AerialPerspectiveLUT.FastApplyOnOpaque:1 ; Always have FastSkyLUT 1 in this case to avoid wrong sky]]
[2023.03.03-01.57.48:912][  0]LogConfig: Setting CVar [[r.SkyAtmosphere.AerialPerspectiveLUT.SampleCountMaxPerSlice:4]]
[2023.03.03-01.57.48:912][  0]LogConfig: Setting CVar [[r.SkyAtmosphere.AerialPerspectiveLUT.DepthResolution:16.0]]
[2023.03.03-01.57.48:912][  0]LogConfig: Setting CVar [[r.SkyAtmosphere.FastSkyLUT:1]]
[2023.03.03-01.57.48:912][  0]LogConfig: Setting CVar [[r.SkyAtmosphere.FastSkyLUT.SampleCountMin:4.0]]
[2023.03.03-01.57.48:912][  0]LogConfig: Setting CVar [[r.SkyAtmosphere.FastSkyLUT.SampleCountMax:128.0]]
[2023.03.03-01.57.48:912][  0]LogConfig: Setting CVar [[r.SkyAtmosphere.SampleCountMin:4.0]]
[2023.03.03-01.57.48:912][  0]LogConfig: Setting CVar [[r.SkyAtmosphere.SampleCountMax:128.0]]
[2023.03.03-01.57.48:912][  0]LogConfig: Setting CVar [[r.SkyAtmosphere.TransmittanceLUT.UseSmallFormat:0]]
[2023.03.03-01.57.48:912][  0]LogConfig: Setting CVar [[r.SkyAtmosphere.TransmittanceLUT.SampleCount:10.0]]
[2023.03.03-01.57.48:912][  0]LogConfig: Setting CVar [[r.SkyAtmosphere.MultiScatteringLUT.SampleCount:15.0]]
[2023.03.03-01.57.48:912][  0]LogConfig: Setting CVar [[r.SkyLight.RealTimeReflectionCapture:1]]
[2023.03.03-01.57.48:912][  0]LogConfig: Applying CVar settings from Section [FoliageQuality@3] File [C:/Unreal Project/UMGReversi/Saved/Config/Windows/Scalability.ini]
[2023.03.03-01.57.48:912][  0]LogConfig: Setting CVar [[foliage.DensityScale:1.0]]
[2023.03.03-01.57.48:912][  0]LogConfig: Setting CVar [[grass.DensityScale:1.0]]
[2023.03.03-01.57.48:912][  0]LogConfig: Applying CVar settings from Section [ShadingQuality@3] File [C:/Unreal Project/UMGReversi/Saved/Config/Windows/Scalability.ini]
[2023.03.03-01.57.48:913][  0]LogConfig: Setting CVar [[r.HairStrands.SkyLighting.IntegrationType:2]]
[2023.03.03-01.57.48:913][  0]LogConfig: Setting CVar [[r.HairStrands.SkyAO.SampleCount:4]]
[2023.03.03-01.57.48:913][  0]LogConfig: Setting CVar [[r.HairStrands.Visibility.MSAA.SamplePerPixel:4]]
[2023.03.03-01.57.48:914][  0]LogInit: Selected Device Profile: [Windows]
[2023.03.03-01.57.48:914][  0]LogInit: Applying CVar settings loaded from the selected device profile: [Windows]
[2023.03.03-01.57.48:914][  0]LogHAL: Display: Platform has ~ 32 GB [33444212736 / 34359738368 / 32], which maps to Largest [LargestMinGB=32, LargerMinGB=12, DefaultMinGB=8, SmallerMinGB=6, SmallestMinGB=0)
[2023.03.03-01.57.48:914][  0]LogInit: Going up to parent DeviceProfile []
[2023.03.03-01.57.48:914][  0]LogConfig: Applying CVar settings from Section [ViewDistanceQuality@3] File [C:/Unreal Project/UMGReversi/Saved/Config/Windows/Scalability.ini]
[2023.03.03-01.57.48:914][  0]LogConfig: Setting CVar [[r.SkeletalMeshLODBias:0]]
[2023.03.03-01.57.48:914][  0]LogConfig: Setting CVar [[r.ViewDistanceScale:1.0]]
[2023.03.03-01.57.48:914][  0]LogConfig: Applying CVar settings from Section [AntiAliasingQuality@3] File [C:/Unreal Project/UMGReversi/Saved/Config/Windows/Scalability.ini]
[2023.03.03-01.57.48:914][  0]LogConfig: Setting CVar [[r.PostProcessAAQuality:4]]
[2023.03.03-01.57.48:914][  0]LogConfig: Applying CVar settings from Section [ShadowQuality@3] File [C:/Unreal Project/UMGReversi/Saved/Config/Windows/Scalability.ini]
[2023.03.03-01.57.48:914][  0]LogConfig: Setting CVar [[r.LightFunctionQuality:1]]
[2023.03.03-01.57.48:915][  0]LogConfig: Setting CVar [[r.ShadowQuality:5]]
[2023.03.03-01.57.48:915][  0]LogConfig: Setting CVar [[r.Shadow.CSM.MaxCascades:10]]
[2023.03.03-01.57.48:915][  0]LogConfig: Setting CVar [[r.Shadow.MaxResolution:2048]]
[2023.03.03-01.57.48:915][  0]LogConfig: Setting CVar [[r.Shadow.MaxCSMResolution:2048]]
[2023.03.03-01.57.48:915][  0]LogConfig: Setting CVar [[r.Shadow.RadiusThreshold:0.01]]
[2023.03.03-01.57.48:915][  0]LogConfig: Setting CVar [[r.Shadow.DistanceScale:1.0]]
[2023.03.03-01.57.48:915][  0]LogConfig: Setting CVar [[r.Shadow.CSM.TransitionScale:1.0]]
[2023.03.03-01.57.48:915][  0]LogConfig: Setting CVar [[r.Shadow.PreShadowResolutionFactor:1.0]]
[2023.03.03-01.57.48:915][  0]LogConfig: Setting CVar [[r.DistanceFieldShadowing:1]]
[2023.03.03-01.57.48:915][  0]LogConfig: Setting CVar [[r.DistanceFieldAO:1]]
[2023.03.03-01.57.48:915][  0]LogConfig: Setting CVar [[r.AOQuality:2]]
[2023.03.03-01.57.48:915][  0]LogConfig: Setting CVar [[r.VolumetricFog:1]]
[2023.03.03-01.57.48:915][  0]LogConfig: Setting CVar [[r.VolumetricFog.GridPixelSize:8]]
[2023.03.03-01.57.48:915][  0]LogConfig: Setting CVar [[r.VolumetricFog.GridSizeZ:128]]
[2023.03.03-01.57.48:915][  0]LogConfig: Setting CVar [[r.VolumetricFog.HistoryMissSupersampleCount:4]]
[2023.03.03-01.57.48:915][  0]LogConfig: Setting CVar [[r.LightMaxDrawDistanceScale:1]]
[2023.03.03-01.57.48:915][  0]LogConfig: Setting CVar [[r.CapsuleShadows:1]]
[2023.03.03-01.57.48:915][  0]LogConfig: Applying CVar settings from Section [PostProcessQuality@3] File [C:/Unreal Project/UMGReversi/Saved/Config/Windows/Scalability.ini]
[2023.03.03-01.57.48:915][  0]LogConfig: Setting CVar [[r.MotionBlurQuality:4]]
[2023.03.03-01.57.48:915][  0]LogConfig: Setting CVar [[r.AmbientOcclusionMipLevelFactor:0.4]]
[2023.03.03-01.57.48:915][  0]LogConfig: Setting CVar [[r.AmbientOcclusionMaxQuality:100]]
[2023.03.03-01.57.48:915][  0]LogConfig: Setting CVar [[r.AmbientOcclusionLevels:-1]]
[2023.03.03-01.57.48:915][  0]LogConfig: Setting CVar [[r.AmbientOcclusionRadiusScale:1.0]]
[2023.03.03-01.57.48:915][  0]LogConfig: Setting CVar [[r.DepthOfFieldQuality:2]]
[2023.03.03-01.57.48:915][  0]LogConfig: Setting CVar [[r.RenderTargetPoolMin:400]]
[2023.03.03-01.57.48:915][  0]LogConfig: Setting CVar [[r.LensFlareQuality:2]]
[2023.03.03-01.57.48:915][  0]LogConfig: Setting CVar [[r.SceneColorFringeQuality:1]]
[2023.03.03-01.57.48:915][  0]LogConfig: Setting CVar [[r.EyeAdaptationQuality:2]]
[2023.03.03-01.57.48:915][  0]LogConfig: Setting CVar [[r.BloomQuality:5]]
[2023.03.03-01.57.48:915][  0]LogConfig: Setting CVar [[r.FastBlurThreshold:100]]
[2023.03.03-01.57.48:915][  0]LogConfig: Setting CVar [[r.Upscale.Quality:3]]
[2023.03.03-01.57.48:915][  0]LogConfig: Setting CVar [[r.Tonemapper.GrainQuantization:1]]
[2023.03.03-01.57.48:915][  0]LogConfig: Setting CVar [[r.LightShaftQuality:1]]
[2023.03.03-01.57.48:915][  0]LogConfig: Setting CVar [[r.Filter.SizeScale:1]]
[2023.03.03-01.57.48:915][  0]LogConfig: Setting CVar [[r.Tonemapper.Quality:5]]
[2023.03.03-01.57.48:915][  0]LogConfig: Setting CVar [[r.DOF.Gather.AccumulatorQuality:1        ; higher gathering accumulator quality]]
[2023.03.03-01.57.48:915][  0]LogConfig: Setting CVar [[r.DOF.Gather.PostfilterMethod:1          ; Median3x3 postfilering method]]
[2023.03.03-01.57.48:915][  0]LogConfig: Setting CVar [[r.DOF.Gather.EnableBokehSettings:0       ; no bokeh simulation when gathering]]
[2023.03.03-01.57.48:915][  0]LogConfig: Setting CVar [[r.DOF.Gather.RingCount:4                 ; medium number of samples when gathering]]
[2023.03.03-01.57.48:915][  0]LogConfig: Setting CVar [[r.DOF.Scatter.ForegroundCompositing:1    ; additive foreground scattering]]
[2023.03.03-01.57.48:915][  0]LogConfig: Setting CVar [[r.DOF.Scatter.BackgroundCompositing:2    ; additive background scattering]]
[2023.03.03-01.57.48:915][  0]LogConfig: Setting CVar [[r.DOF.Scatter.EnableBokehSettings:1      ; bokeh simulation when scattering]]
[2023.03.03-01.57.48:915][  0]LogConfig: Setting CVar [[r.DOF.Scatter.MaxSpriteRatio:0.1         ; only a maximum of 10% of scattered bokeh]]
[2023.03.03-01.57.48:915][  0]LogConfig: Setting CVar [[r.DOF.Recombine.Quality:1                ; cheap slight out of focus]]
[2023.03.03-01.57.48:915][  0]LogConfig: Setting CVar [[r.DOF.Recombine.EnableBokehSettings:0    ; no bokeh simulation on slight out of focus]]
[2023.03.03-01.57.48:915][  0]LogConfig: Setting CVar [[r.DOF.TemporalAAQuality:1                ; more stable temporal accumulation]]
[2023.03.03-01.57.48:915][  0]LogConfig: Setting CVar [[r.DOF.Kernel.MaxForegroundRadius:0.025]]
[2023.03.03-01.57.48:915][  0]LogConfig: Setting CVar [[r.DOF.Kernel.MaxBackgroundRadius:0.025]]
[2023.03.03-01.57.48:915][  0]LogConfig: Applying CVar settings from Section [TextureQuality@3] File [C:/Unreal Project/UMGReversi/Saved/Config/Windows/Scalability.ini]
[2023.03.03-01.57.48:915][  0]LogConfig: Setting CVar [[r.Streaming.MipBias:0]]
[2023.03.03-01.57.48:915][  0]LogConfig: Setting CVar [[r.Streaming.AmortizeCPUToGPUCopy:0]]
[2023.03.03-01.57.48:915][  0]LogConfig: Setting CVar [[r.Streaming.MaxNumTexturesToStreamPerFrame:0]]
[2023.03.03-01.57.48:915][  0]LogConfig: Setting CVar [[r.Streaming.Boost:1]]
[2023.03.03-01.57.48:915][  0]LogConfig: Setting CVar [[r.MaxAnisotropy:8]]
[2023.03.03-01.57.48:915][  0]LogConfig: Setting CVar [[r.VT.MaxAnisotropy:8]]
[2023.03.03-01.57.48:915][  0]LogConfig: Setting CVar [[r.Streaming.LimitPoolSizeToVRAM:0]]
[2023.03.03-01.57.48:915][  0]LogConfig: Setting CVar [[r.Streaming.PoolSize:1000]]
[2023.03.03-01.57.48:915][  0]LogConfig: Setting CVar [[r.Streaming.MaxEffectiveScreenSize:0]]
[2023.03.03-01.57.48:915][  0]LogConfig: Applying CVar settings from Section [EffectsQuality@3] File [C:/Unreal Project/UMGReversi/Saved/Config/Windows/Scalability.ini]
[2023.03.03-01.57.48:915][  0]LogConfig: Setting CVar [[r.TranslucencyLightingVolumeDim:64]]
[2023.03.03-01.57.48:915][  0]LogConfig: Setting CVar [[r.RefractionQuality:2]]
[2023.03.03-01.57.48:915][  0]LogConfig: Setting CVar [[r.SSR.Quality:3]]
[2023.03.03-01.57.48:915][  0]LogConfig: Setting CVar [[r.SSR.HalfResSceneColor:0]]
[2023.03.03-01.57.48:915][  0]LogConfig: Setting CVar [[r.SceneColorFormat:4]]
[2023.03.03-01.57.48:915][  0]LogConfig: Setting CVar [[r.DetailMode:2]]
[2023.03.03-01.57.48:915][  0]LogConfig: Setting CVar [[r.TranslucencyVolumeBlur:1]]
[2023.03.03-01.57.48:915][  0]LogConfig: Setting CVar [[r.MaterialQualityLevel:1 ; High quality]]
[2023.03.03-01.57.48:915][  0]LogConfig: Setting CVar [[r.AnisotropicMaterials:1]]
[2023.03.03-01.57.48:915][  0]LogConfig: Setting CVar [[r.SSS.Scale:1]]
[2023.03.03-01.57.48:915][  0]LogConfig: Setting CVar [[r.SSS.SampleSet:2]]
[2023.03.03-01.57.48:915][  0]LogConfig: Setting CVar [[r.SSS.Quality:1]]
[2023.03.03-01.57.48:915][  0]LogConfig: Setting CVar [[r.SSS.HalfRes:0]]
[2023.03.03-01.57.48:915][  0]LogConfig: Setting CVar [[r.SSGI.Quality:3]]
[2023.03.03-01.57.48:915][  0]LogConfig: Setting CVar [[r.EmitterSpawnRateScale:1.0]]
[2023.03.03-01.57.48:915][  0]LogConfig: Setting CVar [[r.ParticleLightQuality:2]]
[2023.03.03-01.57.48:915][  0]LogConfig: Setting CVar [[r.SkyAtmosphere.AerialPerspectiveLUT.FastApplyOnOpaque:1 ; Always have FastSkyLUT 1 in this case to avoid wrong sky]]
[2023.03.03-01.57.48:915][  0]LogConfig: Setting CVar [[r.SkyAtmosphere.AerialPerspectiveLUT.SampleCountMaxPerSlice:4]]
[2023.03.03-01.57.48:915][  0]LogConfig: Setting CVar [[r.SkyAtmosphere.AerialPerspectiveLUT.DepthResolution:16.0]]
[2023.03.03-01.57.48:915][  0]LogConfig: Setting CVar [[r.SkyAtmosphere.FastSkyLUT:1]]
[2023.03.03-01.57.48:915][  0]LogConfig: Setting CVar [[r.SkyAtmosphere.FastSkyLUT.SampleCountMin:4.0]]
[2023.03.03-01.57.48:915][  0]LogConfig: Setting CVar [[r.SkyAtmosphere.FastSkyLUT.SampleCountMax:128.0]]
[2023.03.03-01.57.48:915][  0]LogConfig: Setting CVar [[r.SkyAtmosphere.SampleCountMin:4.0]]
[2023.03.03-01.57.48:915][  0]LogConfig: Setting CVar [[r.SkyAtmosphere.SampleCountMax:128.0]]
[2023.03.03-01.57.48:915][  0]LogConfig: Setting CVar [[r.SkyAtmosphere.TransmittanceLUT.UseSmallFormat:0]]
[2023.03.03-01.57.48:915][  0]LogConfig: Setting CVar [[r.SkyAtmosphere.TransmittanceLUT.SampleCount:10.0]]
[2023.03.03-01.57.48:915][  0]LogConfig: Setting CVar [[r.SkyAtmosphere.MultiScatteringLUT.SampleCount:15.0]]
[2023.03.03-01.57.48:915][  0]LogConfig: Setting CVar [[r.SkyLight.RealTimeReflectionCapture:1]]
[2023.03.03-01.57.48:915][  0]LogConfig: Applying CVar settings from Section [FoliageQuality@3] File [C:/Unreal Project/UMGReversi/Saved/Config/Windows/Scalability.ini]
[2023.03.03-01.57.48:915][  0]LogConfig: Setting CVar [[foliage.DensityScale:1.0]]
[2023.03.03-01.57.48:915][  0]LogConfig: Setting CVar [[grass.DensityScale:1.0]]
[2023.03.03-01.57.48:915][  0]LogConfig: Applying CVar settings from Section [ShadingQuality@3] File [C:/Unreal Project/UMGReversi/Saved/Config/Windows/Scalability.ini]
[2023.03.03-01.57.48:915][  0]LogConfig: Setting CVar [[r.HairStrands.SkyLighting.IntegrationType:2]]
[2023.03.03-01.57.48:915][  0]LogConfig: Setting CVar [[r.HairStrands.SkyAO.SampleCount:4]]
[2023.03.03-01.57.48:915][  0]LogConfig: Setting CVar [[r.HairStrands.Visibility.MSAA.SamplePerPixel:4]]
[2023.03.03-01.57.48:915][  0]LogConfig: Applying CVar settings from Section [Startup] File [../../../Engine/Config/ConsoleVariables.ini]
[2023.03.03-01.57.48:916][  0]LogConfig: Setting CVar [[net.UseAdaptiveNetUpdateFrequency:0]]
[2023.03.03-01.57.48:916][  0]LogConfig: Setting CVar [[p.chaos.AllowCreatePhysxBodies:1]]
[2023.03.03-01.57.48:916][  0]LogConfig: Setting CVar [[fx.SkipVectorVMBackendOptimizations:1]]
[2023.03.03-01.57.48:916][  0]LogConfig: Applying CVar settings from Section [ConsoleVariables] File [C:/Unreal Project/UMGReversi/Saved/Config/Windows/Engine.ini]
[2023.03.03-01.57.48:916][  0]LogConfig: Applying CVar settings from Section [ConsoleVariables] File [C:/Unreal Project/UMGReversi/Saved/Config/Windows/Editor.ini]
[2023.03.03-01.57.48:916][  0]LogInit: Computer: ACT-DES23003
[2023.03.03-01.57.48:916][  0]LogInit: User: Admn
[2023.03.03-01.57.48:916][  0]LogInit: CPU Page size=4096, Cores=8
[2023.03.03-01.57.48:916][  0]LogInit: High frequency timer resolution =10.000000 MHz
[2023.03.03-01.57.48:916][  0]LogMemory: Memory total: Physical=31.1GB (32GB approx)
[2023.03.03-01.57.48:916][  0]LogMemory: Platform Memory Stats for Windows
[2023.03.03-01.57.48:916][  0]LogMemory: Process Physical Memory: 136.25 MB used, 136.25 MB peak
[2023.03.03-01.57.48:916][  0]LogMemory: Process Virtual Memory: 109.84 MB used, 109.84 MB peak
[2023.03.03-01.57.48:916][  0]LogMemory: Physical Memory: 10785.26 MB used,  21109.63 MB free, 31894.89 MB total
[2023.03.03-01.57.48:916][  0]LogMemory: Virtual Memory: 134191520.00 MB used,  26206.77 MB free, 134217728.00 MB total
[2023.03.03-01.57.48:919][  0]LogWindows: WindowsPlatformFeatures enabled
[2023.03.03-01.57.48:946][  0]LogInit: Physics initialised using underlying interface: PhysX
[2023.03.03-01.57.48:946][  0]LogInit: Using OS detected language (en-US).
[2023.03.03-01.57.48:946][  0]LogInit: Using OS detected locale (en-US).
[2023.03.03-01.57.48:948][  0]LogTextLocalizationManager: No specific localization for 'en-US' exists, so the 'en' localization will be used.
[2023.03.03-01.57.49:300][  0]LogTargetPlatformManager: Display: Loaded TargetPlatform 'AllDesktop'
[2023.03.03-01.57.49:313][  0]LogTargetPlatformManager: Display: Loaded TargetPlatform 'Android'
[2023.03.03-01.57.49:313][  0]LogTargetPlatformManager: Display: Loaded TargetPlatform 'Android_ASTC'
[2023.03.03-01.57.49:313][  0]LogTargetPlatformManager: Display: Loaded TargetPlatform 'Android_DXT'
[2023.03.03-01.57.49:313][  0]LogTargetPlatformManager: Display: Loaded TargetPlatform 'Android_ETC2'
[2023.03.03-01.57.49:313][  0]LogTargetPlatformManager: Display: Loaded TargetPlatform 'AndroidClient'
[2023.03.03-01.57.49:313][  0]LogTargetPlatformManager: Display: Loaded TargetPlatform 'Android_ASTCClient'
[2023.03.03-01.57.49:313][  0]LogTargetPlatformManager: Display: Loaded TargetPlatform 'Android_DXTClient'
[2023.03.03-01.57.49:313][  0]LogTargetPlatformManager: Display: Loaded TargetPlatform 'Android_ETC2Client'
[2023.03.03-01.57.49:313][  0]LogTargetPlatformManager: Display: Loaded TargetPlatform 'Android_Multi'
[2023.03.03-01.57.49:313][  0]LogTargetPlatformManager: Display: Loaded TargetPlatform 'Android_MultiClient'
[2023.03.03-01.57.49:323][  0]LogTargetPlatformManager: Display: Loaded TargetPlatform 'IOSClient'
[2023.03.03-01.57.49:323][  0]LogTargetPlatformManager: Display: Loaded TargetPlatform 'IOS'
[2023.03.03-01.57.49:339][  0]LogTargetPlatformManager: Display: Loaded TargetPlatform 'Lumin'
[2023.03.03-01.57.49:339][  0]LogTargetPlatformManager: Display: Loaded TargetPlatform 'LuminClient'
[2023.03.03-01.57.49:344][  0]LogTargetPlatformManager: Display: Loaded TargetPlatform 'MacNoEditor'
[2023.03.03-01.57.49:347][  0]LogTargetPlatformManager: Display: Loaded TargetPlatform 'Mac'
[2023.03.03-01.57.49:349][  0]LogTargetPlatformManager: Display: Loaded TargetPlatform 'MacClient'
[2023.03.03-01.57.49:352][  0]LogTargetPlatformManager: Display: Loaded TargetPlatform 'MacServer'
[2023.03.03-01.57.49:358][  0]LogTargetPlatformManager: Display: Loaded TargetPlatform 'TVOSClient'
[2023.03.03-01.57.49:358][  0]LogTargetPlatformManager: Display: Loaded TargetPlatform 'TVOS'
[2023.03.03-01.57.49:363][  0]LogTargetPlatformManager: Display: Loaded TargetPlatform 'WindowsNoEditor'
[2023.03.03-01.57.49:366][  0]LogTargetPlatformManager: Display: Loaded TargetPlatform 'Windows'
[2023.03.03-01.57.49:370][  0]LogTargetPlatformManager: Display: Loaded TargetPlatform 'WindowsClient'
[2023.03.03-01.57.49:373][  0]LogTargetPlatformManager: Display: Loaded TargetPlatform 'WindowsServer'
[2023.03.03-01.57.49:373][  0]LogTargetPlatformManager: Display: Building Assets For Windows
[2023.03.03-01.57.49:377][  0]LogAudioDebug: Display: Lib vorbis DLL was dynamically loaded.
[2023.03.03-01.57.49:398][  0]LogTextureFormatOodle: Display: Oodle Texture 2.9.0 init RDO Off
[2023.03.03-01.57.49:417][  0]LogRendererCore: Ray tracing is disabled. Reason: r.RayTracing=0.
[2023.03.03-01.57.49:418][  0]LogDerivedDataCache: Display: Max Cache Size: 512 MB
[2023.03.03-01.57.49:450][  0]LogDerivedDataCache: Loaded boot cache 0.03s 94MB ../../../../Unreal Project/UMGReversi/DerivedDataCache/Boot.ddc.
[2023.03.03-01.57.49:450][  0]LogDerivedDataCache: Display: Loaded Boot cache: ../../../../Unreal Project/UMGReversi/DerivedDataCache/Boot.ddc
[2023.03.03-01.57.49:451][  0]LogDerivedDataCache: FDerivedDataBackendGraph:  Pak pak cache file ../../../../Unreal Project/UMGReversi/DerivedDataCache/DDC.ddp not found, will not use a pak cache.
[2023.03.03-01.57.49:451][  0]LogDerivedDataCache: Unable to find inner node Pak for hierarchical cache Hierarchy.
[2023.03.03-01.57.49:454][  0]LogDerivedDataCache: Speed tests for ../../../Engine/DerivedDataCache took 0.00 seconds
[2023.03.03-01.57.49:455][  0]LogDerivedDataCache: Display: Performance to ../../../Engine/DerivedDataCache: Latency=0.02ms. RandomReadSpeed=2552.68MBs, RandomWriteSpeed=283.55MBs. Assigned SpeedClass 'Local'
[2023.03.03-01.57.49:455][  0]LogDerivedDataCache: Using Local data cache path ../../../Engine/DerivedDataCache: Writable
[2023.03.03-01.57.49:460][  0]LogAssetRegistry: FAssetRegistry took 0.0014 seconds to start up
[2023.03.03-01.57.49:594][  0]LogInit: Selected Device Profile: [Windows]
[2023.03.03-01.57.49:594][  0]LogInit: Active device profile: [000002689DEBD500][00000268997C2A00 49] Windows
[2023.03.03-01.57.49:594][  0]LogInit: Profiles: [000002689DEBD500][00000268997C2A00 49] Windows, [000002689DEBC100][000002689E510B80 49] WindowsNoEditor, [000002689DE5BE00][000002689E514D00 49] WindowsServer, [000002689DE4E200][000002689E518E80 49] WindowsClient, [000002689DE58300][000002689E51D000 49] IOS, [000002689DE4C500][000002689E521180 49] iPadAir, [000002689DE59E00][000002689E525300 49] iPadAir2, [000002689DE08800][000002689E5335C0 49] IPadPro, [000002689DE08900][000002689E529600 49] iPadAir3, [000002689DE5BC00][000002689E53D780 49] iPadAir4, [000002689DE08700][000002689E541900 49] iPadMini2, [000002689DE58700][000002689E545A80 49] iPadMini3, [000002689DE09500][000002689E549C00 49] iPadMini4, [000002689DE59300][000002689E54C200 49] iPadMini5, [000002689DE4D300][000002689E5544C0 49] iPhone6, [000002689DDEFF00][000002689E550500 49] iPodTouch6, [000002689DE4C200][000002689E55C7C0 49] iPhone7, [000002689DE4CE00][000002689E558800 49] iPodTouch7, [000002689DDEC800][00000268997CC940 49] iPhone5S, [000002689DE4D200][000002689E560A80 49] iPhone6Plus, [000002689DDEF200][000002689E564BC0 49] iPhone6S, [000002689DE4CC00][000002689E56CD40 49] iPhone6SPlus, [000002689DDED000][000002689E570EC0 49] iPhone7Plus, [000002689DE4D400][000002689E575040 49] iPhoneSE, [000002689DDEEA00][000002689E5791C0 49] iPhone8, [000002689DE4E900][000002689E57D340 49] iPhone8Plus, [000002689DDED800][000002689E5814C0 49] iPhoneX, [000002689DE4FD00][000002689E585640 49] iPhoneXS, [000002689DDEE200][000002689E5897C0 49] iPhoneXSMax, [000002689DE4D900][000002689E58D940 49] iPhoneXR, [000002689DDEF600][000002689E591AC0 49] iPhone11, [000002689DE4EC00][000002689E5940C0 49] iPhone11Pro, [000002689DDEFD00][000002689E598240 49] iPhone11ProMax, [000002689DE4E000][000002689E59C3C0 49] iPhoneSE2, [000002689DDEC500][000002689E5A0540 49] iPhone12Mini, [000002689DE4CA00][000002689E5A46C0 49] iPhone12, [000002689DDEDD00][000002689E5A8840 49] iPhone12Pro, [000002689DE4D600][000002689E5AC9C0 49] iPhone12ProMax, [000002689DDEEB00][000002689E568B00 49] iPadPro105, [000002689DE4C100][000002689E5B0C40 49] iPadPro129, [000002689DDEF300][000002689E5B4D80 49] iPadPro97, [000002689DE4F000][000002689E5BCF00 49] iPadPro2_129, [000002689DDEE700][000002689E5C1080 49] iPad5, [000002689DE4D800][000002689E5C5200 49] iPad6, [000002689DDEDA00][000002689E5C9380 49] iPad7, [000002689DE4E100][000002689E5CD500 49] iPad8, [000002689DDED300][000002689E5D1680 49] iPadPro11, [000002689DE4F300][000002689E5D5800 49] iPadPro2_11, [000002689DDEE300][000002689E5D9980 49] iPadPro3_129, [000002689DE4F500][000002689E5DDB00 49] iPadPro4_129, [000002689DDEC100][000002689E5E0100 49] AppleTV, [000002689DE4F100][000002689E5E4280 49] AppleTV4K, [000002689DDED400][000002689E5E8400 49] TVOS, [000002689DE4D000][000002689E5EC580 49] Mac, [000002689DDEFA00][000002689E5F0700 49] MacClient, [000002689DE4E700][000002689E5F4880 49] MacNoEditor, [000002689DDEEC00][000002689E5F8A00 49] MacServer, [000002689DE4FA00][000002689E5FCB80 49] Linux, [000002689DDEC600][000002689E5B8CC0 49] LinuxAArch64, [000002689DE4E600][000002689E600E00 49] LinuxNoEditor, [000002689DDECA00][000002689E604F40 49] LinuxAArch64NoEditor, [000002689DE4E400][000002689E60D0C0 49] LinuxClient, [000002689DDEE600][000002689E611240 49] LinuxAArch64Client, [000002689DE4CB00][000002689E6153C0 49] LinuxServer, [000002689DDEC900][000002689E619540 49] LinuxAArch64Server, [000002689DE4E300][000002689E61D6C0 49] Android, [000002689DDEF100][000002689E621840 49] Android_Low, [000002689DE4ED00][000002689E6259C0 49] Android_Mid, [000002689DE58D00][000002689E629B40 49] Android_High, [000002689DEBC700][000002689E62C140 49] Android_Default, [000002689DE5AF00][000002689E6302C0 49] Android_Adreno4xx, [000002689DEBD300][000002689E634440 49] Android_Adreno5xx_Low, [000002689DE5AE00][000002689E6385C0 49] Android_Adreno5xx, [000002689DEBEA00][000002689E63C740 49] Android_Adreno6xx, [000002689DE58100][000002689E6408C0 49] Android_Adreno6xx_Vulkan, [000002689DEBE800][000002689E644A40 49] Android_Mali_T6xx, [000002689DE59600][000002689E648BC0 49] Android_Mali_T7xx, [000002689DEBEB00][000002689E64CD40 49] Android_Mali_T8xx, [000002689DE5AB00][000002689E608E80 49] Android_Mali_G71, [000002689DEBD900][000002689E650FC0 49] Android_Mali_G72, [000002689DE58C00][000002689E655100 49] Android_Mali_G72_Vulkan, [000002689DEBC900][000002689E659240 49] Android_Mali_G76, [000002689DE5A300][000002689E6613C0 49] Android_Mali_G76_Vulkan, [000002689DEBE500][000002689E665540 49] Android_Mali_G77, [000002689DE58A00][000002689E6696C0 49] Android_Mali_G77_Vulkan, [000002689DEBEE00][000002689E66D840 49] Android_Mali_G78, [000002689DE5BA00][000002689E6719C0 49] Android_Mali_G78_Vulkan, [000002689DEBD200][000002689E675B40 49] Android_Mali_G710, [000002689DE5A000][000002689E678140 49] Android_Mali_G710_Vulkan, [000002689DEBE200][000002689E67C2C0 49] Android_Vulkan_SM5, [000002689DE5BD00][000002689E680440 49] Android_PowerVR_G6xxx, [000002689DEBC400][000002689E6845C0 49] Android_PowerVR_GT7xxx, [000002689DE59C00][000002689E688740 49] Android_PowerVR_GE8xxx, [000002689DEBC300][000002689E68C8C0 49] Android_PowerVR_GM9xxx, [000002689DE4E500][000002689E690A40 49] Android_PowerVR_GM9xxx_Vulkan, [000002689DEBC800][000002689E694BC0 49] Android_TegraK1, [000002689DE4DE00][000002689E698D40 49] Android_Unknown_Vulkan, [000002689DEBCA00][000002689E69CEC0 49] Lumin, [000002689DE4F900][000002689E65D000 49] Lumin_Desktop, [000002689DEBE900][000002689E6A1140 49] HoloLens, 
[2023.03.03-01.57.49:602][  0]LogMeshReduction: Using QuadricMeshReduction for automatic static mesh reduction
[2023.03.03-01.57.49:602][  0]LogMeshReduction: Using SimplygonMeshReduction for automatic skeletal mesh reduction
[2023.03.03-01.57.49:602][  0]LogMeshReduction: Using ProxyLODMeshReduction for automatic mesh merging
[2023.03.03-01.57.49:602][  0]LogMeshReduction: No distributed automatic mesh merging module available
[2023.03.03-01.57.49:602][  0]LogMeshMerging: No distributed automatic mesh merging module available
[2023.03.03-01.57.49:605][  0]LogNetVersion: UMGReversi 1.0.0, NetCL: 0, EngineNetVer: 17, GameNetVer: 0 (Checksum: 4183442742)
[2023.03.03-01.57.49:796][  0]LogHMD: PokeAHoleMaterial loaded successfully
[2023.03.03-01.57.50:196][  0]LogCollectionManager: Loaded 0 collections in 0.001613 seconds
[2023.03.03-01.57.50:197][  0]LogFileCache: Scanning file cache for directory 'C:/Unreal Project/UMGReversi/Saved/Collections/' took 0.00s
[2023.03.03-01.57.50:197][  0]LogFileCache: Scanning file cache for directory 'C:/Unreal Project/UMGReversi/Content/Developers/Admn/Collections/' took 0.00s
[2023.03.03-01.57.50:197][  0]LogFileCache: Scanning file cache for directory 'C:/Unreal Project/UMGReversi/Content/Collections/' took 0.00s
[2023.03.03-01.57.50:197][  0]LogCollectionManager: Fixed up redirectors for 0 collections in 0.000001 seconds (updated 0 objects)
[2023.03.03-01.57.50:486][  0]LogNiagaraDebuggerClient: Niagara Debugger Client Initialized | Session: 986FA95A4C32D9D50D87C5814970FB65 | Instance: 924642E0499DE89AF852A5BBA549B007 (ACT-DES23003-1432).
[2023.03.03-01.57.50:837][  0]LogPython: Using Python 3.7.7
[2023.03.03-01.57.51:571][  0]SourceControl: Source control is disabled
[2023.03.03-01.57.51:571][  0]SourceControl: Source control is disabled
[2023.03.03-01.57.51:591][  0]SourceControl: Source control is disabled
[2023.03.03-01.57.51:605][  0]SourceControl: Source control is disabled
[2023.03.03-01.57.51:619][  0]SourceControl: Source control is disabled
[2023.03.03-01.57.51:644][  0]LogUProjectInfo: Found projects:
[2023.03.03-01.57.52:020][  0]LogOpenImageDenoise: OIDN starting up
[2023.03.03-01.57.52:083][  0]LogAndroidPermission: UAndroidPermissionCallbackProxy::GetInstance
[2023.03.03-01.57.52:126][  0]LogAudioCaptureCore: Display: No Audio Capture implementations found. Audio input will be silent.
[2023.03.03-01.57.52:126][  0]LogAudioCaptureCore: Display: No Audio Capture implementations found. Audio input will be silent.
[2023.03.03-01.57.52:553][  0]LogOcInput: OculusInput pre-init called
[2023.03.03-01.57.52:654][  0]LogUObjectArray: 23048 objects as part of root set at end of initial load.
[2023.03.03-01.57.52:654][  0]LogUObjectAllocator: 6354304 out of 0 bytes used by permanent object pool.
[2023.03.03-01.57.52:654][  0]LogUObjectArray: CloseDisregardForGC: 0/0 objects in disregard for GC pool
[2023.03.03-01.57.52:657][  0]LogInit: Error: VisualStudioToolsCommandlet looked like a commandlet, but we could not find the class.
[2023.03.03-01.57.52:657][  0]LogCore: Engine exit requested (reason: Failed to find commandlet class VisualStudioToolsCommandlet)
[2023.03.03-01.57.52:657][  0]LogCore: Engine exit requested (reason: EngineExit() was called; note: exit was already requested)
[2023.03.03-01.57.52:658][  0]LogExit: Preparing to exit.
[2023.03.03-01.57.52:680][  0]LogUObjectHash: Compacting FUObjectHashTables data took   0.58ms
[2023.03.03-01.57.52:725][  0]LogDemo: Cleaned up 0 splitscreen connections with owner deletion
[2023.03.03-01.57.52:792][  0]LogExit: Object subsystem successfully closed.
[2023.03.03-01.57.52:823][  0]LogModuleManager: Shutting down and abandoning module AudioSynesthesiaEditor (580)
[2023.03.03-01.57.52:823][  0]LogModuleManager: Shutting down and abandoning module OculusEditor (578)
[2023.03.03-01.57.52:823][  0]LogModuleManager: Shutting down and abandoning module OculusInput (576)
[2023.03.03-01.57.52:823][  0]LogModuleManager: Shutting down and abandoning module ContentBrowserClassDataSource (574)
[2023.03.03-01.57.52:823][  0]LogModuleManager: Shutting down and abandoning module ContentBrowserFileDataSource (572)
[2023.03.03-01.57.52:823][  0]LogModuleManager: Shutting down and abandoning module ContentBrowserAssetDataSource (570)
[2023.03.03-01.57.52:823][  0]LogModuleManager: Shutting down and abandoning module ToolMenus (569)
[2023.03.03-01.57.52:823][  0]LogModuleManager: Shutting down and abandoning module OodleNetworkHandlerComponent (566)
[2023.03.03-01.57.52:823][  0]LogModuleManager: Shutting down and abandoning module AppleImageUtilsBlueprintSupport (564)
[2023.03.03-01.57.52:823][  0]LogModuleManager: Shutting down and abandoning module AppleImageUtils (562)
[2023.03.03-01.57.52:823][  0]LogModuleManager: Shutting down and abandoning module LightPropagationVolumeEditor (560)
[2023.03.03-01.57.52:823][  0]LogModuleManager: Shutting down and abandoning module TakeSequencer (558)
[2023.03.03-01.57.52:823][  0]LogModuleManager: Shutting down and abandoning module TakeMovieScene (556)
[2023.03.03-01.57.52:823][  0]LogModuleManager: Shutting down and abandoning module ScreenshotTools (554)
[2023.03.03-01.57.52:823][  0]LogModuleManager: Shutting down and abandoning module SynthesisEditor (552)
[2023.03.03-01.57.52:823][  0]LogModuleManager: Shutting down and abandoning module Synthesis (550)
[2023.03.03-01.57.52:823][  0]LogModuleManager: Shutting down and abandoning module ProceduralMeshComponentEditor (548)
[2023.03.03-01.57.52:823][  0]LogModuleManager: Shutting down and abandoning module ProceduralMeshComponent (546)
[2023.03.03-01.57.52:823][  0]LogModuleManager: Shutting down and abandoning module OpenXREditor (544)
[2023.03.03-01.57.52:823][  0]LogModuleManager: Shutting down and abandoning module MobilePatchingUtils (542)
[2023.03.03-01.57.52:823][  0]LogModuleManager: Shutting down and abandoning module GooglePAD (540)
[2023.03.03-01.57.52:823][  0]LogModuleManager: Shutting down and abandoning module EditableMesh (538)
[2023.03.03-01.57.52:823][  0]LogModuleManager: Shutting down and abandoning module CustomMeshComponent (536)
[2023.03.03-01.57.52:823][  0]LogModuleManager: Shutting down and abandoning module CableComponent (534)
[2023.03.03-01.57.52:823][  0]LogModuleManager: Shutting down and abandoning module AudioCapture (532)
[2023.03.03-01.57.52:823][  0]LogModuleManager: Shutting down and abandoning module AudioCaptureRtAudio (531)
[2023.03.03-01.57.52:823][  0]LogModuleManager: Shutting down and abandoning module AssetTags (528)
[2023.03.03-01.57.52:823][  0]LogModuleManager: Shutting down and abandoning module ArchVisCharacter (526)
[2023.03.03-01.57.52:823][  0]LogModuleManager: Shutting down and abandoning module AndroidPermission (524)
[2023.03.03-01.57.52:824][  0]LogModuleManager: Shutting down and abandoning module ActorLayerUtilitiesEditor (522)
[2023.03.03-01.57.52:824][  0]LogModuleManager: Shutting down and abandoning module ActorLayerUtilities (520)
[2023.03.03-01.57.52:824][  0]LogModuleManager: Shutting down and abandoning module LiveLinkSequencer (518)
[2023.03.03-01.57.52:824][  0]LogModuleManager: Shutting down and abandoning module LiveLinkMovieScene (516)
[2023.03.03-01.57.52:824][  0]LogModuleManager: Shutting down and abandoning module LiveLinkGraphNode (514)
[2023.03.03-01.57.52:824][  0]LogModuleManager: Shutting down and abandoning module LiveLinkEditor (512)
[2023.03.03-01.57.52:824][  0]LogModuleManager: Shutting down and abandoning module LiveLinkComponents (510)
[2023.03.03-01.57.52:824][  0]LogModuleManager: Shutting down and abandoning module LiveLink (508)
[2023.03.03-01.57.53:022][  0]LogModuleManager: Shutting down and abandoning module OpenImageDenoise (506)
[2023.03.03-01.57.53:022][  0]LogOpenImageDenoise: OIDN shutting down
[2023.03.03-01.57.53:022][  0]LogModuleManager: Shutting down and abandoning module MotoSynthEditor (504)
[2023.03.03-01.57.53:022][  0]LogModuleManager: Shutting down and abandoning module MotoSynth (502)
[2023.03.03-01.57.53:022][  0]LogModuleManager: Shutting down and abandoning module MeshConversion (500)
[2023.03.03-01.57.53:023][  0]LogModuleManager: Shutting down and abandoning module DynamicMesh (498)
[2023.03.03-01.57.53:023][  0]LogModuleManager: Shutting down and abandoning module GeometryAlgorithms (496)
[2023.03.03-01.57.53:023][  0]LogModuleManager: Shutting down and abandoning module GeometricObjects (494)
[2023.03.03-01.57.53:024][  0]LogModuleManager: Shutting down and abandoning module GeometryCollectionTracks (492)
[2023.03.03-01.57.53:024][  0]LogModuleManager: Shutting down and abandoning module GeometryCollectionSequencer (491)
[2023.03.03-01.57.53:024][  0]LogModuleManager: Shutting down and abandoning module GeometryCollectionEditor (488)
[2023.03.03-01.57.53:024][  0]LogModuleManager: Shutting down and abandoning module GeometryCacheTracks (486)
[2023.03.03-01.57.53:024][  0]LogModuleManager: Shutting down and abandoning module GeometryCacheStreamer (484)
[2023.03.03-01.57.53:024][  0]LogModuleManager: Shutting down and abandoning module GeometryCacheSequencer (482)
[2023.03.03-01.57.53:024][  0]LogModuleManager: Shutting down and abandoning module TemplateSequence (480)
[2023.03.03-01.57.53:024][  0]LogModuleManager: Shutting down and abandoning module ChaosSolverEditor (478)
[2023.03.03-01.57.53:024][  0]LogModuleManager: Shutting down and abandoning module FractureEditor (476)
[2023.03.03-01.57.53:024][  0]LogModuleManager: Shutting down and abandoning module ChaosClothEditor (474)
[2023.03.03-01.57.53:024][  0]LogModuleManager: Shutting down and abandoning module ChaosNiagara (472)
[2023.03.03-01.57.53:024][  0]LogModuleManager: Shutting down and abandoning module FieldSystemEngine (471)
[2023.03.03-01.57.53:024][  0]LogModuleManager: Shutting down and abandoning module AutomationUtilsEditor (468)
[2023.03.03-01.57.53:024][  0]LogModuleManager: Shutting down and abandoning module AutomationUtils (466)
[2023.03.03-01.57.53:024][  0]LogModuleManager: Shutting down and abandoning module AlembicImporter (464)
[2023.03.03-01.57.53:024][  0]LogModuleManager: Shutting down and abandoning module AlembicLibrary (463)
[2023.03.03-01.57.53:024][  0]LogModuleManager: Shutting down and abandoning module GeometryCache (462)
[2023.03.03-01.57.53:024][  0]LogModuleManager: Shutting down and abandoning module GeometryCacheEd (461)
[2023.03.03-01.57.53:024][  0]LogModuleManager: Shutting down and abandoning module MediaCompositing (456)
[2023.03.03-01.57.53:024][  0]LogModuleManager: Shutting down and abandoning module MagicLeapSharedWorld (454)
[2023.03.03-01.57.53:024][  0]LogModuleManager: Shutting down and abandoning module MagicLeapLightEstimation (452)
[2023.03.03-01.57.53:024][  0]LogModuleManager: Shutting down and abandoning module MagicLeapHelperVulkan (450)
[2023.03.03-01.57.53:024][  0]LogModuleManager: Shutting down and abandoning module MagicLeapHelperOpenGL (448)
[2023.03.03-01.57.53:024][  0]LogModuleManager: Shutting down and abandoning module MagicLeapAudio (446)
[2023.03.03-01.57.53:024][  0]LogModuleManager: Shutting down and abandoning module NiagaraEditorWidgets (444)
[2023.03.03-01.57.53:025][  0]LogModuleManager: Shutting down and abandoning module VariantManagerContentEditor (442)
[2023.03.03-01.57.53:025][  0]LogModuleManager: Shutting down and abandoning module DatasmithContentEditor (440)
[2023.03.03-01.57.53:025][  0]LogModuleManager: Shutting down and abandoning module VisualStudioCodeSourceCodeAccess (438)
[2023.03.03-01.57.53:025][  0]LogModuleManager: Shutting down and abandoning module VisualStudioSourceCodeAccess (436)
[2023.03.03-01.57.53:025][  0]LogModuleManager: Shutting down and abandoning module UObjectPlugin (434)
[2023.03.03-01.57.53:025][  0]LogModuleManager: Shutting down and abandoning module SubversionSourceControl (432)
[2023.03.03-01.57.53:025][  0]LogModuleManager: Shutting down and abandoning module PluginUtils (430)
[2023.03.03-01.57.53:025][  0]LogModuleManager: Shutting down and abandoning module PlasticSourceControl (428)
[2023.03.03-01.57.53:025][  0]LogModuleManager: Shutting down and abandoning module PerforceSourceControl (426)
[2023.03.03-01.57.53:025][  0]LogModuleManager: Shutting down and abandoning module GitSourceControl (424)
[2023.03.03-01.57.53:025][  0]LogModuleManager: Shutting down and abandoning module SourceControl (423)
[2023.03.03-01.57.53:025][  0]LogModuleManager: Shutting down and abandoning module CLionSourceCodeAccess (420)
[2023.03.03-01.57.53:025][  0]LogModuleManager: Shutting down and abandoning module AnimationSharingEd (418)
[2023.03.03-01.57.53:025][  0]LogModuleManager: Shutting down and abandoning module SpeedTreeImporter (416)
[2023.03.03-01.57.53:025][  0]LogModuleManager: Shutting down and abandoning module PluginBrowser (414)
[2023.03.03-01.57.53:026][  0]LogModuleManager: Shutting down and abandoning module MobileLauncherProfileWizard (412)
[2023.03.03-01.57.53:026][  0]LogModuleManager: Shutting down and abandoning module MaterialAnalyzer (410)
[2023.03.03-01.57.53:026][  0]LogModuleManager: Shutting down and abandoning module CurveEditorTools (408)
[2023.03.03-01.57.53:026][  0]LogModuleManager: Shutting down and abandoning module CryptoKeysOpenSSL (406)
[2023.03.03-01.57.53:026][  0]LogModuleManager: Shutting down and abandoning module CryptoKeys (404)
[2023.03.03-01.57.53:026][  0]LogModuleManager: Shutting down and abandoning module PaperTiledImporter (402)
[2023.03.03-01.57.53:026][  0]LogModuleManager: Shutting down and abandoning module PaperSpriteSheetImporter (400)
[2023.03.03-01.57.53:026][  0]LogModuleManager: Shutting down and abandoning module Paper2DEditor (398)
[2023.03.03-01.57.53:026][  0]LogModuleManager: Shutting down and abandoning module MeshPaintingToolset (396)
[2023.03.03-01.57.53:026][  0]LogModuleManager: Shutting down and abandoning module MeshPaintEditorMode (394)
[2023.03.03-01.57.53:026][  0]LogModuleManager: Shutting down and abandoning module UMGReversi (392)
[2023.03.03-01.57.53:026][  0]LogModuleManager: Shutting down and abandoning module LightPropagationVolumeRuntime (390)
[2023.03.03-01.57.53:026][  0]LogModuleManager: Shutting down and abandoning module GameplayCameras (388)
[2023.03.03-01.57.53:026][  0]LogModuleManager: Shutting down and abandoning module SoundFields (386)
[2023.03.03-01.57.53:026][  0]LogModuleManager: Shutting down and abandoning module SignificanceManager (384)
[2023.03.03-01.57.53:026][  0]LogModuleManager: Shutting down and abandoning module RuntimePhysXCooking (382)
[2023.03.03-01.57.53:026][  0]LogModuleManager: Shutting down and abandoning module PropertyAccessEditor (380)
[2023.03.03-01.57.53:026][  0]LogModuleManager: Shutting down and abandoning module PhysXVehiclesEditor (378)
[2023.03.03-01.57.53:026][  0]LogModuleManager: Shutting down and abandoning module LocationServicesBPLibrary (374)
[2023.03.03-01.57.53:026][  0]LogModuleManager: Shutting down and abandoning module AudioSynesthesia (372)
[2023.03.03-01.57.53:026][  0]LogModuleManager: Shutting down and abandoning module AudioSynesthesiaCore (370)
[2023.03.03-01.57.53:026][  0]LogModuleManager: Shutting down and abandoning module PythonScriptPlugin (368)
[2023.03.03-01.57.53:026][  0]LogModuleManager: Shutting down and abandoning module UdpMessaging (366)
[2023.03.03-01.57.53:026][  0]LogModuleManager: Shutting down and abandoning module TcpMessaging (364)
[2023.03.03-01.57.53:026][  0]LogModuleManager: Shutting down and abandoning module ActorSequence (362)
[2023.03.03-01.57.53:026][  0]LogModuleManager: Shutting down and abandoning module MagicLeapARPin (360)
[2023.03.03-01.57.53:026][  0]LogModuleManager: Shutting down and abandoning module MagicLeapHandMeshing (358)
[2023.03.03-01.57.53:027][  0]LogModuleManager: Shutting down and abandoning module MagicLeapSecureStorage (356)
[2023.03.03-01.57.53:027][  0]LogModuleManager: Shutting down and abandoning module MagicLeapPrivileges (354)
[2023.03.03-01.57.53:027][  0]LogModuleManager: Shutting down and abandoning module MagicLeapPlanes (352)
[2023.03.03-01.57.53:027][  0]LogModuleManager: Shutting down and abandoning module MagicLeapImageTracker (350)
[2023.03.03-01.57.53:027][  0]LogModuleManager: Shutting down and abandoning module MagicLeapIdentity (348)
[2023.03.03-01.57.53:027][  0]LogModuleManager: Shutting down and abandoning module MagicLeapHandTracking (346)
[2023.03.03-01.57.53:027][  0]LogModuleManager: Shutting down and abandoning module MagicLeapEyeTracker (344)
[2023.03.03-01.57.53:027][  0]LogModuleManager: Shutting down and abandoning module MagicLeapController (342)
[2023.03.03-01.57.53:027][  0]LogModuleManager: Shutting down and abandoning module MagicLeapARPinImpl (340)
[2023.03.03-01.57.53:027][  0]LogModuleManager: Shutting down and abandoning module MagicLeapAR (338)
[2023.03.03-01.57.53:027][  0]LogModuleManager: Shutting down and abandoning module NiagaraAnimNotifies (336)
[2023.03.03-01.57.53:027][  0]LogModuleManager: Shutting down and abandoning module Niagara (334)
[2023.03.03-01.57.53:028][  0]LogModuleManager: Shutting down and abandoning module SignalProcessing (333)
[2023.03.03-01.57.53:028][  0]LogModuleManager: Shutting down and abandoning module NiagaraEditor (331)
[2023.03.03-01.57.53:028][  0]LogModuleManager: Shutting down and abandoning module NiagaraCore (328)
[2023.03.03-01.57.53:028][  0]LogModuleManager: Shutting down and abandoning module PropertyAccessNode (326)
[2023.03.03-01.57.53:028][  0]LogModuleManager: Shutting down and abandoning module AnimationSharing (324)
[2023.03.03-01.57.53:028][  0]LogModuleManager: Shutting down and abandoning module FacialAnimationEditor (322)
[2023.03.03-01.57.53:028][  0]LogModuleManager: Shutting down and abandoning module FacialAnimation (320)
[2023.03.03-01.57.53:028][  0]LogModuleManager: Shutting down and abandoning module GameplayTagsEditor (318)
[2023.03.03-01.57.53:028][  0]LogModuleManager: Shutting down and abandoning module DataValidation (316)
[2023.03.03-01.57.53:028][  0]LogModuleManager: Shutting down and abandoning module AssetManagerEditor (314)
[2023.03.03-01.57.53:028][  0]LogModuleManager: Shutting down and abandoning module TreeMap (313)
[2023.03.03-01.57.53:028][  0]LogModuleManager: Shutting down and abandoning module EnvironmentQueryEditor (310)
[2023.03.03-01.57.53:029][  0]LogModuleManager: Shutting down and abandoning module Paper2D (308)
[2023.03.03-01.57.53:029][  0]LogModuleManager: Shutting down and abandoning module NetworkReplayStreaming (306)
[2023.03.03-01.57.53:029][  0]LogModuleManager: Shutting down and abandoning module PacketHandler (304)
[2023.03.03-01.57.53:029][  0]LogModuleManager: Shutting down and abandoning module ClothingSystemEditor (302)
[2023.03.03-01.57.53:029][  0]LogModuleManager: Shutting down and abandoning module ClothingSystemRuntimeNv (300)
[2023.03.03-01.57.53:029][  0]LogModuleManager: Shutting down and abandoning module MediaAssets (298)
[2023.03.03-01.57.53:029][  0]LogModuleManager: Shutting down and abandoning module Overlay (296)
[2023.03.03-01.57.53:029][  0]LogModuleManager: Shutting down and abandoning module OverlayEditor (295)
[2023.03.03-01.57.53:029][  0]LogModuleManager: Shutting down and abandoning module Blutility (292)
[2023.03.03-01.57.53:029][  0]LogModuleManager: Shutting down and abandoning module LevelEditor (291)
[2023.03.03-01.57.53:030][  0]LogModuleManager: Shutting down and abandoning module PixelInspectorModule (290)
[2023.03.03-01.57.53:030][  0]LogModuleManager: Shutting down and abandoning module CommonMenuExtensions (288)
[2023.03.03-01.57.53:030][  0]LogModuleManager: Shutting down and abandoning module MainFrame (286)
[2023.03.03-01.57.53:030][  0]LogModuleManager: Shutting down and abandoning module HotReload (285)
[2023.03.03-01.57.53:030][  0]LogModuleManager: Shutting down and abandoning module ContentBrowser (281)
[2023.03.03-01.57.53:030][  0]LogModuleManager: Shutting down and abandoning module CollectionManager (280)
[2023.03.03-01.57.53:031][  0]LogModuleManager: Shutting down and abandoning module ContentBrowserData (278)
[2023.03.03-01.57.53:031][  0]LogModuleManager: Shutting down and abandoning module IntroTutorials (274)
[2023.03.03-01.57.53:031][  0]LogModuleManager: Shutting down and abandoning module VREditor (272)
[2023.03.03-01.57.53:031][  0]LogModuleManager: Shutting down and abandoning module StringTableEditor (270)
[2023.03.03-01.57.53:031][  0]LogModuleManager: Shutting down and abandoning module GameplayTasksEditor (268)
[2023.03.03-01.57.53:031][  0]LogModuleManager: Shutting down and abandoning module BehaviorTreeEditor (266)
[2023.03.03-01.57.53:031][  0]LogModuleManager: Shutting down and abandoning module FunctionalTesting (264)
[2023.03.03-01.57.53:031][  0]LogModuleManager: Shutting down and abandoning module CollisionAnalyzer (262)
[2023.03.03-01.57.53:031][  0]LogModuleManager: Shutting down and abandoning module WorkspaceMenuStructure (261)
[2023.03.03-01.57.53:031][  0]LogModuleManager: Shutting down and abandoning module UMG (258)
[2023.03.03-01.57.53:031][  0]LogModuleManager: Shutting down and abandoning module UMGEditor (257)
[2023.03.03-01.57.53:032][  0]LogModuleManager: Shutting down and abandoning module MessageLog (255)
[2023.03.03-01.57.53:032][  0]LogModuleManager: Shutting down and abandoning module SlateReflector (250)
[2023.03.03-01.57.53:032][  0]LogModuleManager: Shutting down and abandoning module Slate (248)
[2023.03.03-01.57.53:032][  0]LogModuleManager: Shutting down and abandoning module SlateCore (246)
[2023.03.03-01.57.53:033][  0]LogModuleManager: Shutting down and abandoning module LandscapeEditorUtilities (244)
[2023.03.03-01.57.53:033][  0]LogModuleManager: Shutting down and abandoning module UnrealEd (242)
[2023.03.03-01.57.53:033][  0]LogModuleManager: Shutting down and abandoning module MRMesh (240)
[2023.03.03-01.57.53:033][  0]LogModuleManager: Shutting down and abandoning module SourceCodeAccess (238)
[2023.03.03-01.57.53:033][  0]LogModuleManager: Shutting down and abandoning module HeadMountedDisplay (236)
[2023.03.03-01.57.53:033][  0]LogModuleManager: Shutting down and abandoning module XAudio2 (234)
[2023.03.03-01.57.53:033][  0]LogModuleManager: Shutting down and abandoning module Networking (232)
[2023.03.03-01.57.53:033][  0]LogModuleManager: Shutting down and abandoning module Core (230)
[2023.03.03-01.57.53:033][  0]LogModuleManager: Shutting down and abandoning module MaterialEditor (228)
[2023.03.03-01.57.53:033][  0]LogModuleManager: Shutting down and abandoning module Settings (227)
[2023.03.03-01.57.53:033][  0]LogModuleManager: Shutting down and abandoning module MovieSceneTools (224)
[2023.03.03-01.57.53:033][  0]LogModuleManager: Shutting down and abandoning module CurveEditor (223)
[2023.03.03-01.57.53:034][  0]LogModuleManager: Shutting down and abandoning module Sequencer (221)
[2023.03.03-01.57.53:034][  0]LogModuleManager: Shutting down and abandoning module EditorStyle (220)
[2023.03.03-01.57.53:034][  0]LogModuleManager: Shutting down and abandoning module KismetCompiler (216)
[2023.03.03-01.57.53:034][  0]LogModuleManager: Shutting down and abandoning module MeshBuilder (214)
[2023.03.03-01.57.53:034][  0]LogModuleManager: Shutting down and abandoning module MeshUtilities (212)
[2023.03.03-01.57.53:035][  0]LogModuleManager: Shutting down and abandoning module MeshMergeUtilities (211)
[2023.03.03-01.57.53:035][  0]LogModuleManager: Shutting down and abandoning module MeshReductionInterface (210)
[2023.03.03-01.57.53:035][  0]LogModuleManager: Shutting down and abandoning module MeshBoneReduction (209)
[2023.03.03-01.57.53:035][  0]LogModuleManager: Shutting down and abandoning module SkeletalMeshReduction (207)
[2023.03.03-01.57.53:035][  0]LogModuleManager: Shutting down and abandoning module ProxyLODMeshReduction (205)
[2023.03.03-01.57.53:035][  0]LogModuleManager: Shutting down and abandoning module QuadricMeshReduction (203)
[2023.03.03-01.57.53:035][  0]LogModuleManager: Shutting down and abandoning module MaterialBaking (199)
[2023.03.03-01.57.53:035][  0]LogModuleManager: Shutting down and abandoning module DirectoryWatcher (195)
[2023.03.03-01.57.53:035][  0]LogModuleManager: Shutting down and abandoning module NullInstallBundleManager (192)
[2023.03.03-01.57.53:035][  0]LogModuleManager: Shutting down and abandoning module DerivedDataCache (190)
[2023.03.03-01.57.53:035][  0]LogModuleManager: Shutting down and abandoning module TargetPlatform (188)
[2023.03.03-01.57.53:035][  0]LogModuleManager: Shutting down and abandoning module VulkanShaderFormat (187)
[2023.03.03-01.57.53:036][  0]LogModuleManager: Shutting down and abandoning module ShaderFormatVectorVM (185)
[2023.03.03-01.57.53:036][  0]LogModuleManager: Shutting down and abandoning module ShaderFormatOpenGL (183)
[2023.03.03-01.57.53:036][  0]LogModuleManager: Shutting down and abandoning module ShaderFormatD3D (181)
[2023.03.03-01.57.53:036][  0]LogModuleManager: Shutting down and abandoning module MetalShaderFormat (179)
[2023.03.03-01.57.53:037][  0]LogModuleManager: Shutting down and abandoning module TextureFormatOodle (177)
[2023.03.03-01.57.53:037][  0]LogModuleManager: Shutting down and abandoning module TextureFormatUncompressed (175)
[2023.03.03-01.57.53:037][  0]LogModuleManager: Shutting down and abandoning module TextureFormatPVR (173)
[2023.03.03-01.57.53:037][  0]LogModuleManager: Shutting down and abandoning module TextureFormatETC2 (171)
[2023.03.03-01.57.53:037][  0]LogModuleManager: Shutting down and abandoning module TextureFormatDXT (169)
[2023.03.03-01.57.53:037][  0]LogModuleManager: Shutting down and abandoning module TextureFormatIntelISPCTexComp (167)
[2023.03.03-01.57.53:037][  0]LogModuleManager: Shutting down and abandoning module TextureFormatASTC (165)
[2023.03.03-01.57.53:037][  0]LogModuleManager: Shutting down and abandoning module ImageWrapper (164)
[2023.03.03-01.57.53:037][  0]LogModuleManager: Shutting down and abandoning module AudioFormatOpus (161)
[2023.03.03-01.57.53:037][  0]LogModuleManager: Shutting down and abandoning module AudioFormatOgg (159)
[2023.03.03-01.57.53:037][  0]LogModuleManager: Shutting down and abandoning module AudioFormatADPCM (157)
[2023.03.03-01.57.53:037][  0]LogModuleManager: Shutting down and abandoning module WindowsServerTargetPlatform (155)
[2023.03.03-01.57.53:037][  0]LogModuleManager: Shutting down and abandoning module WindowsClientTargetPlatform (153)
[2023.03.03-01.57.53:037][  0]LogModuleManager: Shutting down and abandoning module WindowsTargetPlatform (151)
[2023.03.03-01.57.53:037][  0]LogModuleManager: Shutting down and abandoning module WindowsNoEditorTargetPlatform (149)
[2023.03.03-01.57.53:037][  0]LogModuleManager: Shutting down and abandoning module TVOSTargetPlatform (147)
[2023.03.03-01.57.53:037][  0]LogModuleManager: Shutting down and abandoning module MacServerTargetPlatform (145)
[2023.03.03-01.57.53:037][  0]LogModuleManager: Shutting down and abandoning module MacClientTargetPlatform (143)
[2023.03.03-01.57.53:037][  0]LogModuleManager: Shutting down and abandoning module MacTargetPlatform (141)
[2023.03.03-01.57.53:037][  0]LogModuleManager: Shutting down and abandoning module MacNoEditorTargetPlatform (139)
[2023.03.03-01.57.53:037][  0]LogModuleManager: Shutting down and abandoning module LuminTargetPlatform (137)
[2023.03.03-01.57.53:038][  0]LogModuleManager: Shutting down and abandoning module Messaging (135)
[2023.03.03-01.57.53:038][  0]LogModuleManager: Shutting down and abandoning module IOSTargetPlatform (133)
[2023.03.03-01.57.53:038][  0]LogModuleManager: Shutting down and abandoning module AndroidTargetPlatform (131)
[2023.03.03-01.57.53:040][  0]LogModuleManager: Shutting down and abandoning module AllDesktopTargetPlatform (129)
[2023.03.03-01.57.53:040][  0]LogModuleManager: Shutting down and abandoning module NullDrv (126)
[2023.03.03-01.57.53:040][  0]LogModuleManager: Shutting down and abandoning module PhysXCooking (124)
[2023.03.03-01.57.53:040][  0]LogModuleManager: Shutting down and abandoning module Chaos (122)
[2023.03.03-01.57.53:040][  0]LogModuleManager: Shutting down and abandoning module WindowsPlatformFeatures (120)
[2023.03.03-01.57.53:040][  0]LogModuleManager: Shutting down and abandoning module GameplayMediaEncoder (119)
[2023.03.03-01.57.53:040][  0]LogModuleManager: Shutting down and abandoning module AVEncoder (118)
[2023.03.03-01.57.53:040][  0]LogModuleManager: Shutting down and abandoning module ExampleDeviceProfileSelector (114)
[2023.03.03-01.57.53:040][  0]LogModuleManager: Shutting down and abandoning module SteamVRInputDevice (112)
[2023.03.03-01.57.53:040][  0]LogModuleManager: Shutting down and abandoning module SteamVRInput (110)
[2023.03.03-01.57.53:040][  0]LogModuleManager: Shutting down and abandoning module SteamVR (108)
[2023.03.03-01.57.53:040][  0]LogHMD: Freeing OpenVRDLLHandle.
[2023.03.03-01.57.53:040][  0]LogModuleManager: Shutting down and abandoning module OculusHMD (106)
[2023.03.03-01.57.53:040][  0]LogModuleManager: Shutting down and abandoning module OpenXRHandTracking (104)
[2023.03.03-01.57.53:040][  0]LogModuleManager: Shutting down and abandoning module OpenXREyeTracker (102)
[2023.03.03-01.57.53:040][  0]LogModuleManager: Shutting down and abandoning module OpenXRAR (100)
[2023.03.03-01.57.53:040][  0]LogModuleManager: Shutting down and abandoning module AugmentedReality (99)
[2023.03.03-01.57.53:040][  0]LogModuleManager: Shutting down and abandoning module OpenXRHMD (96)
[2023.03.03-01.57.53:040][  0]LogModuleManager: Shutting down and abandoning module OnlineBlueprintSupport (94)
[2023.03.03-01.57.53:040][  0]LogModuleManager: Shutting down and abandoning module ChunkDownloader (90)
[2023.03.03-01.57.53:040][  0]LogModuleManager: Shutting down and abandoning module OnlineSubsystem (88)
[2023.03.03-01.57.53:042][  0]LogModuleManager: Shutting down and abandoning module XMPP (83)
[2023.03.03-01.57.53:042][  0]LogModuleManager: Shutting down and abandoning module WebSockets (82)
[2023.03.03-01.57.53:043][  0]LogModuleManager: Shutting down and abandoning module HTTP (79)
[2023.03.03-01.57.53:043][  0]LogHttp: Display: cleaning up 0 outstanding Http requests.
[2023.03.03-01.57.53:072][  0]LogModuleManager: Shutting down and abandoning module SSL (78)
[2023.03.03-01.57.53:073][  0]LogModuleManager: Shutting down and abandoning module LauncherChunkInstaller (74)
[2023.03.03-01.57.53:073][  0]LogModuleManager: Shutting down and abandoning module ChaosCloth (72)
[2023.03.03-01.57.53:073][  0]LogModuleManager: Shutting down and abandoning module WmfMedia (70)
[2023.03.03-01.57.53:074][  0]LogModuleManager: Shutting down and abandoning module Media (69)
[2023.03.03-01.57.53:074][  0]LogModuleManager: Shutting down and abandoning module MediaInfo (68)
[2023.03.03-01.57.53:074][  0]LogModuleManager: Shutting down and abandoning module ExrReaderGpu (64)
[2023.03.03-01.57.53:074][  0]LogModuleManager: Shutting down and abandoning module MLSDK (62)
[2023.03.03-01.57.53:074][  0]LogModuleManager: Shutting down and abandoning module MagicLeap (60)
[2023.03.03-01.57.53:074][  0]LogModuleManager: Shutting down and abandoning module NiagaraVertexFactories (58)
[2023.03.03-01.57.53:075][  0]LogModuleManager: Shutting down and abandoning module NiagaraShader (56)
[2023.03.03-01.57.53:075][  0]LogModuleManager: Shutting down and abandoning module VariantManagerContent (54)
[2023.03.03-01.57.53:075][  0]LogModuleManager: Shutting down and abandoning module DatasmithContent (52)
[2023.03.03-01.57.53:075][  0]LogModuleManager: Shutting down and abandoning module PixWinPlugin (50)
[2023.03.03-01.57.53:075][  0]LogModuleManager: Shutting down and abandoning module AISupportModule (48)
[2023.03.03-01.57.53:075][  0]LogModuleManager: Shutting down and abandoning module PythonScriptPluginPreload (46)
[2023.03.03-01.57.53:075][  0]LogModuleManager: Shutting down and abandoning module PlatformCryptoOpenSSL (44)
[2023.03.03-01.57.53:075][  0]LogModuleManager: Shutting down and abandoning module PlatformCryptoTypes (42)
[2023.03.03-01.57.53:075][  0]LogModuleManager: Shutting down and abandoning module PlatformCrypto (40)
[2023.03.03-01.57.53:075][  0]LogModuleManager: Shutting down and abandoning module OodleDataCompressionFormat (38)
[2023.03.03-01.57.53:075][  0]LogModuleManager: Shutting down and abandoning module XGEController (36)
[2023.03.03-01.57.53:075][  0]LogXGEController: Cannot use XGE Controller as Incredibuild is not installed on this machine.
[2023.03.03-01.57.53:075][  0]LogModuleManager: Shutting down and abandoning module AnimationModifiers (34)
[2023.03.03-01.57.53:075][  0]LogModuleManager: Shutting down and abandoning module AudioEditor (32)
[2023.03.03-01.57.53:076][  0]LogModuleManager: Shutting down and abandoning module PropertyEditor (31)
[2023.03.03-01.57.53:077][  0]LogModuleManager: Shutting down and abandoning module TextureCompressor (28)
[2023.03.03-01.57.53:077][  0]LogModuleManager: Shutting down and abandoning module RenderCore (26)
[2023.03.03-01.57.53:077][  0]LogModuleManager: Shutting down and abandoning module Landscape (24)
[2023.03.03-01.57.53:077][  0]LogModuleManager: Shutting down and abandoning module SlateRHIRenderer (22)
[2023.03.03-01.57.53:077][  0]LogModuleManager: Shutting down and abandoning module AnimGraphRuntime (20)
[2023.03.03-01.57.53:077][  0]LogModuleManager: Shutting down and abandoning module Renderer (18)
[2023.03.03-01.57.53:077][  0]LogModuleManager: Shutting down and abandoning module Engine (16)
[2023.03.03-01.57.53:077][  0]LogModuleManager: Shutting down and abandoning module CoreUObject (14)
[2023.03.03-01.57.53:077][  0]LogModuleManager: Shutting down and abandoning module NetworkFile (12)
[2023.03.03-01.57.53:077][  0]LogModuleManager: Shutting down and abandoning module CookedIterativeFile (10)
[2023.03.03-01.57.53:077][  0]LogModuleManager: Shutting down and abandoning module StreamingFile (8)
[2023.03.03-01.57.53:077][  0]LogModuleManager: Shutting down and abandoning module SandboxFile (6)
[2023.03.03-01.57.53:077][  0]LogModuleManager: Shutting down and abandoning module PakFile (4)
[2023.03.03-01.57.53:077][  0]LogModuleManager: Shutting down and abandoning module RSA (3)
[2023.03.03-01.57.53:108][  0]LogContentStreaming: Display: There are 1 unreleased StreamingManagers
[2023.03.03-01.57.53:117][  0]LogExit: Exiting.
[2023.03.03-01.57.53:135][  0]Log file closed, 03/03/23 08:57:53
