Log file open, 03/02/23 15:41:26
LogWindows: Failed to load 'aqProf.dll' (GetLastError=126)
LogWindows: File 'aqProf.dll' does not exist
LogWindows: Failed to load 'VtuneApi.dll' (GetLastError=126)
LogWindows: File 'VtuneApi.dll' does not exist
LogWindows: Failed to load 'VtuneApi32e.dll' (GetLastError=126)
LogWindows: File 'VtuneApi32e.dll' does not exist
LogConsoleResponse: Display: Failed to find resolution value strings in scalability ini. Falling back to default.
LogConsoleResponse: Display: Failed to find resolution value strings in scalability ini. Falling back to default.
LogInit: Display: Running engine for game: UMGReversi
LogPlatformFile: Not using cached read wrapper
LogTaskGraph: Started task graph with 5 named threads and 47 total threads with 3 sets of task threads.
LogStats: Stats thread started at 0.075231
LogICUInternationalization: ICU TimeZone Detection - Raw Offset: +7:00, Platform Override: ''
LogInit: Display: Loading text-based GConfig....
LogPluginManager: Mounting plugin MeshPainting
LogPluginManager: Mounting plugin XGEController
LogPluginManager: Mounting plugin Paper2D
LogPluginManager: Mounting plugin LiveLink
LogPluginManager: Mounting plugin AISupport
LogPluginManager: Mounting plugin OodleData
LogPluginManager: Mounting plugin LightPropagationVolume
LogPluginManager: Mounting plugin GameplayCameras
LogPluginManager: Mounting plugin OodleNetwork
LogPluginManager: Mounting plugin CameraShakePreviewer
LogPluginManager: Mounting plugin AssetManagerEditor
LogPluginManager: Mounting plugin CurveEditorTools
LogPluginManager: Mounting plugin MacGraphicsSwitching
LogPluginManager: Mounting plugin FacialAnimation
LogPluginManager: Mounting plugin MaterialAnalyzer
LogPluginManager: Mounting plugin GeometryMode
LogPluginManager: Mounting plugin DataValidation
LogPluginManager: Mounting plugin PluginBrowser
LogPluginManager: Mounting plugin GameplayTagsEditor
LogPluginManager: Mounting plugin MobileLauncherProfileWizard
LogPluginManager: Mounting plugin CryptoKeys
LogPluginManager: Mounting plugin SpeedTreeImporter
LogPluginManager: Mounting plugin AlembicImporter
LogPluginManager: Mounting plugin BackChannel
LogPluginManager: Mounting plugin AutomationUtils
LogPluginManager: Mounting plugin ChaosClothEditor
LogPluginManager: Mounting plugin ChaosCloth
LogPluginManager: Mounting plugin ChaosEditor
LogPluginManager: Mounting plugin ChaosSolverPlugin
LogPluginManager: Mounting plugin CharacterAI
LogPluginManager: Mounting plugin ChaosNiagara
LogPluginManager: Mounting plugin GeometryCache
LogPluginManager: Mounting plugin GeometryCollectionPlugin
LogPluginManager: Mounting plugin Niagara
LogPluginManager: Mounting plugin AnimationSharing
LogPluginManager: Mounting plugin CLionSourceCodeAccess
LogPluginManager: Mounting plugin GeometryProcessing
LogPluginManager: Mounting plugin CodeLiteSourceCodeAccess
LogPluginManager: Mounting plugin KDevelopSourceCodeAccess
LogPluginManager: Mounting plugin LuminPlatformFeatures
LogPluginManager: Mounting plugin GitSourceControl
LogPluginManager: Mounting plugin NullSourceCodeAccess
LogPluginManager: Mounting plugin MagicLeap
LogPluginManager: Mounting plugin PerforceSourceControl
LogPluginManager: Mounting plugin PlasticSourceControl
LogPluginManager: Mounting plugin PixWinPlugin
LogPluginManager: Mounting plugin PluginUtils
LogPluginManager: Mounting plugin ActorSequence
LogPluginManager: Mounting plugin PropertyAccessNode
LogPluginManager: Mounting plugin MotoSynth
LogPluginManager: Mounting plugin OpenImageDenoise
LogPluginManager: Mounting plugin RiderSourceCodeAccess
LogPluginManager: Mounting plugin PlanarCut
LogPluginManager: Mounting plugin LevelSequenceEditor
LogPluginManager: Mounting plugin SubversionSourceControl
LogPluginManager: Mounting plugin MagicLeapLightEstimation
LogPluginManager: Mounting plugin TcpMessaging
LogPluginManager: Mounting plugin MatineeToLevelSequence
LogPluginManager: Mounting plugin PlatformCrypto
LogPluginManager: Mounting plugin TextureFormatOodle
LogPluginManager: Mounting plugin UObjectPlugin
LogPluginManager: Mounting plugin MagicLeapMedia
LogPluginManager: Mounting plugin PythonScriptPlugin
LogPluginManager: Mounting plugin MagicLeapPassableWorld
LogPluginManager: Mounting plugin ProxyLODPlugin
LogPluginManager: Mounting plugin TemplateSequence
LogPluginManager: Mounting plugin MLSDK
LogPluginManager: Mounting plugin VisualStudioSourceCodeAccess
LogPluginManager: Mounting plugin XCodeSourceCodeAccess
LogPluginManager: Mounting plugin UdpMessaging
LogPluginManager: Mounting plugin VisualStudioCodeSourceCodeAccess
LogPluginManager: Mounting plugin AndroidMedia
LogPluginManager: Mounting plugin SkeletalReduction
LogPluginManager: Mounting plugin EnvironmentQueryEditor
LogPluginManager: Mounting plugin AvfMedia
LogPluginManager: Mounting plugin ImgMedia
LogPluginManager: Mounting plugin MediaCompositing
LogPluginManager: Mounting plugin MediaPlayerEditor
LogPluginManager: Mounting plugin WebMMedia
LogPluginManager: Mounting plugin WmfMedia
LogPluginManager: Mounting plugin LauncherChunkInstaller
LogPluginManager: Mounting plugin ScreenshotTools
LogPluginManager: Mounting plugin OnlineSubsystem
LogPluginManager: Mounting plugin DatasmithContent
LogPluginManager: Mounting plugin OnlineSubsystemNull
LogPluginManager: Mounting plugin OnlineSubsystemUtils
LogPluginManager: Mounting plugin VariantManagerContent
LogPluginManager: Mounting plugin ActorLayerUtilities
LogPluginManager: Mounting plugin AndroidPermission
LogPluginManager: Mounting plugin AndroidMoviePlayer
LogPluginManager: Mounting plugin AndroidDeviceProfileSelector
LogPluginManager: Mounting plugin AppleImageUtils
LogPluginManager: Mounting plugin AppleMoviePlayer
LogPluginManager: Mounting plugin ArchVisCharacter
LogPluginManager: Mounting plugin AssetTags
LogPluginManager: Mounting plugin AudioCapture
LogPluginManager: Mounting plugin CableComponent
LogPluginManager: Mounting plugin AudioSynesthesia
LogPluginManager: Mounting plugin CustomMeshComponent
LogPluginManager: Mounting plugin ChunkDownloader
LogPluginManager: Mounting plugin EditableMesh
LogPluginManager: Mounting plugin ExampleDeviceProfileSelector
LogPluginManager: Mounting plugin GoogleCloudMessaging
LogPluginManager: Mounting plugin GooglePAD
LogPluginManager: Mounting plugin IOSDeviceProfileSelector
LogPluginManager: Mounting plugin LinuxDeviceProfileSelector
LogPluginManager: Mounting plugin LocationServicesBPLibrary
LogPluginManager: Mounting plugin MobilePatchingUtils
LogPluginManager: Mounting plugin OpenXR
LogPluginManager: Mounting plugin OpenXRHandTracking
LogPluginManager: Mounting plugin OpenXREyeTracker
LogPluginManager: Mounting plugin PhysXVehicles
LogPluginManager: Mounting plugin Takes
LogPluginManager: Mounting plugin PostSplashScreen
LogPluginManager: Mounting plugin ProceduralMeshComponent
LogPluginManager: Mounting plugin PropertyAccessEditor
LogPluginManager: Mounting plugin RuntimePhysXCooking
LogPluginManager: Mounting plugin SignificanceManager
LogPluginManager: Mounting plugin SoundFields
LogPluginManager: Mounting plugin Synthesis
LogPluginManager: Mounting plugin WebMMoviePlayer
LogPluginManager: Mounting plugin WindowsMoviePlayer
LogPluginManager: Mounting plugin ContentBrowserAssetDataSource
LogPluginManager: Mounting plugin ContentBrowserClassDataSource
LogPluginManager: Mounting plugin ContentBrowserFileDataSource
LogPluginManager: Mounting plugin OnlineSubsystemGooglePlay
LogPluginManager: Mounting plugin OnlineSubsystemIOS
LogPluginManager: Mounting plugin OculusVR
LogPluginManager: Mounting plugin SteamVR
PixWinPlugin: PIX capture plugin failed to initialize! Check that the process is launched from PIX.
LogInit: Using libcurl 7.55.1-DEV
LogInit:  - built for x86_64-pc-win32
LogInit:  - supports SSL with OpenSSL/1.1.1
LogInit:  - supports HTTP deflate (compression) using libz 1.2.8
LogInit:  - other features:
LogInit:      CURL_VERSION_SSL
LogInit:      CURL_VERSION_LIBZ
LogInit:      CURL_VERSION_IPV6
LogInit:      CURL_VERSION_ASYNCHDNS
LogInit:      CURL_VERSION_LARGEFILE
LogInit:      CURL_VERSION_IDN
LogInit:  CurlRequestOptions (configurable via config and command line):
LogInit:  - bVerifyPeer = true  - Libcurl will verify peer certificate
LogInit:  - bUseHttpProxy = false  - Libcurl will NOT use HTTP proxy
LogInit:  - bDontReuseConnections = false  - Libcurl will reuse connections
LogInit:  - MaxHostConnections = 16  - Libcurl will limit the number of connections to a host
LogInit:  - LocalHostAddr = Default
LogInit:  - BufferSize = 65536
LogOnline: OSS: Creating online subsystem instance for: NULL
LogInit: WinSock: version 1.1 (2.2), MaxSocks=32767, MaxUdp=65467
LogOnline: OSS: TryLoadSubsystemAndSetDefault: Loaded subsystem for module [NULL]
LogInit: Build: ++UE4+Release-4.27-CL-0
LogInit: Engine Version: 4.27.2-0+++UE4+Release-4.27
LogInit: Compatible Engine Version: 4.27.0-0+++UE4+Release-4.27
LogInit: Net CL: 0
LogInit: OS: Windows 10 (Release 2009) (), CPU: AMD Ryzen 7 7700 8-Core Processor              , GPU: NVIDIA GeForce RTX 3060 Ti
LogInit: Compiled (64-bit): Feb 23 2023 09:24:06
LogInit: Compiled with Visual C++: 19.35.32215.00
LogInit: Build Configuration: Development
LogInit: Branch Name: ++UE4+Release-4.27
LogInit: Command Line:  "C:\Unreal Project\UMGReversi\UMGReversi.uproject" -run=VisualStudioTools -unattended -noshadercompile -nosound -nullrhi -nocpuprofilertrace -nocrashreports -nosplash -ddc=noshared -output=C:\Users\Admn\AppData\Local\Temp\tmpCC1F.tmp
LogInit: Base Directory: C:/UnrealEngine-4.27/Engine/Binaries/Win64/
LogInit: Allocator: TBB
LogInit: Installed Engine Build: 0
LogDevObjectVersion: Number of dev versions registered: 29
LogDevObjectVersion:   Dev-Blueprints (B0D832E4-1F89-4F0D-ACCF-7EB736FD4AA2): 10
LogDevObjectVersion:   Dev-Build (E1C64328-A22C-4D53-A36C-8E866417BD8C): 0
LogDevObjectVersion:   Dev-Core (375EC13C-06E4-48FB-B500-84F0262A717E): 4
LogDevObjectVersion:   Dev-Editor (E4B068ED-F494-42E9-A231-DA0B2E46BB41): 40
LogDevObjectVersion:   Dev-Framework (CFFC743F-43B0-4480-9391-14DF171D2073): 37
LogDevObjectVersion:   Dev-Mobile (B02B49B5-BB20-44E9-A304-32B752E40360): 3
LogDevObjectVersion:   Dev-Networking (A4E4105C-59A1-49B5-A7C5-40C4547EDFEE): 0
LogDevObjectVersion:   Dev-Online (39C831C9-5AE6-47DC-9A44-9C173E1C8E7C): 0
LogDevObjectVersion:   Dev-Physics (78F01B33-EBEA-4F98-B9B4-84EACCB95AA2): 14
LogDevObjectVersion:   Dev-Platform (6631380F-2D4D-43E0-8009-CF276956A95A): 0
LogDevObjectVersion:   Dev-Rendering (12F88B9F-8875-4AFC-A67C-D90C383ABD29): 45
LogDevObjectVersion:   Dev-Sequencer (7B5AE74C-D270-4C10-A958-57980B212A5A): 13
LogDevObjectVersion:   Dev-VR (D7296918-1DD6-4BDD-9DE2-64A83CC13884): 3
LogDevObjectVersion:   Dev-LoadTimes (C2A15278-BFE7-4AFE-6C17-90FF531DF755): 1
LogDevObjectVersion:   Private-Geometry (6EACA3D4-40EC-4CC1-B786-8BED09428FC5): 3
LogDevObjectVersion:   Dev-AnimPhys (29E575DD-E0A3-4627-9D10-D276232CDCEA): 17
LogDevObjectVersion:   Dev-Anim (AF43A65D-7FD3-4947-9873-3E8ED9C1BB05): 15
LogDevObjectVersion:   Dev-ReflectionCapture (6B266CEC-1EC7-4B8F-A30B-E4D90942FC07): 1
LogDevObjectVersion:   Dev-Automation (0DF73D61-A23F-47EA-B727-89E90C41499A): 1
LogDevObjectVersion:   FortniteMain (601D1886-AC64-4F84-AA16-D3DE0DEAC7D6): 47
LogDevObjectVersion:   FortniteRelease (E7086368-6B23-4C58-8439-1B7016265E91): 1
LogDevObjectVersion:   Dev-Enterprise (9DFFBCD6-494F-0158-E221-12823C92A888): 10
LogDevObjectVersion:   Dev-Niagara (F2AED0AC-9AFE-416F-8664-AA7FFA26D6FC): 1
LogDevObjectVersion:   Dev-Destruction (174F1F0B-B4C6-45A5-B13F-2EE8D0FB917D): 10
LogDevObjectVersion:   Dev-Physics-Ext (35F94A83-E258-406C-A318-09F59610247C): 41
LogDevObjectVersion:   Dev-PhysicsMaterial-Chaos (B68FC16E-8B1B-42E2-B453-215C058844FE): 1
LogDevObjectVersion:   Dev-CineCamera (B2E18506-4273-CFC2-A54E-F4BB758BBA07): 1
LogDevObjectVersion:   Dev-VirtualProduction (64F58936-FD1B-42BA-BA96-7289D5D0FA4E): 1
LogDevObjectVersion:   Dev-MediaFramework (6F0ED827-A609-4895-9C91-998D90180EA4): 2
LogInit: Presizing for max 25165824 objects, including 0 objects not considered by GC, pre-allocating 0 bytes for permanent pool.
LogConfig: Applying CVar settings from Section [/Script/Engine.StreamingSettings] File [C:/Unreal Project/UMGReversi/Saved/Config/Windows/Engine.ini]
LogConfig: Setting CVar [[s.MinBulkDataSizeForAsyncLoading:131072]]
LogConfig: Setting CVar [[s.AsyncLoadingThreadEnabled:0]]
LogConfig: Setting CVar [[s.EventDrivenLoaderEnabled:1]]
LogConfig: Setting CVar [[s.WarnIfTimeLimitExceeded:0]]
LogConfig: Setting CVar [[s.TimeLimitExceededMultiplier:1.5]]
LogConfig: Setting CVar [[s.TimeLimitExceededMinTime:0.005]]
LogConfig: Setting CVar [[s.UseBackgroundLevelStreaming:1]]
LogConfig: Setting CVar [[s.PriorityAsyncLoadingExtraTime:15.0]]
LogConfig: Setting CVar [[s.LevelStreamingActorsUpdateTimeLimit:5.0]]
LogConfig: Setting CVar [[s.PriorityLevelStreamingActorsUpdateExtraTime:5.0]]
LogConfig: Setting CVar [[s.LevelStreamingComponentsRegistrationGranularity:10]]
LogConfig: Setting CVar [[s.UnregisterComponentsTimeLimit:1.0]]
LogConfig: Setting CVar [[s.LevelStreamingComponentsUnregistrationGranularity:5]]
LogConfig: Setting CVar [[s.FlushStreamingOnExit:1]]
LogInit: Object subsystem initialized
LogConfig: Setting CVar [[con.DebugEarlyDefault:1]]
LogConfig: Setting CVar [[r.setres:1280x720]]
[2023.03.02-08.41.26:699][  0]LogConfig: Setting CVar [[con.DebugEarlyDefault:1]]
[2023.03.02-08.41.26:699][  0]LogConfig: Setting CVar [[r.setres:1280x720]]
[2023.03.02-08.41.26:699][  0]LogConfig: Applying CVar settings from Section [/Script/Engine.RendererSettings] File [C:/Unreal Project/UMGReversi/Saved/Config/Windows/Engine.ini]
[2023.03.02-08.41.26:699][  0]LogConfig: Setting CVar [[r.GPUCrashDebugging:0]]
[2023.03.02-08.41.26:699][  0]LogConfig: Applying CVar settings from Section [/Script/Engine.RendererOverrideSettings] File [C:/Unreal Project/UMGReversi/Saved/Config/Windows/Engine.ini]
[2023.03.02-08.41.26:699][  0]LogConfig: Applying CVar settings from Section [/Script/Engine.StreamingSettings] File [C:/Unreal Project/UMGReversi/Saved/Config/Windows/Engine.ini]
[2023.03.02-08.41.26:699][  0]LogConfig: Setting CVar [[s.MinBulkDataSizeForAsyncLoading:131072]]
[2023.03.02-08.41.26:699][  0]LogConfig: Setting CVar [[s.AsyncLoadingThreadEnabled:0]]
[2023.03.02-08.41.26:699][  0]LogConfig: Setting CVar [[s.EventDrivenLoaderEnabled:1]]
[2023.03.02-08.41.26:699][  0]LogConfig: Setting CVar [[s.WarnIfTimeLimitExceeded:0]]
[2023.03.02-08.41.26:699][  0]LogConfig: Setting CVar [[s.TimeLimitExceededMultiplier:1.5]]
[2023.03.02-08.41.26:699][  0]LogConfig: Setting CVar [[s.TimeLimitExceededMinTime:0.005]]
[2023.03.02-08.41.26:699][  0]LogConfig: Setting CVar [[s.UseBackgroundLevelStreaming:1]]
[2023.03.02-08.41.26:699][  0]LogConfig: Setting CVar [[s.PriorityAsyncLoadingExtraTime:15.0]]
[2023.03.02-08.41.26:699][  0]LogConfig: Setting CVar [[s.LevelStreamingActorsUpdateTimeLimit:5.0]]
[2023.03.02-08.41.26:699][  0]LogConfig: Setting CVar [[s.PriorityLevelStreamingActorsUpdateExtraTime:5.0]]
[2023.03.02-08.41.26:699][  0]LogConfig: Setting CVar [[s.LevelStreamingComponentsRegistrationGranularity:10]]
[2023.03.02-08.41.26:699][  0]LogConfig: Setting CVar [[s.UnregisterComponentsTimeLimit:1.0]]
[2023.03.02-08.41.26:699][  0]LogConfig: Setting CVar [[s.LevelStreamingComponentsUnregistrationGranularity:5]]
[2023.03.02-08.41.26:699][  0]LogConfig: Setting CVar [[s.FlushStreamingOnExit:1]]
[2023.03.02-08.41.26:699][  0]LogConfig: Applying CVar settings from Section [/Script/Engine.GarbageCollectionSettings] File [C:/Unreal Project/UMGReversi/Saved/Config/Windows/Engine.ini]
[2023.03.02-08.41.26:699][  0]LogConfig: Setting CVar [[gc.MaxObjectsNotConsideredByGC:1]]
[2023.03.02-08.41.26:699][  0]LogConfig: Setting CVar [[gc.SizeOfPermanentObjectPool:0]]
[2023.03.02-08.41.26:699][  0]LogConfig: Setting CVar [[gc.FlushStreamingOnGC:0]]
[2023.03.02-08.41.26:699][  0]LogConfig: Setting CVar [[gc.NumRetriesBeforeForcingGC:10]]
[2023.03.02-08.41.26:699][  0]LogConfig: Setting CVar [[gc.AllowParallelGC:1]]
[2023.03.02-08.41.26:699][  0]LogConfig: Setting CVar [[gc.TimeBetweenPurgingPendingKillObjects:61.1]]
[2023.03.02-08.41.26:699][  0]LogConfig: Setting CVar [[gc.MaxObjectsInEditor:25165824]]
[2023.03.02-08.41.26:699][  0]LogConfig: Setting CVar [[gc.IncrementalBeginDestroyEnabled:1]]
[2023.03.02-08.41.26:699][  0]LogConfig: Setting CVar [[gc.CreateGCClusters:1]]
[2023.03.02-08.41.26:699][  0]LogConfig: Setting CVar [[gc.MinGCClusterSize:5]]
[2023.03.02-08.41.26:699][  0]LogConfig: Setting CVar [[gc.ActorClusteringEnabled:0]]
[2023.03.02-08.41.26:699][  0]LogConfig: Setting CVar [[gc.BlueprintClusteringEnabled:0]]
[2023.03.02-08.41.26:699][  0]LogConfig: Setting CVar [[gc.UseDisregardForGCOnDedicatedServers:0]]
[2023.03.02-08.41.26:699][  0]LogConfig: Setting CVar [[gc.MultithreadedDestructionEnabled:1]]
[2023.03.02-08.41.26:699][  0]LogConfig: Applying CVar settings from Section [/Script/Engine.NetworkSettings] File [C:/Unreal Project/UMGReversi/Saved/Config/Windows/Engine.ini]
[2023.03.02-08.41.26:699][  0]LogConfig: Applying CVar settings from Section [/Script/UnrealEd.CookerSettings] File [C:/Unreal Project/UMGReversi/Saved/Config/Windows/Engine.ini]
[2023.03.02-08.41.26:699][  0]LogConfig: Applying CVar settings from Section [ViewDistanceQuality@3] File [C:/Unreal Project/UMGReversi/Saved/Config/Windows/Scalability.ini]
[2023.03.02-08.41.26:699][  0]LogConfig: Setting CVar [[r.SkeletalMeshLODBias:0]]
[2023.03.02-08.41.26:699][  0]LogConfig: Setting CVar [[r.ViewDistanceScale:1.0]]
[2023.03.02-08.41.26:699][  0]LogConfig: Applying CVar settings from Section [AntiAliasingQuality@3] File [C:/Unreal Project/UMGReversi/Saved/Config/Windows/Scalability.ini]
[2023.03.02-08.41.26:699][  0]LogConfig: Setting CVar [[r.PostProcessAAQuality:4]]
[2023.03.02-08.41.26:699][  0]LogConfig: Applying CVar settings from Section [ShadowQuality@3] File [C:/Unreal Project/UMGReversi/Saved/Config/Windows/Scalability.ini]
[2023.03.02-08.41.26:699][  0]LogConfig: Setting CVar [[r.LightFunctionQuality:1]]
[2023.03.02-08.41.26:699][  0]LogConfig: Setting CVar [[r.ShadowQuality:5]]
[2023.03.02-08.41.26:699][  0]LogConfig: Setting CVar [[r.Shadow.CSM.MaxCascades:10]]
[2023.03.02-08.41.26:699][  0]LogConfig: Setting CVar [[r.Shadow.MaxResolution:2048]]
[2023.03.02-08.41.26:699][  0]LogConfig: Setting CVar [[r.Shadow.MaxCSMResolution:2048]]
[2023.03.02-08.41.26:699][  0]LogConfig: Setting CVar [[r.Shadow.RadiusThreshold:0.01]]
[2023.03.02-08.41.26:699][  0]LogConfig: Setting CVar [[r.Shadow.DistanceScale:1.0]]
[2023.03.02-08.41.26:699][  0]LogConfig: Setting CVar [[r.Shadow.CSM.TransitionScale:1.0]]
[2023.03.02-08.41.26:699][  0]LogConfig: Setting CVar [[r.Shadow.PreShadowResolutionFactor:1.0]]
[2023.03.02-08.41.26:699][  0]LogConfig: Setting CVar [[r.DistanceFieldShadowing:1]]
[2023.03.02-08.41.26:699][  0]LogConfig: Setting CVar [[r.DistanceFieldAO:1]]
[2023.03.02-08.41.26:699][  0]LogConfig: Setting CVar [[r.AOQuality:2]]
[2023.03.02-08.41.26:699][  0]LogConfig: Setting CVar [[r.VolumetricFog:1]]
[2023.03.02-08.41.26:699][  0]LogConfig: Setting CVar [[r.VolumetricFog.GridPixelSize:8]]
[2023.03.02-08.41.26:699][  0]LogConfig: Setting CVar [[r.VolumetricFog.GridSizeZ:128]]
[2023.03.02-08.41.26:699][  0]LogConfig: Setting CVar [[r.VolumetricFog.HistoryMissSupersampleCount:4]]
[2023.03.02-08.41.26:699][  0]LogConfig: Setting CVar [[r.LightMaxDrawDistanceScale:1]]
[2023.03.02-08.41.26:699][  0]LogConfig: Setting CVar [[r.CapsuleShadows:1]]
[2023.03.02-08.41.26:699][  0]LogConfig: Applying CVar settings from Section [PostProcessQuality@3] File [C:/Unreal Project/UMGReversi/Saved/Config/Windows/Scalability.ini]
[2023.03.02-08.41.26:700][  0]LogConfig: Setting CVar [[r.MotionBlurQuality:4]]
[2023.03.02-08.41.26:700][  0]LogConfig: Setting CVar [[r.AmbientOcclusionMipLevelFactor:0.4]]
[2023.03.02-08.41.26:700][  0]LogConfig: Setting CVar [[r.AmbientOcclusionMaxQuality:100]]
[2023.03.02-08.41.26:700][  0]LogConfig: Setting CVar [[r.AmbientOcclusionLevels:-1]]
[2023.03.02-08.41.26:700][  0]LogConfig: Setting CVar [[r.AmbientOcclusionRadiusScale:1.0]]
[2023.03.02-08.41.26:700][  0]LogConfig: Setting CVar [[r.DepthOfFieldQuality:2]]
[2023.03.02-08.41.26:700][  0]LogConfig: Setting CVar [[r.RenderTargetPoolMin:400]]
[2023.03.02-08.41.26:700][  0]LogConfig: Setting CVar [[r.LensFlareQuality:2]]
[2023.03.02-08.41.26:700][  0]LogConfig: Setting CVar [[r.SceneColorFringeQuality:1]]
[2023.03.02-08.41.26:700][  0]LogConfig: Setting CVar [[r.EyeAdaptationQuality:2]]
[2023.03.02-08.41.26:700][  0]LogConfig: Setting CVar [[r.BloomQuality:5]]
[2023.03.02-08.41.26:700][  0]LogConfig: Setting CVar [[r.FastBlurThreshold:100]]
[2023.03.02-08.41.26:700][  0]LogConfig: Setting CVar [[r.Upscale.Quality:3]]
[2023.03.02-08.41.26:700][  0]LogConfig: Setting CVar [[r.Tonemapper.GrainQuantization:1]]
[2023.03.02-08.41.26:700][  0]LogConfig: Setting CVar [[r.LightShaftQuality:1]]
[2023.03.02-08.41.26:700][  0]LogConfig: Setting CVar [[r.Filter.SizeScale:1]]
[2023.03.02-08.41.26:700][  0]LogConfig: Setting CVar [[r.Tonemapper.Quality:5]]
[2023.03.02-08.41.26:700][  0]LogConfig: Setting CVar [[r.DOF.Gather.AccumulatorQuality:1        ; higher gathering accumulator quality]]
[2023.03.02-08.41.26:700][  0]LogConfig: Setting CVar [[r.DOF.Gather.PostfilterMethod:1          ; Median3x3 postfilering method]]
[2023.03.02-08.41.26:700][  0]LogConfig: Setting CVar [[r.DOF.Gather.EnableBokehSettings:0       ; no bokeh simulation when gathering]]
[2023.03.02-08.41.26:700][  0]LogConfig: Setting CVar [[r.DOF.Gather.RingCount:4                 ; medium number of samples when gathering]]
[2023.03.02-08.41.26:700][  0]LogConfig: Setting CVar [[r.DOF.Scatter.ForegroundCompositing:1    ; additive foreground scattering]]
[2023.03.02-08.41.26:700][  0]LogConfig: Setting CVar [[r.DOF.Scatter.BackgroundCompositing:2    ; additive background scattering]]
[2023.03.02-08.41.26:700][  0]LogConfig: Setting CVar [[r.DOF.Scatter.EnableBokehSettings:1      ; bokeh simulation when scattering]]
[2023.03.02-08.41.26:700][  0]LogConfig: Setting CVar [[r.DOF.Scatter.MaxSpriteRatio:0.1         ; only a maximum of 10% of scattered bokeh]]
[2023.03.02-08.41.26:700][  0]LogConfig: Setting CVar [[r.DOF.Recombine.Quality:1                ; cheap slight out of focus]]
[2023.03.02-08.41.26:700][  0]LogConfig: Setting CVar [[r.DOF.Recombine.EnableBokehSettings:0    ; no bokeh simulation on slight out of focus]]
[2023.03.02-08.41.26:700][  0]LogConfig: Setting CVar [[r.DOF.TemporalAAQuality:1                ; more stable temporal accumulation]]
[2023.03.02-08.41.26:700][  0]LogConfig: Setting CVar [[r.DOF.Kernel.MaxForegroundRadius:0.025]]
[2023.03.02-08.41.26:700][  0]LogConfig: Setting CVar [[r.DOF.Kernel.MaxBackgroundRadius:0.025]]
[2023.03.02-08.41.26:700][  0]LogConfig: Applying CVar settings from Section [TextureQuality@3] File [C:/Unreal Project/UMGReversi/Saved/Config/Windows/Scalability.ini]
[2023.03.02-08.41.26:700][  0]LogConfig: Setting CVar [[r.Streaming.MipBias:0]]
[2023.03.02-08.41.26:700][  0]LogConfig: Setting CVar [[r.Streaming.AmortizeCPUToGPUCopy:0]]
[2023.03.02-08.41.26:700][  0]LogConfig: Setting CVar [[r.Streaming.MaxNumTexturesToStreamPerFrame:0]]
[2023.03.02-08.41.26:700][  0]LogConfig: Setting CVar [[r.Streaming.Boost:1]]
[2023.03.02-08.41.26:700][  0]LogConfig: Setting CVar [[r.MaxAnisotropy:8]]
[2023.03.02-08.41.26:700][  0]LogConfig: Setting CVar [[r.VT.MaxAnisotropy:8]]
[2023.03.02-08.41.26:700][  0]LogConfig: Setting CVar [[r.Streaming.LimitPoolSizeToVRAM:0]]
[2023.03.02-08.41.26:700][  0]LogConfig: Setting CVar [[r.Streaming.PoolSize:1000]]
[2023.03.02-08.41.26:700][  0]LogConfig: Setting CVar [[r.Streaming.MaxEffectiveScreenSize:0]]
[2023.03.02-08.41.26:700][  0]LogConfig: Applying CVar settings from Section [EffectsQuality@3] File [C:/Unreal Project/UMGReversi/Saved/Config/Windows/Scalability.ini]
[2023.03.02-08.41.26:700][  0]LogConfig: Setting CVar [[r.TranslucencyLightingVolumeDim:64]]
[2023.03.02-08.41.26:700][  0]LogConfig: Setting CVar [[r.RefractionQuality:2]]
[2023.03.02-08.41.26:700][  0]LogConfig: Setting CVar [[r.SSR.Quality:3]]
[2023.03.02-08.41.26:700][  0]LogConfig: Setting CVar [[r.SSR.HalfResSceneColor:0]]
[2023.03.02-08.41.26:700][  0]LogConfig: Setting CVar [[r.SceneColorFormat:4]]
[2023.03.02-08.41.26:700][  0]LogConfig: Setting CVar [[r.DetailMode:2]]
[2023.03.02-08.41.26:700][  0]LogConfig: Setting CVar [[r.TranslucencyVolumeBlur:1]]
[2023.03.02-08.41.26:700][  0]LogConfig: Setting CVar [[r.MaterialQualityLevel:1 ; High quality]]
[2023.03.02-08.41.26:700][  0]LogConfig: Setting CVar [[r.AnisotropicMaterials:1]]
[2023.03.02-08.41.26:700][  0]LogConfig: Setting CVar [[r.SSS.Scale:1]]
[2023.03.02-08.41.26:700][  0]LogConfig: Setting CVar [[r.SSS.SampleSet:2]]
[2023.03.02-08.41.26:700][  0]LogConfig: Setting CVar [[r.SSS.Quality:1]]
[2023.03.02-08.41.26:700][  0]LogConfig: Setting CVar [[r.SSS.HalfRes:0]]
[2023.03.02-08.41.26:700][  0]LogConfig: Setting CVar [[r.SSGI.Quality:3]]
[2023.03.02-08.41.26:700][  0]LogConfig: Setting CVar [[r.EmitterSpawnRateScale:1.0]]
[2023.03.02-08.41.26:700][  0]LogConfig: Setting CVar [[r.ParticleLightQuality:2]]
[2023.03.02-08.41.26:700][  0]LogConfig: Setting CVar [[r.SkyAtmosphere.AerialPerspectiveLUT.FastApplyOnOpaque:1 ; Always have FastSkyLUT 1 in this case to avoid wrong sky]]
[2023.03.02-08.41.26:700][  0]LogConfig: Setting CVar [[r.SkyAtmosphere.AerialPerspectiveLUT.SampleCountMaxPerSlice:4]]
[2023.03.02-08.41.26:700][  0]LogConfig: Setting CVar [[r.SkyAtmosphere.AerialPerspectiveLUT.DepthResolution:16.0]]
[2023.03.02-08.41.26:700][  0]LogConfig: Setting CVar [[r.SkyAtmosphere.FastSkyLUT:1]]
[2023.03.02-08.41.26:700][  0]LogConfig: Setting CVar [[r.SkyAtmosphere.FastSkyLUT.SampleCountMin:4.0]]
[2023.03.02-08.41.26:700][  0]LogConfig: Setting CVar [[r.SkyAtmosphere.FastSkyLUT.SampleCountMax:128.0]]
[2023.03.02-08.41.26:700][  0]LogConfig: Setting CVar [[r.SkyAtmosphere.SampleCountMin:4.0]]
[2023.03.02-08.41.26:700][  0]LogConfig: Setting CVar [[r.SkyAtmosphere.SampleCountMax:128.0]]
[2023.03.02-08.41.26:700][  0]LogConfig: Setting CVar [[r.SkyAtmosphere.TransmittanceLUT.UseSmallFormat:0]]
[2023.03.02-08.41.26:700][  0]LogConfig: Setting CVar [[r.SkyAtmosphere.TransmittanceLUT.SampleCount:10.0]]
[2023.03.02-08.41.26:700][  0]LogConfig: Setting CVar [[r.SkyAtmosphere.MultiScatteringLUT.SampleCount:15.0]]
[2023.03.02-08.41.26:700][  0]LogConfig: Setting CVar [[r.SkyLight.RealTimeReflectionCapture:1]]
[2023.03.02-08.41.26:700][  0]LogConfig: Applying CVar settings from Section [FoliageQuality@3] File [C:/Unreal Project/UMGReversi/Saved/Config/Windows/Scalability.ini]
[2023.03.02-08.41.26:700][  0]LogConfig: Setting CVar [[foliage.DensityScale:1.0]]
[2023.03.02-08.41.26:700][  0]LogConfig: Setting CVar [[grass.DensityScale:1.0]]
[2023.03.02-08.41.26:700][  0]LogConfig: Applying CVar settings from Section [ShadingQuality@3] File [C:/Unreal Project/UMGReversi/Saved/Config/Windows/Scalability.ini]
[2023.03.02-08.41.26:700][  0]LogConfig: Setting CVar [[r.HairStrands.SkyLighting.IntegrationType:2]]
[2023.03.02-08.41.26:700][  0]LogConfig: Setting CVar [[r.HairStrands.SkyAO.SampleCount:4]]
[2023.03.02-08.41.26:700][  0]LogConfig: Setting CVar [[r.HairStrands.Visibility.MSAA.SamplePerPixel:4]]
[2023.03.02-08.41.26:702][  0]LogInit: Selected Device Profile: [Windows]
[2023.03.02-08.41.26:702][  0]LogInit: Applying CVar settings loaded from the selected device profile: [Windows]
[2023.03.02-08.41.26:702][  0]LogHAL: Display: Platform has ~ 32 GB [33444212736 / 34359738368 / 32], which maps to Largest [LargestMinGB=32, LargerMinGB=12, DefaultMinGB=8, SmallerMinGB=6, SmallestMinGB=0)
[2023.03.02-08.41.26:702][  0]LogInit: Going up to parent DeviceProfile []
[2023.03.02-08.41.26:702][  0]LogConfig: Applying CVar settings from Section [ViewDistanceQuality@3] File [C:/Unreal Project/UMGReversi/Saved/Config/Windows/Scalability.ini]
[2023.03.02-08.41.26:702][  0]LogConfig: Setting CVar [[r.SkeletalMeshLODBias:0]]
[2023.03.02-08.41.26:702][  0]LogConfig: Setting CVar [[r.ViewDistanceScale:1.0]]
[2023.03.02-08.41.26:702][  0]LogConfig: Applying CVar settings from Section [AntiAliasingQuality@3] File [C:/Unreal Project/UMGReversi/Saved/Config/Windows/Scalability.ini]
[2023.03.02-08.41.26:702][  0]LogConfig: Setting CVar [[r.PostProcessAAQuality:4]]
[2023.03.02-08.41.26:702][  0]LogConfig: Applying CVar settings from Section [ShadowQuality@3] File [C:/Unreal Project/UMGReversi/Saved/Config/Windows/Scalability.ini]
[2023.03.02-08.41.26:702][  0]LogConfig: Setting CVar [[r.LightFunctionQuality:1]]
[2023.03.02-08.41.26:702][  0]LogConfig: Setting CVar [[r.ShadowQuality:5]]
[2023.03.02-08.41.26:702][  0]LogConfig: Setting CVar [[r.Shadow.CSM.MaxCascades:10]]
[2023.03.02-08.41.26:702][  0]LogConfig: Setting CVar [[r.Shadow.MaxResolution:2048]]
[2023.03.02-08.41.26:702][  0]LogConfig: Setting CVar [[r.Shadow.MaxCSMResolution:2048]]
[2023.03.02-08.41.26:702][  0]LogConfig: Setting CVar [[r.Shadow.RadiusThreshold:0.01]]
[2023.03.02-08.41.26:702][  0]LogConfig: Setting CVar [[r.Shadow.DistanceScale:1.0]]
[2023.03.02-08.41.26:702][  0]LogConfig: Setting CVar [[r.Shadow.CSM.TransitionScale:1.0]]
[2023.03.02-08.41.26:702][  0]LogConfig: Setting CVar [[r.Shadow.PreShadowResolutionFactor:1.0]]
[2023.03.02-08.41.26:702][  0]LogConfig: Setting CVar [[r.DistanceFieldShadowing:1]]
[2023.03.02-08.41.26:702][  0]LogConfig: Setting CVar [[r.DistanceFieldAO:1]]
[2023.03.02-08.41.26:702][  0]LogConfig: Setting CVar [[r.AOQuality:2]]
[2023.03.02-08.41.26:702][  0]LogConfig: Setting CVar [[r.VolumetricFog:1]]
[2023.03.02-08.41.26:702][  0]LogConfig: Setting CVar [[r.VolumetricFog.GridPixelSize:8]]
[2023.03.02-08.41.26:702][  0]LogConfig: Setting CVar [[r.VolumetricFog.GridSizeZ:128]]
[2023.03.02-08.41.26:702][  0]LogConfig: Setting CVar [[r.VolumetricFog.HistoryMissSupersampleCount:4]]
[2023.03.02-08.41.26:702][  0]LogConfig: Setting CVar [[r.LightMaxDrawDistanceScale:1]]
[2023.03.02-08.41.26:702][  0]LogConfig: Setting CVar [[r.CapsuleShadows:1]]
[2023.03.02-08.41.26:702][  0]LogConfig: Applying CVar settings from Section [PostProcessQuality@3] File [C:/Unreal Project/UMGReversi/Saved/Config/Windows/Scalability.ini]
[2023.03.02-08.41.26:702][  0]LogConfig: Setting CVar [[r.MotionBlurQuality:4]]
[2023.03.02-08.41.26:702][  0]LogConfig: Setting CVar [[r.AmbientOcclusionMipLevelFactor:0.4]]
[2023.03.02-08.41.26:702][  0]LogConfig: Setting CVar [[r.AmbientOcclusionMaxQuality:100]]
[2023.03.02-08.41.26:702][  0]LogConfig: Setting CVar [[r.AmbientOcclusionLevels:-1]]
[2023.03.02-08.41.26:702][  0]LogConfig: Setting CVar [[r.AmbientOcclusionRadiusScale:1.0]]
[2023.03.02-08.41.26:702][  0]LogConfig: Setting CVar [[r.DepthOfFieldQuality:2]]
[2023.03.02-08.41.26:702][  0]LogConfig: Setting CVar [[r.RenderTargetPoolMin:400]]
[2023.03.02-08.41.26:702][  0]LogConfig: Setting CVar [[r.LensFlareQuality:2]]
[2023.03.02-08.41.26:702][  0]LogConfig: Setting CVar [[r.SceneColorFringeQuality:1]]
[2023.03.02-08.41.26:702][  0]LogConfig: Setting CVar [[r.EyeAdaptationQuality:2]]
[2023.03.02-08.41.26:702][  0]LogConfig: Setting CVar [[r.BloomQuality:5]]
[2023.03.02-08.41.26:702][  0]LogConfig: Setting CVar [[r.FastBlurThreshold:100]]
[2023.03.02-08.41.26:702][  0]LogConfig: Setting CVar [[r.Upscale.Quality:3]]
[2023.03.02-08.41.26:702][  0]LogConfig: Setting CVar [[r.Tonemapper.GrainQuantization:1]]
[2023.03.02-08.41.26:702][  0]LogConfig: Setting CVar [[r.LightShaftQuality:1]]
[2023.03.02-08.41.26:702][  0]LogConfig: Setting CVar [[r.Filter.SizeScale:1]]
[2023.03.02-08.41.26:702][  0]LogConfig: Setting CVar [[r.Tonemapper.Quality:5]]
[2023.03.02-08.41.26:702][  0]LogConfig: Setting CVar [[r.DOF.Gather.AccumulatorQuality:1        ; higher gathering accumulator quality]]
[2023.03.02-08.41.26:702][  0]LogConfig: Setting CVar [[r.DOF.Gather.PostfilterMethod:1          ; Median3x3 postfilering method]]
[2023.03.02-08.41.26:702][  0]LogConfig: Setting CVar [[r.DOF.Gather.EnableBokehSettings:0       ; no bokeh simulation when gathering]]
[2023.03.02-08.41.26:702][  0]LogConfig: Setting CVar [[r.DOF.Gather.RingCount:4                 ; medium number of samples when gathering]]
[2023.03.02-08.41.26:702][  0]LogConfig: Setting CVar [[r.DOF.Scatter.ForegroundCompositing:1    ; additive foreground scattering]]
[2023.03.02-08.41.26:702][  0]LogConfig: Setting CVar [[r.DOF.Scatter.BackgroundCompositing:2    ; additive background scattering]]
[2023.03.02-08.41.26:702][  0]LogConfig: Setting CVar [[r.DOF.Scatter.EnableBokehSettings:1      ; bokeh simulation when scattering]]
[2023.03.02-08.41.26:702][  0]LogConfig: Setting CVar [[r.DOF.Scatter.MaxSpriteRatio:0.1         ; only a maximum of 10% of scattered bokeh]]
[2023.03.02-08.41.26:702][  0]LogConfig: Setting CVar [[r.DOF.Recombine.Quality:1                ; cheap slight out of focus]]
[2023.03.02-08.41.26:702][  0]LogConfig: Setting CVar [[r.DOF.Recombine.EnableBokehSettings:0    ; no bokeh simulation on slight out of focus]]
[2023.03.02-08.41.26:702][  0]LogConfig: Setting CVar [[r.DOF.TemporalAAQuality:1                ; more stable temporal accumulation]]
[2023.03.02-08.41.26:702][  0]LogConfig: Setting CVar [[r.DOF.Kernel.MaxForegroundRadius:0.025]]
[2023.03.02-08.41.26:702][  0]LogConfig: Setting CVar [[r.DOF.Kernel.MaxBackgroundRadius:0.025]]
[2023.03.02-08.41.26:702][  0]LogConfig: Applying CVar settings from Section [TextureQuality@3] File [C:/Unreal Project/UMGReversi/Saved/Config/Windows/Scalability.ini]
[2023.03.02-08.41.26:702][  0]LogConfig: Setting CVar [[r.Streaming.MipBias:0]]
[2023.03.02-08.41.26:702][  0]LogConfig: Setting CVar [[r.Streaming.AmortizeCPUToGPUCopy:0]]
[2023.03.02-08.41.26:702][  0]LogConfig: Setting CVar [[r.Streaming.MaxNumTexturesToStreamPerFrame:0]]
[2023.03.02-08.41.26:702][  0]LogConfig: Setting CVar [[r.Streaming.Boost:1]]
[2023.03.02-08.41.26:702][  0]LogConfig: Setting CVar [[r.MaxAnisotropy:8]]
[2023.03.02-08.41.26:702][  0]LogConfig: Setting CVar [[r.VT.MaxAnisotropy:8]]
[2023.03.02-08.41.26:702][  0]LogConfig: Setting CVar [[r.Streaming.LimitPoolSizeToVRAM:0]]
[2023.03.02-08.41.26:702][  0]LogConfig: Setting CVar [[r.Streaming.PoolSize:1000]]
[2023.03.02-08.41.26:702][  0]LogConfig: Setting CVar [[r.Streaming.MaxEffectiveScreenSize:0]]
[2023.03.02-08.41.26:702][  0]LogConfig: Applying CVar settings from Section [EffectsQuality@3] File [C:/Unreal Project/UMGReversi/Saved/Config/Windows/Scalability.ini]
[2023.03.02-08.41.26:702][  0]LogConfig: Setting CVar [[r.TranslucencyLightingVolumeDim:64]]
[2023.03.02-08.41.26:702][  0]LogConfig: Setting CVar [[r.RefractionQuality:2]]
[2023.03.02-08.41.26:702][  0]LogConfig: Setting CVar [[r.SSR.Quality:3]]
[2023.03.02-08.41.26:702][  0]LogConfig: Setting CVar [[r.SSR.HalfResSceneColor:0]]
[2023.03.02-08.41.26:702][  0]LogConfig: Setting CVar [[r.SceneColorFormat:4]]
[2023.03.02-08.41.26:702][  0]LogConfig: Setting CVar [[r.DetailMode:2]]
[2023.03.02-08.41.26:702][  0]LogConfig: Setting CVar [[r.TranslucencyVolumeBlur:1]]
[2023.03.02-08.41.26:702][  0]LogConfig: Setting CVar [[r.MaterialQualityLevel:1 ; High quality]]
[2023.03.02-08.41.26:702][  0]LogConfig: Setting CVar [[r.AnisotropicMaterials:1]]
[2023.03.02-08.41.26:702][  0]LogConfig: Setting CVar [[r.SSS.Scale:1]]
[2023.03.02-08.41.26:702][  0]LogConfig: Setting CVar [[r.SSS.SampleSet:2]]
[2023.03.02-08.41.26:702][  0]LogConfig: Setting CVar [[r.SSS.Quality:1]]
[2023.03.02-08.41.26:702][  0]LogConfig: Setting CVar [[r.SSS.HalfRes:0]]
[2023.03.02-08.41.26:702][  0]LogConfig: Setting CVar [[r.SSGI.Quality:3]]
[2023.03.02-08.41.26:702][  0]LogConfig: Setting CVar [[r.EmitterSpawnRateScale:1.0]]
[2023.03.02-08.41.26:702][  0]LogConfig: Setting CVar [[r.ParticleLightQuality:2]]
[2023.03.02-08.41.26:702][  0]LogConfig: Setting CVar [[r.SkyAtmosphere.AerialPerspectiveLUT.FastApplyOnOpaque:1 ; Always have FastSkyLUT 1 in this case to avoid wrong sky]]
[2023.03.02-08.41.26:702][  0]LogConfig: Setting CVar [[r.SkyAtmosphere.AerialPerspectiveLUT.SampleCountMaxPerSlice:4]]
[2023.03.02-08.41.26:702][  0]LogConfig: Setting CVar [[r.SkyAtmosphere.AerialPerspectiveLUT.DepthResolution:16.0]]
[2023.03.02-08.41.26:702][  0]LogConfig: Setting CVar [[r.SkyAtmosphere.FastSkyLUT:1]]
[2023.03.02-08.41.26:702][  0]LogConfig: Setting CVar [[r.SkyAtmosphere.FastSkyLUT.SampleCountMin:4.0]]
[2023.03.02-08.41.26:702][  0]LogConfig: Setting CVar [[r.SkyAtmosphere.FastSkyLUT.SampleCountMax:128.0]]
[2023.03.02-08.41.26:702][  0]LogConfig: Setting CVar [[r.SkyAtmosphere.SampleCountMin:4.0]]
[2023.03.02-08.41.26:702][  0]LogConfig: Setting CVar [[r.SkyAtmosphere.SampleCountMax:128.0]]
[2023.03.02-08.41.26:702][  0]LogConfig: Setting CVar [[r.SkyAtmosphere.TransmittanceLUT.UseSmallFormat:0]]
[2023.03.02-08.41.26:702][  0]LogConfig: Setting CVar [[r.SkyAtmosphere.TransmittanceLUT.SampleCount:10.0]]
[2023.03.02-08.41.26:702][  0]LogConfig: Setting CVar [[r.SkyAtmosphere.MultiScatteringLUT.SampleCount:15.0]]
[2023.03.02-08.41.26:702][  0]LogConfig: Setting CVar [[r.SkyLight.RealTimeReflectionCapture:1]]
[2023.03.02-08.41.26:702][  0]LogConfig: Applying CVar settings from Section [FoliageQuality@3] File [C:/Unreal Project/UMGReversi/Saved/Config/Windows/Scalability.ini]
[2023.03.02-08.41.26:702][  0]LogConfig: Setting CVar [[foliage.DensityScale:1.0]]
[2023.03.02-08.41.26:702][  0]LogConfig: Setting CVar [[grass.DensityScale:1.0]]
[2023.03.02-08.41.26:702][  0]LogConfig: Applying CVar settings from Section [ShadingQuality@3] File [C:/Unreal Project/UMGReversi/Saved/Config/Windows/Scalability.ini]
[2023.03.02-08.41.26:702][  0]LogConfig: Setting CVar [[r.HairStrands.SkyLighting.IntegrationType:2]]
[2023.03.02-08.41.26:702][  0]LogConfig: Setting CVar [[r.HairStrands.SkyAO.SampleCount:4]]
[2023.03.02-08.41.26:702][  0]LogConfig: Setting CVar [[r.HairStrands.Visibility.MSAA.SamplePerPixel:4]]
[2023.03.02-08.41.26:702][  0]LogConfig: Applying CVar settings from Section [Startup] File [../../../Engine/Config/ConsoleVariables.ini]
[2023.03.02-08.41.26:702][  0]LogConfig: Setting CVar [[net.UseAdaptiveNetUpdateFrequency:0]]
[2023.03.02-08.41.26:702][  0]LogConfig: Setting CVar [[p.chaos.AllowCreatePhysxBodies:1]]
[2023.03.02-08.41.26:702][  0]LogConfig: Setting CVar [[fx.SkipVectorVMBackendOptimizations:1]]
[2023.03.02-08.41.26:702][  0]LogConfig: Applying CVar settings from Section [ConsoleVariables] File [C:/Unreal Project/UMGReversi/Saved/Config/Windows/Engine.ini]
[2023.03.02-08.41.26:702][  0]LogConfig: Applying CVar settings from Section [ConsoleVariables] File [C:/Unreal Project/UMGReversi/Saved/Config/Windows/Editor.ini]
[2023.03.02-08.41.26:703][  0]LogInit: Computer: ACT-DES23003
[2023.03.02-08.41.26:703][  0]LogInit: User: Admn
[2023.03.02-08.41.26:703][  0]LogInit: CPU Page size=4096, Cores=8
[2023.03.02-08.41.26:703][  0]LogInit: High frequency timer resolution =10.000000 MHz
[2023.03.02-08.41.26:703][  0]LogMemory: Memory total: Physical=31.1GB (32GB approx)
[2023.03.02-08.41.26:703][  0]LogMemory: Platform Memory Stats for Windows
[2023.03.02-08.41.26:703][  0]LogMemory: Process Physical Memory: 137.81 MB used, 137.81 MB peak
[2023.03.02-08.41.26:703][  0]LogMemory: Process Virtual Memory: 109.18 MB used, 109.18 MB peak
[2023.03.02-08.41.26:703][  0]LogMemory: Physical Memory: 15115.71 MB used,  16779.18 MB free, 31894.89 MB total
[2023.03.02-08.41.26:703][  0]LogMemory: Virtual Memory: 134200456.00 MB used,  17270.74 MB free, 134217728.00 MB total
[2023.03.02-08.41.26:705][  0]LogWindows: WindowsPlatformFeatures enabled
[2023.03.02-08.41.26:727][  0]LogInit: Physics initialised using underlying interface: PhysX
[2023.03.02-08.41.26:727][  0]LogInit: Using OS detected language (en-US).
[2023.03.02-08.41.26:727][  0]LogInit: Using OS detected locale (en-US).
[2023.03.02-08.41.26:730][  0]LogTextLocalizationManager: No specific localization for 'en-US' exists, so the 'en' localization will be used.
[2023.03.02-08.41.27:007][  0]LogTargetPlatformManager: Display: Loaded TargetPlatform 'AllDesktop'
[2023.03.02-08.41.27:019][  0]LogTargetPlatformManager: Display: Loaded TargetPlatform 'Android'
[2023.03.02-08.41.27:019][  0]LogTargetPlatformManager: Display: Loaded TargetPlatform 'Android_ASTC'
[2023.03.02-08.41.27:019][  0]LogTargetPlatformManager: Display: Loaded TargetPlatform 'Android_DXT'
[2023.03.02-08.41.27:019][  0]LogTargetPlatformManager: Display: Loaded TargetPlatform 'Android_ETC2'
[2023.03.02-08.41.27:019][  0]LogTargetPlatformManager: Display: Loaded TargetPlatform 'AndroidClient'
[2023.03.02-08.41.27:019][  0]LogTargetPlatformManager: Display: Loaded TargetPlatform 'Android_ASTCClient'
[2023.03.02-08.41.27:019][  0]LogTargetPlatformManager: Display: Loaded TargetPlatform 'Android_DXTClient'
[2023.03.02-08.41.27:019][  0]LogTargetPlatformManager: Display: Loaded TargetPlatform 'Android_ETC2Client'
[2023.03.02-08.41.27:019][  0]LogTargetPlatformManager: Display: Loaded TargetPlatform 'Android_Multi'
[2023.03.02-08.41.27:019][  0]LogTargetPlatformManager: Display: Loaded TargetPlatform 'Android_MultiClient'
[2023.03.02-08.41.27:029][  0]LogTargetPlatformManager: Display: Loaded TargetPlatform 'IOSClient'
[2023.03.02-08.41.27:029][  0]LogTargetPlatformManager: Display: Loaded TargetPlatform 'IOS'
[2023.03.02-08.41.27:043][  0]LogTargetPlatformManager: Display: Loaded TargetPlatform 'Lumin'
[2023.03.02-08.41.27:043][  0]LogTargetPlatformManager: Display: Loaded TargetPlatform 'LuminClient'
[2023.03.02-08.41.27:048][  0]LogTargetPlatformManager: Display: Loaded TargetPlatform 'MacNoEditor'
[2023.03.02-08.41.27:050][  0]LogTargetPlatformManager: Display: Loaded TargetPlatform 'Mac'
[2023.03.02-08.41.27:052][  0]LogTargetPlatformManager: Display: Loaded TargetPlatform 'MacClient'
[2023.03.02-08.41.27:055][  0]LogTargetPlatformManager: Display: Loaded TargetPlatform 'MacServer'
[2023.03.02-08.41.27:060][  0]LogTargetPlatformManager: Display: Loaded TargetPlatform 'TVOSClient'
[2023.03.02-08.41.27:060][  0]LogTargetPlatformManager: Display: Loaded TargetPlatform 'TVOS'
[2023.03.02-08.41.27:065][  0]LogTargetPlatformManager: Display: Loaded TargetPlatform 'WindowsNoEditor'
[2023.03.02-08.41.27:068][  0]LogTargetPlatformManager: Display: Loaded TargetPlatform 'Windows'
[2023.03.02-08.41.27:070][  0]LogTargetPlatformManager: Display: Loaded TargetPlatform 'WindowsClient'
[2023.03.02-08.41.27:072][  0]LogTargetPlatformManager: Display: Loaded TargetPlatform 'WindowsServer'
[2023.03.02-08.41.27:072][  0]LogTargetPlatformManager: Display: Building Assets For Windows
[2023.03.02-08.41.27:076][  0]LogAudioDebug: Display: Lib vorbis DLL was dynamically loaded.
[2023.03.02-08.41.27:095][  0]LogTextureFormatOodle: Display: Oodle Texture 2.9.0 init RDO Off
[2023.03.02-08.41.27:114][  0]LogRendererCore: Ray tracing is disabled. Reason: r.RayTracing=0.
[2023.03.02-08.41.27:114][  0]LogDerivedDataCache: Display: Max Cache Size: 512 MB
[2023.03.02-08.41.27:149][  0]LogDerivedDataCache: Loaded boot cache 0.03s 94MB ../../../../Unreal Project/UMGReversi/DerivedDataCache/Boot.ddc.
[2023.03.02-08.41.27:149][  0]LogDerivedDataCache: Display: Loaded Boot cache: ../../../../Unreal Project/UMGReversi/DerivedDataCache/Boot.ddc
[2023.03.02-08.41.27:149][  0]LogDerivedDataCache: FDerivedDataBackendGraph:  Pak pak cache file ../../../../Unreal Project/UMGReversi/DerivedDataCache/DDC.ddp not found, will not use a pak cache.
[2023.03.02-08.41.27:149][  0]LogDerivedDataCache: Unable to find inner node Pak for hierarchical cache Hierarchy.
[2023.03.02-08.41.27:153][  0]LogDerivedDataCache: Speed tests for ../../../Engine/DerivedDataCache took 0.00 seconds
[2023.03.02-08.41.27:153][  0]LogDerivedDataCache: Display: Performance to ../../../Engine/DerivedDataCache: Latency=0.02ms. RandomReadSpeed=1757.11MBs, RandomWriteSpeed=273.79MBs. Assigned SpeedClass 'Local'
[2023.03.02-08.41.27:154][  0]LogDerivedDataCache: Using Local data cache path ../../../Engine/DerivedDataCache: Writable
[2023.03.02-08.41.27:158][  0]LogAssetRegistry: FAssetRegistry took 0.0015 seconds to start up
[2023.03.02-08.41.27:295][  0]LogInit: Selected Device Profile: [Windows]
[2023.03.02-08.41.27:295][  0]LogInit: Active device profile: [00000179C32F5500][00000179BBC78B00 49] Windows
[2023.03.02-08.41.27:295][  0]LogInit: Profiles: [00000179C32F5500][00000179BBC78B00 49] Windows, [00000179C32F4100][00000179BF08EC80 49] WindowsNoEditor, [00000179C32A3E00][00000179BF092E00 49] WindowsServer, [00000179C328E200][00000179BF096F80 49] WindowsClient, [00000179C32A0300][00000179BF09B100 49] IOS, [00000179C328C500][00000179BF09F280 49] iPadAir, [00000179C32A1E00][00000179BF0A3400 49] iPadAir2, [00000179C323C800][00000179BF0B16C0 49] IPadPro, [00000179C323C900][00000179BF0A7700 49] iPadAir3, [00000179C32A3C00][00000179BF0BB880 49] iPadAir4, [00000179C323C700][00000179BF0BFA00 49] iPadMini2, [00000179C32A0700][00000179BF0C3B80 49] iPadMini3, [00000179C323D500][00000179BF0C6180 49] iPadMini4, [00000179C32A1300][00000179BF0CA300 49] iPadMini5, [00000179C328D300][00000179BF0D25C0 49] iPhone6, [00000179C322FF00][00000179BF0CE600 49] iPodTouch6, [00000179C328C200][00000179BBC74880 49] iPhone7, [00000179C328CE00][00000179BF0D68C0 49] iPodTouch7, [00000179C322C800][00000179BF0DAA00 49] iPhone5S, [00000179C328D200][00000179BF0DEB40 49] iPhone6Plus, [00000179C322F200][00000179BF0E6CC0 49] iPhone6S, [00000179C328CC00][00000179BF0EAE40 49] iPhone6SPlus, [00000179C322D000][00000179BF0EEFC0 49] iPhone7Plus, [00000179C328D400][00000179BF0F3140 49] iPhoneSE, [00000179C322EA00][00000179BF0F72C0 49] iPhone8, [00000179C328E900][00000179BF0FB440 49] iPhone8Plus, [00000179C322D800][00000179BF0FF5C0 49] iPhoneX, [00000179C328FD00][00000179BF103740 49] iPhoneXS, [00000179C322E200][00000179BF1078C0 49] iPhoneXSMax, [00000179C328D900][00000179BF10BA40 49] iPhoneXR, [00000179C322F600][00000179C3951BC0 49] iPhone11, [00000179C328EC00][00000179C39541C0 49] iPhone11Pro, [00000179C322FD00][00000179C3958340 49] iPhone11ProMax, [00000179C328E000][00000179C395C4C0 49] iPhoneSE2, [00000179C322C500][00000179C3960640 49] iPhone12Mini, [00000179C328CA00][00000179C39647C0 49] iPhone12, [00000179C322DD00][00000179C3968940 49] iPhone12Pro, [00000179C328D600][00000179BF0E2A80 49] iPhone12ProMax, [00000179C322EB00][00000179C396CBC0 49] iPadPro105, [00000179C328C100][00000179C3970D00 49] iPadPro129, [00000179C322F300][00000179C3974E40 49] iPadPro97, [00000179C328F000][00000179C397CFC0 49] iPadPro2_129, [00000179C322E700][00000179C3981140 49] iPad5, [00000179C328D800][00000179C39852C0 49] iPad6, [00000179C322DA00][00000179C3989440 49] iPad7, [00000179C328E100][00000179C398D5C0 49] iPad8, [00000179C322D300][00000179C3991740 49] iPadPro11, [00000179C328F300][00000179C39958C0 49] iPadPro2_11, [00000179C322E300][00000179C3999A40 49] iPadPro3_129, [00000179C328F500][00000179C399DBC0 49] iPadPro4_129, [00000179C322C100][00000179C39A01C0 49] AppleTV, [00000179C328F100][00000179C39A4340 49] AppleTV4K, [00000179C322D400][00000179C39A84C0 49] TVOS, [00000179C328D000][00000179C39AC640 49] Mac, [00000179C322FA00][00000179C39B07C0 49] MacClient, [00000179C328E700][00000179C39B4940 49] MacNoEditor, [00000179C322EC00][00000179C39B8AC0 49] MacServer, [00000179C328FA00][00000179C3978C00 49] Linux, [00000179C322C600][00000179C39BCD40 49] LinuxAArch64, [00000179C328E600][00000179C39C0E80 49] LinuxNoEditor, [00000179C322CA00][00000179C39C4FC0 49] LinuxAArch64NoEditor, [00000179C328E400][00000179C39CD140 49] LinuxClient, [00000179C322E600][00000179C39D12C0 49] LinuxAArch64Client, [00000179C328CB00][00000179C39D5440 49] LinuxServer, [00000179C322C900][00000179C39D95C0 49] LinuxAArch64Server, [00000179C328E300][00000179C39DD740 49] Android, [00000179C322F100][00000179C39E18C0 49] Android_Low, [00000179C328ED00][00000179C39E5A40 49] Android_Mid, [00000179C32A0D00][00000179C39E9BC0 49] Android_High, [00000179C32F4700][00000179C39EC1C0 49] Android_Default, [00000179C32A2F00][00000179C39F0340 49] Android_Adreno4xx, [00000179C32F5300][00000179C39F44C0 49] Android_Adreno5xx_Low, [00000179C32A2E00][00000179C39F8640 49] Android_Adreno5xx, [00000179C32F6A00][00000179C39FC7C0 49] Android_Adreno6xx, [00000179C32A0100][00000179C3A00940 49] Android_Adreno6xx_Vulkan, [00000179C32F6800][00000179C3A04AC0 49] Android_Mali_T6xx, [00000179C32A1600][00000179C3A08C40 49] Android_Mali_T7xx, [00000179C32F6B00][00000179C3A0CDC0 49] Android_Mali_T8xx, [00000179C32A2B00][00000179C39C8F00 49] Android_Mali_G71, [00000179C32F5900][00000179C3A11040 49] Android_Mali_G72, [00000179C32A0C00][00000179C3A15180 49] Android_Mali_G72_Vulkan, [00000179C32F4900][00000179C3A1D300 49] Android_Mali_G76, [00000179C32A2300][00000179C3A21480 49] Android_Mali_G76_Vulkan, [00000179C32F6500][00000179C3A25600 49] Android_Mali_G77, [00000179C32A0A00][00000179C3A29780 49] Android_Mali_G77_Vulkan, [00000179C32F6E00][00000179C3A2D900 49] Android_Mali_G78, [00000179C32A3A00][00000179C3A31A80 49] Android_Mali_G78_Vulkan, [00000179C32F5200][00000179C3A35C00 49] Android_Mali_G710, [00000179C32A2000][00000179C3A38200 49] Android_Mali_G710_Vulkan, [00000179C32F6200][00000179C3A3C380 49] Android_Vulkan_SM5, [00000179C32A3D00][00000179C3A40500 49] Android_PowerVR_G6xxx, [00000179C32F4400][00000179C3A44680 49] Android_PowerVR_GT7xxx, [00000179C32A1C00][00000179C3A48800 49] Android_PowerVR_GE8xxx, [00000179C32F4300][00000179C3A4C980 49] Android_PowerVR_GM9xxx, [00000179C328E500][00000179C3A50B00 49] Android_PowerVR_GM9xxx_Vulkan, [00000179C32F4800][00000179C3A54C80 49] Android_TegraK1, [00000179C328DE00][00000179C3A58E00 49] Android_Unknown_Vulkan, [00000179C32F4A00][00000179C3A5CF80 49] Lumin, [00000179C328F900][00000179C3A190C0 49] Lumin_Desktop, [00000179C32F6900][00000179C3A61200 49] HoloLens, 
[2023.03.02-08.41.27:311][  0]LogMeshReduction: Using QuadricMeshReduction for automatic static mesh reduction
[2023.03.02-08.41.27:311][  0]LogMeshReduction: Using SimplygonMeshReduction for automatic skeletal mesh reduction
[2023.03.02-08.41.27:311][  0]LogMeshReduction: Using ProxyLODMeshReduction for automatic mesh merging
[2023.03.02-08.41.27:311][  0]LogMeshReduction: No distributed automatic mesh merging module available
[2023.03.02-08.41.27:311][  0]LogMeshMerging: No distributed automatic mesh merging module available
[2023.03.02-08.41.27:315][  0]LogNetVersion: UMGReversi 1.0.0, NetCL: 0, EngineNetVer: 17, GameNetVer: 0 (Checksum: 4183442742)
[2023.03.02-08.41.27:398][  0]LogHMD: PokeAHoleMaterial loaded successfully
[2023.03.02-08.41.27:449][  0]LogCollectionManager: Loaded 0 collections in 0.001682 seconds
[2023.03.02-08.41.27:450][  0]LogFileCache: Scanning file cache for directory 'C:/Unreal Project/UMGReversi/Saved/Collections/' took 0.00s
[2023.03.02-08.41.27:450][  0]LogFileCache: Scanning file cache for directory 'C:/Unreal Project/UMGReversi/Content/Developers/Admn/Collections/' took 0.00s
[2023.03.02-08.41.27:450][  0]LogFileCache: Scanning file cache for directory 'C:/Unreal Project/UMGReversi/Content/Collections/' took 0.00s
[2023.03.02-08.41.27:450][  0]LogCollectionManager: Fixed up redirectors for 0 collections in 0.000001 seconds (updated 0 objects)
[2023.03.02-08.41.27:504][  0]LogNiagaraDebuggerClient: Niagara Debugger Client Initialized | Session: E3C6455B4B9D5E18D7C0E6B9E626B761 | Instance: 8CC824B34DC8C3193CE853A1F46D0DE2 (ACT-DES23003-13704).
[2023.03.02-08.41.27:565][  0]LogPython: Using Python 3.7.7
[2023.03.02-08.41.27:998][  0]SourceControl: Source control is disabled
[2023.03.02-08.41.27:998][  0]SourceControl: Source control is disabled
[2023.03.02-08.41.28:004][  0]SourceControl: Source control is disabled
[2023.03.02-08.41.28:005][  0]SourceControl: Source control is disabled
[2023.03.02-08.41.28:011][  0]LogOpenImageDenoise: OIDN starting up
[2023.03.02-08.41.28:012][  0]SourceControl: Source control is disabled
[2023.03.02-08.41.28:019][  0]LogUProjectInfo: Found projects:
[2023.03.02-08.41.28:035][  0]LogAndroidPermission: UAndroidPermissionCallbackProxy::GetInstance
[2023.03.02-08.41.28:047][  0]LogAudioCaptureCore: Display: No Audio Capture implementations found. Audio input will be silent.
[2023.03.02-08.41.28:047][  0]LogAudioCaptureCore: Display: No Audio Capture implementations found. Audio input will be silent.
[2023.03.02-08.41.28:110][  0]LogOcInput: OculusInput pre-init called
[2023.03.02-08.41.28:129][  0]LogUObjectArray: 23048 objects as part of root set at end of initial load.
[2023.03.02-08.41.28:129][  0]LogUObjectAllocator: 6354304 out of 0 bytes used by permanent object pool.
[2023.03.02-08.41.28:129][  0]LogUObjectArray: CloseDisregardForGC: 0/0 objects in disregard for GC pool
[2023.03.02-08.41.28:131][  0]LogInit: Error: VisualStudioToolsCommandlet looked like a commandlet, but we could not find the class.
[2023.03.02-08.41.28:131][  0]LogCore: Engine exit requested (reason: Failed to find commandlet class VisualStudioToolsCommandlet)
[2023.03.02-08.41.28:131][  0]LogCore: Engine exit requested (reason: EngineExit() was called; note: exit was already requested)
[2023.03.02-08.41.28:131][  0]LogExit: Preparing to exit.
[2023.03.02-08.41.28:153][  0]LogUObjectHash: Compacting FUObjectHashTables data took   0.50ms
[2023.03.02-08.41.28:198][  0]LogDemo: Cleaned up 0 splitscreen connections with owner deletion
[2023.03.02-08.41.28:226][  0]LogExit: Object subsystem successfully closed.
[2023.03.02-08.41.28:248][  0]LogModuleManager: Shutting down and abandoning module AudioSynesthesiaEditor (580)
[2023.03.02-08.41.28:248][  0]LogModuleManager: Shutting down and abandoning module OculusEditor (578)
[2023.03.02-08.41.28:248][  0]LogModuleManager: Shutting down and abandoning module OculusInput (576)
[2023.03.02-08.41.28:248][  0]LogModuleManager: Shutting down and abandoning module ContentBrowserFileDataSource (574)
[2023.03.02-08.41.28:248][  0]LogModuleManager: Shutting down and abandoning module ContentBrowserClassDataSource (572)
[2023.03.02-08.41.28:248][  0]LogModuleManager: Shutting down and abandoning module ContentBrowserAssetDataSource (570)
[2023.03.02-08.41.28:248][  0]LogModuleManager: Shutting down and abandoning module ToolMenus (569)
[2023.03.02-08.41.28:248][  0]LogModuleManager: Shutting down and abandoning module SynthesisEditor (566)
[2023.03.02-08.41.28:248][  0]LogModuleManager: Shutting down and abandoning module Synthesis (564)
[2023.03.02-08.41.28:248][  0]LogModuleManager: Shutting down and abandoning module ProceduralMeshComponentEditor (562)
[2023.03.02-08.41.28:248][  0]LogModuleManager: Shutting down and abandoning module ProceduralMeshComponent (560)
[2023.03.02-08.41.28:248][  0]LogModuleManager: Shutting down and abandoning module TakeSequencer (558)
[2023.03.02-08.41.28:248][  0]LogModuleManager: Shutting down and abandoning module TakeMovieScene (556)
[2023.03.02-08.41.28:248][  0]LogModuleManager: Shutting down and abandoning module OpenXREditor (554)
[2023.03.02-08.41.28:248][  0]LogModuleManager: Shutting down and abandoning module MobilePatchingUtils (552)
[2023.03.02-08.41.28:248][  0]LogModuleManager: Shutting down and abandoning module GooglePAD (550)
[2023.03.02-08.41.28:248][  0]LogModuleManager: Shutting down and abandoning module EditableMesh (548)
[2023.03.02-08.41.28:248][  0]LogModuleManager: Shutting down and abandoning module CustomMeshComponent (546)
[2023.03.02-08.41.28:248][  0]LogModuleManager: Shutting down and abandoning module CableComponent (544)
[2023.03.02-08.41.28:248][  0]LogModuleManager: Shutting down and abandoning module AudioCapture (542)
[2023.03.02-08.41.28:248][  0]LogModuleManager: Shutting down and abandoning module AudioCaptureRtAudio (541)
[2023.03.02-08.41.28:248][  0]LogModuleManager: Shutting down and abandoning module AssetTags (538)
[2023.03.02-08.41.28:248][  0]LogModuleManager: Shutting down and abandoning module ArchVisCharacter (536)
[2023.03.02-08.41.28:248][  0]LogModuleManager: Shutting down and abandoning module AppleImageUtilsBlueprintSupport (534)
[2023.03.02-08.41.28:248][  0]LogModuleManager: Shutting down and abandoning module AppleImageUtils (532)
[2023.03.02-08.41.28:248][  0]LogModuleManager: Shutting down and abandoning module AndroidPermission (530)
[2023.03.02-08.41.28:248][  0]LogModuleManager: Shutting down and abandoning module ActorLayerUtilitiesEditor (528)
[2023.03.02-08.41.28:248][  0]LogModuleManager: Shutting down and abandoning module ActorLayerUtilities (526)
[2023.03.02-08.41.28:248][  0]LogModuleManager: Shutting down and abandoning module VariantManagerContentEditor (524)
[2023.03.02-08.41.28:248][  0]LogModuleManager: Shutting down and abandoning module DatasmithContentEditor (522)
[2023.03.02-08.41.28:248][  0]LogModuleManager: Shutting down and abandoning module ScreenshotTools (520)
[2023.03.02-08.41.28:248][  0]LogModuleManager: Shutting down and abandoning module MediaCompositing (518)
[2023.03.02-08.41.28:248][  0]LogModuleManager: Shutting down and abandoning module VisualStudioCodeSourceCodeAccess (516)
[2023.03.02-08.41.28:248][  0]LogModuleManager: Shutting down and abandoning module VisualStudioSourceCodeAccess (514)
[2023.03.02-08.41.28:248][  0]LogModuleManager: Shutting down and abandoning module TemplateSequence (512)
[2023.03.02-08.41.28:248][  0]LogModuleManager: Shutting down and abandoning module MagicLeapSharedWorld (510)
[2023.03.02-08.41.28:248][  0]LogModuleManager: Shutting down and abandoning module UObjectPlugin (508)
[2023.03.02-08.41.28:248][  0]LogModuleManager: Shutting down and abandoning module MagicLeapLightEstimation (506)
[2023.03.02-08.41.28:248][  0]LogModuleManager: Shutting down and abandoning module SubversionSourceControl (504)
[2023.03.02-08.41.28:248][  0]LogModuleManager: Shutting down and abandoning module OpenImageDenoise (502)
[2023.03.02-08.41.28:248][  0]LogOpenImageDenoise: OIDN shutting down
[2023.03.02-08.41.28:248][  0]LogModuleManager: Shutting down and abandoning module MotoSynthEditor (500)
[2023.03.02-08.41.28:248][  0]LogModuleManager: Shutting down and abandoning module MotoSynth (498)
[2023.03.02-08.41.28:248][  0]LogModuleManager: Shutting down and abandoning module PluginUtils (496)
[2023.03.02-08.41.28:248][  0]LogModuleManager: Shutting down and abandoning module PlasticSourceControl (494)
[2023.03.02-08.41.28:248][  0]LogModuleManager: Shutting down and abandoning module PerforceSourceControl (492)
[2023.03.02-08.41.28:248][  0]LogModuleManager: Shutting down and abandoning module MagicLeapHelperVulkan (490)
[2023.03.02-08.41.28:248][  0]LogModuleManager: Shutting down and abandoning module MagicLeapHelperOpenGL (488)
[2023.03.02-08.41.28:248][  0]LogModuleManager: Shutting down and abandoning module MagicLeapAudio (486)
[2023.03.02-08.41.28:248][  0]LogModuleManager: Shutting down and abandoning module GitSourceControl (484)
[2023.03.02-08.41.28:248][  0]LogModuleManager: Shutting down and abandoning module SourceControl (483)
[2023.03.02-08.41.28:248][  0]LogModuleManager: Shutting down and abandoning module MeshConversion (480)
[2023.03.02-08.41.28:248][  0]LogModuleManager: Shutting down and abandoning module DynamicMesh (478)
[2023.03.02-08.41.28:248][  0]LogModuleManager: Shutting down and abandoning module GeometryAlgorithms (476)
[2023.03.02-08.41.28:248][  0]LogModuleManager: Shutting down and abandoning module GeometricObjects (474)
[2023.03.02-08.41.28:248][  0]LogModuleManager: Shutting down and abandoning module CLionSourceCodeAccess (472)
[2023.03.02-08.41.28:248][  0]LogModuleManager: Shutting down and abandoning module AnimationSharingEd (470)
[2023.03.02-08.41.28:248][  0]LogModuleManager: Shutting down and abandoning module NiagaraEditorWidgets (468)
[2023.03.02-08.41.28:249][  0]LogModuleManager: Shutting down and abandoning module GeometryCollectionTracks (466)
[2023.03.02-08.41.28:249][  0]LogModuleManager: Shutting down and abandoning module GeometryCollectionSequencer (465)
[2023.03.02-08.41.28:249][  0]LogModuleManager: Shutting down and abandoning module GeometryCollectionEditor (462)
[2023.03.02-08.41.28:249][  0]LogModuleManager: Shutting down and abandoning module GeometryCacheTracks (460)
[2023.03.02-08.41.28:249][  0]LogModuleManager: Shutting down and abandoning module GeometryCacheStreamer (458)
[2023.03.02-08.41.28:249][  0]LogModuleManager: Shutting down and abandoning module GeometryCacheSequencer (456)
[2023.03.02-08.41.28:249][  0]LogModuleManager: Shutting down and abandoning module ChaosNiagara (454)
[2023.03.02-08.41.28:249][  0]LogModuleManager: Shutting down and abandoning module ChaosSolverEditor (452)
[2023.03.02-08.41.28:249][  0]LogModuleManager: Shutting down and abandoning module FractureEditor (450)
[2023.03.02-08.41.28:249][  0]LogModuleManager: Shutting down and abandoning module FieldSystemEngine (449)
[2023.03.02-08.41.28:249][  0]LogModuleManager: Shutting down and abandoning module ChaosClothEditor (446)
[2023.03.02-08.41.28:249][  0]LogModuleManager: Shutting down and abandoning module AutomationUtilsEditor (444)
[2023.03.02-08.41.28:249][  0]LogModuleManager: Shutting down and abandoning module AutomationUtils (442)
[2023.03.02-08.41.28:249][  0]LogModuleManager: Shutting down and abandoning module AlembicImporter (440)
[2023.03.02-08.41.28:249][  0]LogModuleManager: Shutting down and abandoning module AlembicLibrary (439)
[2023.03.02-08.41.28:249][  0]LogModuleManager: Shutting down and abandoning module GeometryCache (438)
[2023.03.02-08.41.28:249][  0]LogModuleManager: Shutting down and abandoning module GeometryCacheEd (437)
[2023.03.02-08.41.28:249][  0]LogModuleManager: Shutting down and abandoning module SpeedTreeImporter (432)
[2023.03.02-08.41.28:249][  0]LogModuleManager: Shutting down and abandoning module CryptoKeysOpenSSL (430)
[2023.03.02-08.41.28:249][  0]LogModuleManager: Shutting down and abandoning module CryptoKeys (428)
[2023.03.02-08.41.28:249][  0]LogModuleManager: Shutting down and abandoning module MobileLauncherProfileWizard (426)
[2023.03.02-08.41.28:249][  0]LogModuleManager: Shutting down and abandoning module PluginBrowser (424)
[2023.03.02-08.41.28:249][  0]LogModuleManager: Shutting down and abandoning module MaterialAnalyzer (422)
[2023.03.02-08.41.28:249][  0]LogModuleManager: Shutting down and abandoning module CurveEditorTools (420)
[2023.03.02-08.41.28:249][  0]LogModuleManager: Shutting down and abandoning module OodleNetworkHandlerComponent (418)
[2023.03.02-08.41.28:249][  0]LogModuleManager: Shutting down and abandoning module LightPropagationVolumeEditor (416)
[2023.03.02-08.41.28:249][  0]LogModuleManager: Shutting down and abandoning module LiveLinkSequencer (414)
[2023.03.02-08.41.28:249][  0]LogModuleManager: Shutting down and abandoning module LiveLinkMovieScene (412)
[2023.03.02-08.41.28:249][  0]LogModuleManager: Shutting down and abandoning module LiveLinkGraphNode (410)
[2023.03.02-08.41.28:249][  0]LogModuleManager: Shutting down and abandoning module LiveLinkEditor (408)
[2023.03.02-08.41.28:249][  0]LogModuleManager: Shutting down and abandoning module LiveLinkComponents (406)
[2023.03.02-08.41.28:249][  0]LogModuleManager: Shutting down and abandoning module LiveLink (404)
[2023.03.02-08.41.28:882][  0]LogModuleManager: Shutting down and abandoning module PaperTiledImporter (402)
[2023.03.02-08.41.28:882][  0]LogModuleManager: Shutting down and abandoning module PaperSpriteSheetImporter (400)
[2023.03.02-08.41.28:882][  0]LogModuleManager: Shutting down and abandoning module Paper2DEditor (398)
[2023.03.02-08.41.28:882][  0]LogModuleManager: Shutting down and abandoning module MeshPaintingToolset (396)
[2023.03.02-08.41.28:882][  0]LogModuleManager: Shutting down and abandoning module MeshPaintEditorMode (394)
[2023.03.02-08.41.28:882][  0]LogModuleManager: Shutting down and abandoning module UMGReversi (392)
[2023.03.02-08.41.28:882][  0]LogModuleManager: Shutting down and abandoning module SoundFields (390)
[2023.03.02-08.41.28:882][  0]LogModuleManager: Shutting down and abandoning module SignificanceManager (388)
[2023.03.02-08.41.28:882][  0]LogModuleManager: Shutting down and abandoning module RuntimePhysXCooking (386)
[2023.03.02-08.41.28:882][  0]LogModuleManager: Shutting down and abandoning module PropertyAccessEditor (384)
[2023.03.02-08.41.28:882][  0]LogModuleManager: Shutting down and abandoning module PhysXVehiclesEditor (382)
[2023.03.02-08.41.28:882][  0]LogModuleManager: Shutting down and abandoning module LocationServicesBPLibrary (378)
[2023.03.02-08.41.28:882][  0]LogModuleManager: Shutting down and abandoning module AudioSynesthesia (376)
[2023.03.02-08.41.28:882][  0]LogModuleManager: Shutting down and abandoning module AudioSynesthesiaCore (374)
[2023.03.02-08.41.28:882][  0]LogModuleManager: Shutting down and abandoning module EnvironmentQueryEditor (372)
[2023.03.02-08.41.28:882][  0]LogModuleManager: Shutting down and abandoning module UdpMessaging (370)
[2023.03.02-08.41.28:882][  0]LogModuleManager: Shutting down and abandoning module MagicLeapARPin (368)
[2023.03.02-08.41.28:882][  0]LogModuleManager: Shutting down and abandoning module PythonScriptPlugin (366)
[2023.03.02-08.41.28:882][  0]LogModuleManager: Shutting down and abandoning module TcpMessaging (364)
[2023.03.02-08.41.28:882][  0]LogModuleManager: Shutting down and abandoning module PropertyAccessNode (362)
[2023.03.02-08.41.28:882][  0]LogModuleManager: Shutting down and abandoning module ActorSequence (360)
[2023.03.02-08.41.28:882][  0]LogModuleManager: Shutting down and abandoning module MagicLeapHandMeshing (358)
[2023.03.02-08.41.28:883][  0]LogModuleManager: Shutting down and abandoning module MagicLeapSecureStorage (356)
[2023.03.02-08.41.28:883][  0]LogModuleManager: Shutting down and abandoning module MagicLeapPrivileges (354)
[2023.03.02-08.41.28:883][  0]LogModuleManager: Shutting down and abandoning module MagicLeapPlanes (352)
[2023.03.02-08.41.28:883][  0]LogModuleManager: Shutting down and abandoning module MagicLeapImageTracker (350)
[2023.03.02-08.41.28:883][  0]LogModuleManager: Shutting down and abandoning module MagicLeapIdentity (348)
[2023.03.02-08.41.28:883][  0]LogModuleManager: Shutting down and abandoning module MagicLeapHandTracking (346)
[2023.03.02-08.41.28:883][  0]LogModuleManager: Shutting down and abandoning module MagicLeapEyeTracker (344)
[2023.03.02-08.41.28:883][  0]LogModuleManager: Shutting down and abandoning module MagicLeapController (342)
[2023.03.02-08.41.28:883][  0]LogModuleManager: Shutting down and abandoning module MagicLeapARPinImpl (340)
[2023.03.02-08.41.28:883][  0]LogModuleManager: Shutting down and abandoning module MagicLeapAR (338)
[2023.03.02-08.41.28:883][  0]LogModuleManager: Shutting down and abandoning module AnimationSharing (336)
[2023.03.02-08.41.28:883][  0]LogModuleManager: Shutting down and abandoning module NiagaraAnimNotifies (334)
[2023.03.02-08.41.28:883][  0]LogModuleManager: Shutting down and abandoning module Niagara (332)
[2023.03.02-08.41.28:883][  0]LogModuleManager: Shutting down and abandoning module SignalProcessing (331)
[2023.03.02-08.41.28:883][  0]LogModuleManager: Shutting down and abandoning module NiagaraEditor (329)
[2023.03.02-08.41.28:883][  0]LogModuleManager: Shutting down and abandoning module NiagaraCore (326)
[2023.03.02-08.41.28:883][  0]LogModuleManager: Shutting down and abandoning module GameplayTagsEditor (324)
[2023.03.02-08.41.28:883][  0]LogModuleManager: Shutting down and abandoning module DataValidation (322)
[2023.03.02-08.41.28:883][  0]LogModuleManager: Shutting down and abandoning module FacialAnimationEditor (320)
[2023.03.02-08.41.28:883][  0]LogModuleManager: Shutting down and abandoning module FacialAnimation (318)
[2023.03.02-08.41.28:883][  0]LogModuleManager: Shutting down and abandoning module AssetManagerEditor (316)
[2023.03.02-08.41.28:883][  0]LogModuleManager: Shutting down and abandoning module TreeMap (315)
[2023.03.02-08.41.28:883][  0]LogModuleManager: Shutting down and abandoning module GameplayCameras (312)
[2023.03.02-08.41.28:883][  0]LogModuleManager: Shutting down and abandoning module LightPropagationVolumeRuntime (310)
[2023.03.02-08.41.28:883][  0]LogModuleManager: Shutting down and abandoning module Paper2D (308)
[2023.03.02-08.41.28:883][  0]LogModuleManager: Shutting down and abandoning module NetworkReplayStreaming (306)
[2023.03.02-08.41.28:883][  0]LogModuleManager: Shutting down and abandoning module PacketHandler (304)
[2023.03.02-08.41.28:883][  0]LogModuleManager: Shutting down and abandoning module ClothingSystemEditor (302)
[2023.03.02-08.41.28:883][  0]LogModuleManager: Shutting down and abandoning module ClothingSystemRuntimeNv (300)
[2023.03.02-08.41.28:883][  0]LogModuleManager: Shutting down and abandoning module MediaAssets (298)
[2023.03.02-08.41.28:883][  0]LogModuleManager: Shutting down and abandoning module Overlay (296)
[2023.03.02-08.41.28:883][  0]LogModuleManager: Shutting down and abandoning module OverlayEditor (295)
[2023.03.02-08.41.28:883][  0]LogModuleManager: Shutting down and abandoning module Blutility (292)
[2023.03.02-08.41.28:883][  0]LogModuleManager: Shutting down and abandoning module LevelEditor (291)
[2023.03.02-08.41.28:884][  0]LogModuleManager: Shutting down and abandoning module PixelInspectorModule (290)
[2023.03.02-08.41.28:884][  0]LogModuleManager: Shutting down and abandoning module CommonMenuExtensions (288)
[2023.03.02-08.41.28:884][  0]LogModuleManager: Shutting down and abandoning module MainFrame (286)
[2023.03.02-08.41.28:884][  0]LogModuleManager: Shutting down and abandoning module HotReload (285)
[2023.03.02-08.41.28:884][  0]LogModuleManager: Shutting down and abandoning module ContentBrowser (281)
[2023.03.02-08.41.28:884][  0]LogModuleManager: Shutting down and abandoning module CollectionManager (280)
[2023.03.02-08.41.28:884][  0]LogModuleManager: Shutting down and abandoning module ContentBrowserData (278)
[2023.03.02-08.41.28:884][  0]LogModuleManager: Shutting down and abandoning module IntroTutorials (274)
[2023.03.02-08.41.28:884][  0]LogModuleManager: Shutting down and abandoning module VREditor (272)
[2023.03.02-08.41.28:884][  0]LogModuleManager: Shutting down and abandoning module StringTableEditor (270)
[2023.03.02-08.41.28:884][  0]LogModuleManager: Shutting down and abandoning module GameplayTasksEditor (268)
[2023.03.02-08.41.28:884][  0]LogModuleManager: Shutting down and abandoning module BehaviorTreeEditor (266)
[2023.03.02-08.41.28:884][  0]LogModuleManager: Shutting down and abandoning module FunctionalTesting (264)
[2023.03.02-08.41.28:884][  0]LogModuleManager: Shutting down and abandoning module CollisionAnalyzer (262)
[2023.03.02-08.41.28:884][  0]LogModuleManager: Shutting down and abandoning module WorkspaceMenuStructure (261)
[2023.03.02-08.41.28:884][  0]LogModuleManager: Shutting down and abandoning module UMG (258)
[2023.03.02-08.41.28:884][  0]LogModuleManager: Shutting down and abandoning module UMGEditor (257)
[2023.03.02-08.41.28:884][  0]LogModuleManager: Shutting down and abandoning module MessageLog (255)
[2023.03.02-08.41.28:884][  0]LogModuleManager: Shutting down and abandoning module SlateReflector (250)
[2023.03.02-08.41.28:884][  0]LogModuleManager: Shutting down and abandoning module Slate (248)
[2023.03.02-08.41.28:884][  0]LogModuleManager: Shutting down and abandoning module SlateCore (246)
[2023.03.02-08.41.28:885][  0]LogModuleManager: Shutting down and abandoning module LandscapeEditorUtilities (244)
[2023.03.02-08.41.28:885][  0]LogModuleManager: Shutting down and abandoning module UnrealEd (242)
[2023.03.02-08.41.28:885][  0]LogModuleManager: Shutting down and abandoning module MRMesh (240)
[2023.03.02-08.41.28:885][  0]LogModuleManager: Shutting down and abandoning module SourceCodeAccess (238)
[2023.03.02-08.41.28:885][  0]LogModuleManager: Shutting down and abandoning module HeadMountedDisplay (236)
[2023.03.02-08.41.28:885][  0]LogModuleManager: Shutting down and abandoning module XAudio2 (234)
[2023.03.02-08.41.28:885][  0]LogModuleManager: Shutting down and abandoning module Networking (232)
[2023.03.02-08.41.28:885][  0]LogModuleManager: Shutting down and abandoning module Core (230)
[2023.03.02-08.41.28:885][  0]LogModuleManager: Shutting down and abandoning module MaterialEditor (228)
[2023.03.02-08.41.28:885][  0]LogModuleManager: Shutting down and abandoning module Settings (227)
[2023.03.02-08.41.28:885][  0]LogModuleManager: Shutting down and abandoning module MovieSceneTools (224)
[2023.03.02-08.41.28:885][  0]LogModuleManager: Shutting down and abandoning module CurveEditor (223)
[2023.03.02-08.41.28:885][  0]LogModuleManager: Shutting down and abandoning module Sequencer (221)
[2023.03.02-08.41.28:885][  0]LogModuleManager: Shutting down and abandoning module EditorStyle (220)
[2023.03.02-08.41.28:886][  0]LogModuleManager: Shutting down and abandoning module KismetCompiler (216)
[2023.03.02-08.41.28:886][  0]LogModuleManager: Shutting down and abandoning module MeshBuilder (214)
[2023.03.02-08.41.28:886][  0]LogModuleManager: Shutting down and abandoning module MeshUtilities (212)
[2023.03.02-08.41.28:886][  0]LogModuleManager: Shutting down and abandoning module MeshMergeUtilities (211)
[2023.03.02-08.41.28:886][  0]LogModuleManager: Shutting down and abandoning module MeshReductionInterface (210)
[2023.03.02-08.41.28:886][  0]LogModuleManager: Shutting down and abandoning module MeshBoneReduction (209)
[2023.03.02-08.41.28:886][  0]LogModuleManager: Shutting down and abandoning module SkeletalMeshReduction (207)
[2023.03.02-08.41.28:886][  0]LogModuleManager: Shutting down and abandoning module ProxyLODMeshReduction (205)
[2023.03.02-08.41.28:886][  0]LogModuleManager: Shutting down and abandoning module QuadricMeshReduction (203)
[2023.03.02-08.41.28:886][  0]LogModuleManager: Shutting down and abandoning module MaterialBaking (199)
[2023.03.02-08.41.28:886][  0]LogModuleManager: Shutting down and abandoning module DirectoryWatcher (195)
[2023.03.02-08.41.28:886][  0]LogModuleManager: Shutting down and abandoning module NullInstallBundleManager (192)
[2023.03.02-08.41.28:886][  0]LogModuleManager: Shutting down and abandoning module DerivedDataCache (190)
[2023.03.02-08.41.28:886][  0]LogModuleManager: Shutting down and abandoning module TargetPlatform (188)
[2023.03.02-08.41.28:886][  0]LogModuleManager: Shutting down and abandoning module VulkanShaderFormat (187)
[2023.03.02-08.41.28:886][  0]LogModuleManager: Shutting down and abandoning module ShaderFormatVectorVM (185)
[2023.03.02-08.41.28:886][  0]LogModuleManager: Shutting down and abandoning module ShaderFormatOpenGL (183)
[2023.03.02-08.41.28:886][  0]LogModuleManager: Shutting down and abandoning module ShaderFormatD3D (181)
[2023.03.02-08.41.28:886][  0]LogModuleManager: Shutting down and abandoning module MetalShaderFormat (179)
[2023.03.02-08.41.28:886][  0]LogModuleManager: Shutting down and abandoning module TextureFormatOodle (177)
[2023.03.02-08.41.28:886][  0]LogModuleManager: Shutting down and abandoning module TextureFormatUncompressed (175)
[2023.03.02-08.41.28:886][  0]LogModuleManager: Shutting down and abandoning module TextureFormatPVR (173)
[2023.03.02-08.41.28:886][  0]LogModuleManager: Shutting down and abandoning module TextureFormatETC2 (171)
[2023.03.02-08.41.28:886][  0]LogModuleManager: Shutting down and abandoning module TextureFormatDXT (169)
[2023.03.02-08.41.28:886][  0]LogModuleManager: Shutting down and abandoning module TextureFormatIntelISPCTexComp (167)
[2023.03.02-08.41.28:886][  0]LogModuleManager: Shutting down and abandoning module TextureFormatASTC (165)
[2023.03.02-08.41.28:886][  0]LogModuleManager: Shutting down and abandoning module ImageWrapper (164)
[2023.03.02-08.41.28:886][  0]LogModuleManager: Shutting down and abandoning module AudioFormatOpus (161)
[2023.03.02-08.41.28:886][  0]LogModuleManager: Shutting down and abandoning module AudioFormatOgg (159)
[2023.03.02-08.41.28:886][  0]LogModuleManager: Shutting down and abandoning module AudioFormatADPCM (157)
[2023.03.02-08.41.28:886][  0]LogModuleManager: Shutting down and abandoning module WindowsServerTargetPlatform (155)
[2023.03.02-08.41.28:886][  0]LogModuleManager: Shutting down and abandoning module WindowsClientTargetPlatform (153)
[2023.03.02-08.41.28:886][  0]LogModuleManager: Shutting down and abandoning module WindowsTargetPlatform (151)
[2023.03.02-08.41.28:886][  0]LogModuleManager: Shutting down and abandoning module WindowsNoEditorTargetPlatform (149)
[2023.03.02-08.41.28:886][  0]LogModuleManager: Shutting down and abandoning module TVOSTargetPlatform (147)
[2023.03.02-08.41.28:887][  0]LogModuleManager: Shutting down and abandoning module MacServerTargetPlatform (145)
[2023.03.02-08.41.28:887][  0]LogModuleManager: Shutting down and abandoning module MacClientTargetPlatform (143)
[2023.03.02-08.41.28:887][  0]LogModuleManager: Shutting down and abandoning module MacTargetPlatform (141)
[2023.03.02-08.41.28:887][  0]LogModuleManager: Shutting down and abandoning module MacNoEditorTargetPlatform (139)
[2023.03.02-08.41.28:887][  0]LogModuleManager: Shutting down and abandoning module LuminTargetPlatform (137)
[2023.03.02-08.41.28:887][  0]LogModuleManager: Shutting down and abandoning module Messaging (135)
[2023.03.02-08.41.28:887][  0]LogModuleManager: Shutting down and abandoning module IOSTargetPlatform (133)
[2023.03.02-08.41.28:887][  0]LogModuleManager: Shutting down and abandoning module AndroidTargetPlatform (131)
[2023.03.02-08.41.28:889][  0]LogModuleManager: Shutting down and abandoning module AllDesktopTargetPlatform (129)
[2023.03.02-08.41.28:889][  0]LogModuleManager: Shutting down and abandoning module NullDrv (126)
[2023.03.02-08.41.28:889][  0]LogModuleManager: Shutting down and abandoning module PhysXCooking (124)
[2023.03.02-08.41.28:889][  0]LogModuleManager: Shutting down and abandoning module Chaos (122)
[2023.03.02-08.41.28:889][  0]LogModuleManager: Shutting down and abandoning module WindowsPlatformFeatures (120)
[2023.03.02-08.41.28:889][  0]LogModuleManager: Shutting down and abandoning module GameplayMediaEncoder (119)
[2023.03.02-08.41.28:889][  0]LogModuleManager: Shutting down and abandoning module AVEncoder (118)
[2023.03.02-08.41.28:889][  0]LogModuleManager: Shutting down and abandoning module ExampleDeviceProfileSelector (114)
[2023.03.02-08.41.28:889][  0]LogModuleManager: Shutting down and abandoning module SteamVRInputDevice (112)
[2023.03.02-08.41.28:889][  0]LogModuleManager: Shutting down and abandoning module SteamVRInput (110)
[2023.03.02-08.41.28:889][  0]LogModuleManager: Shutting down and abandoning module SteamVR (108)
[2023.03.02-08.41.28:889][  0]LogHMD: Freeing OpenVRDLLHandle.
[2023.03.02-08.41.28:889][  0]LogModuleManager: Shutting down and abandoning module OculusHMD (106)
[2023.03.02-08.41.28:889][  0]LogModuleManager: Shutting down and abandoning module OpenXREyeTracker (104)
[2023.03.02-08.41.28:889][  0]LogModuleManager: Shutting down and abandoning module OpenXRHandTracking (102)
[2023.03.02-08.41.28:889][  0]LogModuleManager: Shutting down and abandoning module OpenXRAR (100)
[2023.03.02-08.41.28:889][  0]LogModuleManager: Shutting down and abandoning module AugmentedReality (99)
[2023.03.02-08.41.28:889][  0]LogModuleManager: Shutting down and abandoning module OpenXRHMD (96)
[2023.03.02-08.41.28:889][  0]LogModuleManager: Shutting down and abandoning module ChunkDownloader (94)
[2023.03.02-08.41.28:889][  0]LogModuleManager: Shutting down and abandoning module VariantManagerContent (92)
[2023.03.02-08.41.28:889][  0]LogModuleManager: Shutting down and abandoning module OnlineBlueprintSupport (90)
[2023.03.02-08.41.28:889][  0]LogModuleManager: Shutting down and abandoning module DatasmithContent (86)
[2023.03.02-08.41.28:889][  0]LogModuleManager: Shutting down and abandoning module OnlineSubsystem (84)
[2023.03.02-08.41.28:890][  0]LogModuleManager: Shutting down and abandoning module XMPP (79)
[2023.03.02-08.41.28:890][  0]LogModuleManager: Shutting down and abandoning module WebSockets (78)
[2023.03.02-08.41.28:903][  0]LogModuleManager: Shutting down and abandoning module HTTP (75)
[2023.03.02-08.41.28:903][  0]LogHttp: Display: cleaning up 0 outstanding Http requests.
[2023.03.02-08.41.28:930][  0]LogModuleManager: Shutting down and abandoning module SSL (74)
[2023.03.02-08.41.28:931][  0]LogModuleManager: Shutting down and abandoning module LauncherChunkInstaller (70)
[2023.03.02-08.41.28:931][  0]LogModuleManager: Shutting down and abandoning module WmfMedia (68)
[2023.03.02-08.41.28:931][  0]LogModuleManager: Shutting down and abandoning module Media (67)
[2023.03.02-08.41.28:932][  0]LogModuleManager: Shutting down and abandoning module MediaInfo (66)
[2023.03.02-08.41.28:932][  0]LogModuleManager: Shutting down and abandoning module ExrReaderGpu (62)
[2023.03.02-08.41.28:932][  0]LogModuleManager: Shutting down and abandoning module MLSDK (60)
[2023.03.02-08.41.28:932][  0]LogModuleManager: Shutting down and abandoning module PixWinPlugin (58)
[2023.03.02-08.41.28:932][  0]LogModuleManager: Shutting down and abandoning module MagicLeap (56)
[2023.03.02-08.41.28:932][  0]LogModuleManager: Shutting down and abandoning module NiagaraVertexFactories (54)
[2023.03.02-08.41.28:932][  0]LogModuleManager: Shutting down and abandoning module NiagaraShader (52)
[2023.03.02-08.41.28:932][  0]LogModuleManager: Shutting down and abandoning module ChaosCloth (50)
[2023.03.02-08.41.28:932][  0]LogModuleManager: Shutting down and abandoning module AISupportModule (48)
[2023.03.02-08.41.28:932][  0]LogModuleManager: Shutting down and abandoning module PythonScriptPluginPreload (46)
[2023.03.02-08.41.28:932][  0]LogModuleManager: Shutting down and abandoning module PlatformCryptoOpenSSL (44)
[2023.03.02-08.41.28:932][  0]LogModuleManager: Shutting down and abandoning module PlatformCryptoTypes (42)
[2023.03.02-08.41.28:932][  0]LogModuleManager: Shutting down and abandoning module PlatformCrypto (40)
[2023.03.02-08.41.28:932][  0]LogModuleManager: Shutting down and abandoning module OodleDataCompressionFormat (38)
[2023.03.02-08.41.28:932][  0]LogModuleManager: Shutting down and abandoning module XGEController (36)
[2023.03.02-08.41.28:932][  0]LogXGEController: Cannot use XGE Controller as Incredibuild is not installed on this machine.
[2023.03.02-08.41.28:932][  0]LogModuleManager: Shutting down and abandoning module AnimationModifiers (34)
[2023.03.02-08.41.28:932][  0]LogModuleManager: Shutting down and abandoning module AudioEditor (32)
[2023.03.02-08.41.28:932][  0]LogModuleManager: Shutting down and abandoning module PropertyEditor (31)
[2023.03.02-08.41.28:932][  0]LogModuleManager: Shutting down and abandoning module TextureCompressor (28)
[2023.03.02-08.41.28:932][  0]LogModuleManager: Shutting down and abandoning module RenderCore (26)
[2023.03.02-08.41.28:932][  0]LogModuleManager: Shutting down and abandoning module Landscape (24)
[2023.03.02-08.41.28:932][  0]LogModuleManager: Shutting down and abandoning module SlateRHIRenderer (22)
[2023.03.02-08.41.28:932][  0]LogModuleManager: Shutting down and abandoning module AnimGraphRuntime (20)
[2023.03.02-08.41.28:932][  0]LogModuleManager: Shutting down and abandoning module Renderer (18)
[2023.03.02-08.41.28:932][  0]LogModuleManager: Shutting down and abandoning module Engine (16)
[2023.03.02-08.41.28:932][  0]LogModuleManager: Shutting down and abandoning module CoreUObject (14)
[2023.03.02-08.41.28:932][  0]LogModuleManager: Shutting down and abandoning module NetworkFile (12)
[2023.03.02-08.41.28:932][  0]LogModuleManager: Shutting down and abandoning module CookedIterativeFile (10)
[2023.03.02-08.41.28:932][  0]LogModuleManager: Shutting down and abandoning module StreamingFile (8)
[2023.03.02-08.41.28:932][  0]LogModuleManager: Shutting down and abandoning module SandboxFile (6)
[2023.03.02-08.41.28:932][  0]LogModuleManager: Shutting down and abandoning module PakFile (4)
[2023.03.02-08.41.28:932][  0]LogModuleManager: Shutting down and abandoning module RSA (3)
[2023.03.02-08.41.29:315][  0]LogContentStreaming: Display: There are 1 unreleased StreamingManagers
[2023.03.02-08.41.29:324][  0]LogExit: Exiting.
[2023.03.02-08.41.29:339][  0]Log file closed, 03/02/23 15:41:29
