Log file open, 03/08/23 12:40:15
LogWindows: Failed to load 'aqProf.dll' (GetLastError=126)
LogWindows: File 'aqProf.dll' does not exist
LogWindows: Failed to load 'VtuneApi.dll' (GetLastError=126)
LogWindows: File 'VtuneApi.dll' does not exist
LogWindows: Failed to load 'VtuneApi32e.dll' (GetLastError=126)
LogWindows: File 'VtuneApi32e.dll' does not exist
LogConsoleResponse: Display: Failed to find resolution value strings in scalability ini. Falling back to default.
LogConsoleResponse: Display: Failed to find resolution value strings in scalability ini. Falling back to default.
LogInit: Display: Running engine for game: UMGReversi
LogPlatformFile: Not using cached read wrapper
LogTaskGraph: Started task graph with 5 named threads and 47 total threads with 3 sets of task threads.
LogStats: Stats thread started at 0.072099
LogICUInternationalization: ICU TimeZone Detection - Raw Offset: +7:00, Platform Override: ''
LogInit: Display: Loading text-based GConfig....
LogPluginManager: Mounting plugin MeshPainting
LogPluginManager: Mounting plugin XGEController
LogPluginManager: Mounting plugin Paper2D
LogPluginManager: Mounting plugin LiveLink
LogPluginManager: Mounting plugin CameraShakePreviewer
LogPluginManager: Mounting plugin LightPropagationVolume
LogPluginManager: Mounting plugin GameplayCameras
LogPluginManager: Mounting plugin AssetManagerEditor
LogPluginManager: Mounting plugin CryptoKeys
LogPluginManager: Mounting plugin CurveEditorTools
LogPluginManager: Mounting plugin FacialAnimation
LogPluginManager: Mounting plugin MacGraphicsSwitching
LogPluginManager: Mounting plugin GameplayTagsEditor
LogPluginManager: Mounting plugin MaterialAnalyzer
LogPluginManager: Mounting plugin DataValidation
LogPluginManager: Mounting plugin PluginBrowser
LogPluginManager: Mounting plugin MobileLauncherProfileWizard
LogPluginManager: Mounting plugin SpeedTreeImporter
LogPluginManager: Mounting plugin AnimationSharing
LogPluginManager: Mounting plugin CLionSourceCodeAccess
LogPluginManager: Mounting plugin GeometryMode
LogPluginManager: Mounting plugin CodeLiteSourceCodeAccess
LogPluginManager: Mounting plugin NullSourceCodeAccess
LogPluginManager: Mounting plugin GitSourceControl
LogPluginManager: Mounting plugin KDevelopSourceCodeAccess
LogPluginManager: Mounting plugin PluginUtils
LogPluginManager: Mounting plugin PerforceSourceControl
LogPluginManager: Mounting plugin PixWinPlugin
LogPluginManager: Mounting plugin PlasticSourceControl
LogPluginManager: Mounting plugin RiderSourceCodeAccess
LogPluginManager: Mounting plugin PropertyAccessNode
LogPluginManager: Mounting plugin SubversionSourceControl
LogPluginManager: Mounting plugin TextureFormatOodle
LogPluginManager: Mounting plugin UObjectPlugin
LogPluginManager: Mounting plugin OodleData
LogPluginManager: Mounting plugin DatasmithContent
LogPluginManager: Mounting plugin OodleNetwork
LogPluginManager: Mounting plugin VisualStudioCodeSourceCodeAccess
LogPluginManager: Mounting plugin XCodeSourceCodeAccess
LogPluginManager: Mounting plugin VisualStudioSourceCodeAccess
LogPluginManager: Mounting plugin AlembicImporter
LogPluginManager: Mounting plugin BackChannel
LogPluginManager: Mounting plugin AutomationUtils
LogPluginManager: Mounting plugin ChaosClothEditor
LogPluginManager: Mounting plugin ChaosEditor
LogPluginManager: Mounting plugin ChaosCloth
LogPluginManager: Mounting plugin ChaosNiagara
LogPluginManager: Mounting plugin CharacterAI
LogPluginManager: Mounting plugin ChaosSolverPlugin
LogPluginManager: Mounting plugin GeometryCollectionPlugin
LogPluginManager: Mounting plugin GeometryCache
LogPluginManager: Mounting plugin AvfMedia
LogPluginManager: Mounting plugin AndroidMedia
LogPluginManager: Mounting plugin ImgMedia
LogPluginManager: Mounting plugin MediaCompositing
LogPluginManager: Mounting plugin LuminPlatformFeatures
LogPluginManager: Mounting plugin WebMMedia
LogPluginManager: Mounting plugin WmfMedia
LogPluginManager: Mounting plugin MagicLeap
LogPluginManager: Mounting plugin MediaPlayerEditor
LogPluginManager: Mounting plugin MagicLeapLightEstimation
LogPluginManager: Mounting plugin MagicLeapMedia
LogPluginManager: Mounting plugin GeometryProcessing
LogPluginManager: Mounting plugin MLSDK
LogPluginManager: Mounting plugin MagicLeapPassableWorld
LogPluginManager: Mounting plugin MotoSynth
LogPluginManager: Mounting plugin OpenImageDenoise
LogPluginManager: Mounting plugin PlanarCut
LogPluginManager: Mounting plugin PlatformCrypto
LogPluginManager: Mounting plugin ProxyLODPlugin
LogPluginManager: Mounting plugin PythonScriptPlugin
LogPluginManager: Mounting plugin SkeletalReduction
LogPluginManager: Mounting plugin TcpMessaging
LogPluginManager: Mounting plugin UdpMessaging
LogPluginManager: Mounting plugin MatineeToLevelSequence
LogPluginManager: Mounting plugin ActorSequence
LogPluginManager: Mounting plugin LevelSequenceEditor
LogPluginManager: Mounting plugin TemplateSequence
LogPluginManager: Mounting plugin LauncherChunkInstaller
LogPluginManager: Mounting plugin OnlineSubsystem
LogPluginManager: Mounting plugin OnlineSubsystemNull
LogPluginManager: Mounting plugin OnlineSubsystemUtils
LogPluginManager: Mounting plugin ScreenshotTools
LogPluginManager: Mounting plugin ActorLayerUtilities
LogPluginManager: Mounting plugin AndroidMoviePlayer
LogPluginManager: Mounting plugin AndroidDeviceProfileSelector
LogPluginManager: Mounting plugin AndroidPermission
LogPluginManager: Mounting plugin AppleImageUtils
LogPluginManager: Mounting plugin AppleMoviePlayer
LogPluginManager: Mounting plugin AssetTags
LogPluginManager: Mounting plugin ArchVisCharacter
LogPluginManager: Mounting plugin AudioSynesthesia
LogPluginManager: Mounting plugin ChunkDownloader
LogPluginManager: Mounting plugin CableComponent
LogPluginManager: Mounting plugin AudioCapture
LogPluginManager: Mounting plugin CustomMeshComponent
LogPluginManager: Mounting plugin EditableMesh
LogPluginManager: Mounting plugin ExampleDeviceProfileSelector
LogPluginManager: Mounting plugin GoogleCloudMessaging
LogPluginManager: Mounting plugin IOSDeviceProfileSelector
LogPluginManager: Mounting plugin GooglePAD
LogPluginManager: Mounting plugin LinuxDeviceProfileSelector
LogPluginManager: Mounting plugin LocationServicesBPLibrary
LogPluginManager: Mounting plugin MobilePatchingUtils
LogPluginManager: Mounting plugin OpenXR
LogPluginManager: Mounting plugin OpenXREyeTracker
LogPluginManager: Mounting plugin OpenXRHandTracking
LogPluginManager: Mounting plugin PhysXVehicles
LogPluginManager: Mounting plugin PostSplashScreen
LogPluginManager: Mounting plugin ProceduralMeshComponent
LogPluginManager: Mounting plugin PropertyAccessEditor
LogPluginManager: Mounting plugin SignificanceManager
LogPluginManager: Mounting plugin RuntimePhysXCooking
LogPluginManager: Mounting plugin SoundFields
LogPluginManager: Mounting plugin Synthesis
LogPluginManager: Mounting plugin WebMMoviePlayer
LogPluginManager: Mounting plugin WindowsMoviePlayer
LogPluginManager: Mounting plugin Takes
LogPluginManager: Mounting plugin AISupport
LogPluginManager: Mounting plugin EnvironmentQueryEditor
LogPluginManager: Mounting plugin Niagara
LogPluginManager: Mounting plugin VariantManagerContent
LogPluginManager: Mounting plugin ContentBrowserClassDataSource
LogPluginManager: Mounting plugin ContentBrowserFileDataSource
LogPluginManager: Mounting plugin ContentBrowserAssetDataSource
LogPluginManager: Mounting plugin OnlineSubsystemGooglePlay
LogPluginManager: Mounting plugin OnlineSubsystemIOS
LogPluginManager: Mounting plugin OculusVR
LogPluginManager: Mounting plugin SteamVR
PixWinPlugin: PIX capture plugin failed to initialize! Check that the process is launched from PIX.
LogInit: Using libcurl 7.55.1-DEV
LogInit:  - built for x86_64-pc-win32
LogInit:  - supports SSL with OpenSSL/1.1.1
LogInit:  - supports HTTP deflate (compression) using libz 1.2.8
LogInit:  - other features:
LogInit:      CURL_VERSION_SSL
LogInit:      CURL_VERSION_LIBZ
LogInit:      CURL_VERSION_IPV6
LogInit:      CURL_VERSION_ASYNCHDNS
LogInit:      CURL_VERSION_LARGEFILE
LogInit:      CURL_VERSION_IDN
LogInit:  CurlRequestOptions (configurable via config and command line):
LogInit:  - bVerifyPeer = true  - Libcurl will verify peer certificate
LogInit:  - bUseHttpProxy = false  - Libcurl will NOT use HTTP proxy
LogInit:  - bDontReuseConnections = false  - Libcurl will reuse connections
LogInit:  - MaxHostConnections = 16  - Libcurl will limit the number of connections to a host
LogInit:  - LocalHostAddr = Default
LogInit:  - BufferSize = 65536
LogOnline: OSS: Creating online subsystem instance for: NULL
LogInit: WinSock: version 1.1 (2.2), MaxSocks=32767, MaxUdp=65467
LogOnline: OSS: TryLoadSubsystemAndSetDefault: Loaded subsystem for module [NULL]
LogOculusPluginWrapper: OculusPlugin initialized successfully
LogHMD: Failed initializing OVRPlugin 1.59.0
LogInit: Build: ++UE4+Release-4.27-CL-0
LogInit: Engine Version: 4.27.2-0+++UE4+Release-4.27
LogInit: Compatible Engine Version: 4.27.0-0+++UE4+Release-4.27
LogInit: Net CL: 0
LogInit: OS: Windows 10 (Release 2009) (), CPU: AMD Ryzen 7 7700 8-Core Processor              , GPU: NVIDIA GeForce RTX 3060 Ti
LogInit: Compiled (64-bit): Feb 23 2023 09:24:06
LogInit: Compiled with Visual C++: 19.35.32215.00
LogInit: Build Configuration: Development
LogInit: Branch Name: ++UE4+Release-4.27
LogInit: Command Line: 
LogInit: Base Directory: C:/UnrealEngine-4.27/Engine/Binaries/Win64/
LogInit: Allocator: TBB
LogInit: Installed Engine Build: 0
LogDevObjectVersion: Number of dev versions registered: 29
LogDevObjectVersion:   Dev-Blueprints (B0D832E4-1F89-4F0D-ACCF-7EB736FD4AA2): 10
LogDevObjectVersion:   Dev-Build (E1C64328-A22C-4D53-A36C-8E866417BD8C): 0
LogDevObjectVersion:   Dev-Core (375EC13C-06E4-48FB-B500-84F0262A717E): 4
LogDevObjectVersion:   Dev-Editor (E4B068ED-F494-42E9-A231-DA0B2E46BB41): 40
LogDevObjectVersion:   Dev-Framework (CFFC743F-43B0-4480-9391-14DF171D2073): 37
LogDevObjectVersion:   Dev-Mobile (B02B49B5-BB20-44E9-A304-32B752E40360): 3
LogDevObjectVersion:   Dev-Networking (A4E4105C-59A1-49B5-A7C5-40C4547EDFEE): 0
LogDevObjectVersion:   Dev-Online (39C831C9-5AE6-47DC-9A44-9C173E1C8E7C): 0
LogDevObjectVersion:   Dev-Physics (78F01B33-EBEA-4F98-B9B4-84EACCB95AA2): 14
LogDevObjectVersion:   Dev-Platform (6631380F-2D4D-43E0-8009-CF276956A95A): 0
LogDevObjectVersion:   Dev-Rendering (12F88B9F-8875-4AFC-A67C-D90C383ABD29): 45
LogDevObjectVersion:   Dev-Sequencer (7B5AE74C-D270-4C10-A958-57980B212A5A): 13
LogDevObjectVersion:   Dev-VR (D7296918-1DD6-4BDD-9DE2-64A83CC13884): 3
LogDevObjectVersion:   Dev-LoadTimes (C2A15278-BFE7-4AFE-6C17-90FF531DF755): 1
LogDevObjectVersion:   Private-Geometry (6EACA3D4-40EC-4CC1-B786-8BED09428FC5): 3
LogDevObjectVersion:   Dev-AnimPhys (29E575DD-E0A3-4627-9D10-D276232CDCEA): 17
LogDevObjectVersion:   Dev-Anim (AF43A65D-7FD3-4947-9873-3E8ED9C1BB05): 15
LogDevObjectVersion:   Dev-ReflectionCapture (6B266CEC-1EC7-4B8F-A30B-E4D90942FC07): 1
LogDevObjectVersion:   Dev-Automation (0DF73D61-A23F-47EA-B727-89E90C41499A): 1
LogDevObjectVersion:   FortniteMain (601D1886-AC64-4F84-AA16-D3DE0DEAC7D6): 47
LogDevObjectVersion:   FortniteRelease (E7086368-6B23-4C58-8439-1B7016265E91): 1
LogDevObjectVersion:   Dev-Enterprise (9DFFBCD6-494F-0158-E221-12823C92A888): 10
LogDevObjectVersion:   Dev-Niagara (F2AED0AC-9AFE-416F-8664-AA7FFA26D6FC): 1
LogDevObjectVersion:   Dev-Destruction (174F1F0B-B4C6-45A5-B13F-2EE8D0FB917D): 10
LogDevObjectVersion:   Dev-Physics-Ext (35F94A83-E258-406C-A318-09F59610247C): 41
LogDevObjectVersion:   Dev-PhysicsMaterial-Chaos (B68FC16E-8B1B-42E2-B453-215C058844FE): 1
LogDevObjectVersion:   Dev-CineCamera (B2E18506-4273-CFC2-A54E-F4BB758BBA07): 1
LogDevObjectVersion:   Dev-VirtualProduction (64F58936-FD1B-42BA-BA96-7289D5D0FA4E): 1
LogDevObjectVersion:   Dev-MediaFramework (6F0ED827-A609-4895-9C91-998D90180EA4): 2
LogInit: Presizing for max 25165824 objects, including 0 objects not considered by GC, pre-allocating 0 bytes for permanent pool.
LogConfig: Applying CVar settings from Section [/Script/Engine.StreamingSettings] File [C:/Unreal Project/UMGReversi/Saved/Config/Windows/Engine.ini]
LogConfig: Setting CVar [[s.MinBulkDataSizeForAsyncLoading:131072]]
LogConfig: Setting CVar [[s.AsyncLoadingThreadEnabled:0]]
LogConfig: Setting CVar [[s.EventDrivenLoaderEnabled:1]]
LogConfig: Setting CVar [[s.WarnIfTimeLimitExceeded:0]]
LogConfig: Setting CVar [[s.TimeLimitExceededMultiplier:1.5]]
LogConfig: Setting CVar [[s.TimeLimitExceededMinTime:0.005]]
LogConfig: Setting CVar [[s.UseBackgroundLevelStreaming:1]]
LogConfig: Setting CVar [[s.PriorityAsyncLoadingExtraTime:15.0]]
LogConfig: Setting CVar [[s.LevelStreamingActorsUpdateTimeLimit:5.0]]
LogConfig: Setting CVar [[s.PriorityLevelStreamingActorsUpdateExtraTime:5.0]]
LogConfig: Setting CVar [[s.LevelStreamingComponentsRegistrationGranularity:10]]
LogConfig: Setting CVar [[s.UnregisterComponentsTimeLimit:1.0]]
LogConfig: Setting CVar [[s.LevelStreamingComponentsUnregistrationGranularity:5]]
LogConfig: Setting CVar [[s.FlushStreamingOnExit:1]]
LogInit: Object subsystem initialized
LogConfig: Setting CVar [[con.DebugEarlyDefault:1]]
LogConfig: Setting CVar [[r.setres:1280x720]]
[2023.03.08-05.40.16:035][  0]LogConfig: Setting CVar [[r.VSync:0]]
[2023.03.08-05.40.16:035][  0]LogConfig: Setting CVar [[r.RHICmdBypass:0]]
[2023.03.08-05.40.16:036][  0]LogConfig: Applying CVar settings from Section [/Script/Engine.RendererSettings] File [C:/Unreal Project/UMGReversi/Saved/Config/Windows/Engine.ini]
[2023.03.08-05.40.16:036][  0]LogConfig: Setting CVar [[r.GPUCrashDebugging:0]]
[2023.03.08-05.40.16:036][  0]LogConfig: Applying CVar settings from Section [/Script/Engine.RendererOverrideSettings] File [C:/Unreal Project/UMGReversi/Saved/Config/Windows/Engine.ini]
[2023.03.08-05.40.16:036][  0]LogConfig: Applying CVar settings from Section [/Script/Engine.StreamingSettings] File [C:/Unreal Project/UMGReversi/Saved/Config/Windows/Engine.ini]
[2023.03.08-05.40.16:036][  0]LogConfig: Setting CVar [[s.MinBulkDataSizeForAsyncLoading:131072]]
[2023.03.08-05.40.16:036][  0]LogConfig: Setting CVar [[s.AsyncLoadingThreadEnabled:0]]
[2023.03.08-05.40.16:036][  0]LogConfig: Setting CVar [[s.EventDrivenLoaderEnabled:1]]
[2023.03.08-05.40.16:036][  0]LogConfig: Setting CVar [[s.WarnIfTimeLimitExceeded:0]]
[2023.03.08-05.40.16:036][  0]LogConfig: Setting CVar [[s.TimeLimitExceededMultiplier:1.5]]
[2023.03.08-05.40.16:036][  0]LogConfig: Setting CVar [[s.TimeLimitExceededMinTime:0.005]]
[2023.03.08-05.40.16:036][  0]LogConfig: Setting CVar [[s.UseBackgroundLevelStreaming:1]]
[2023.03.08-05.40.16:036][  0]LogConfig: Setting CVar [[s.PriorityAsyncLoadingExtraTime:15.0]]
[2023.03.08-05.40.16:036][  0]LogConfig: Setting CVar [[s.LevelStreamingActorsUpdateTimeLimit:5.0]]
[2023.03.08-05.40.16:036][  0]LogConfig: Setting CVar [[s.PriorityLevelStreamingActorsUpdateExtraTime:5.0]]
[2023.03.08-05.40.16:036][  0]LogConfig: Setting CVar [[s.LevelStreamingComponentsRegistrationGranularity:10]]
[2023.03.08-05.40.16:036][  0]LogConfig: Setting CVar [[s.UnregisterComponentsTimeLimit:1.0]]
[2023.03.08-05.40.16:036][  0]LogConfig: Setting CVar [[s.LevelStreamingComponentsUnregistrationGranularity:5]]
[2023.03.08-05.40.16:036][  0]LogConfig: Setting CVar [[s.FlushStreamingOnExit:1]]
[2023.03.08-05.40.16:036][  0]LogConfig: Applying CVar settings from Section [/Script/Engine.GarbageCollectionSettings] File [C:/Unreal Project/UMGReversi/Saved/Config/Windows/Engine.ini]
[2023.03.08-05.40.16:036][  0]LogConfig: Setting CVar [[gc.MaxObjectsNotConsideredByGC:1]]
[2023.03.08-05.40.16:036][  0]LogConfig: Setting CVar [[gc.SizeOfPermanentObjectPool:0]]
[2023.03.08-05.40.16:036][  0]LogConfig: Setting CVar [[gc.FlushStreamingOnGC:0]]
[2023.03.08-05.40.16:036][  0]LogConfig: Setting CVar [[gc.NumRetriesBeforeForcingGC:10]]
[2023.03.08-05.40.16:036][  0]LogConfig: Setting CVar [[gc.AllowParallelGC:1]]
[2023.03.08-05.40.16:036][  0]LogConfig: Setting CVar [[gc.TimeBetweenPurgingPendingKillObjects:61.1]]
[2023.03.08-05.40.16:036][  0]LogConfig: Setting CVar [[gc.MaxObjectsInEditor:25165824]]
[2023.03.08-05.40.16:036][  0]LogConfig: Setting CVar [[gc.IncrementalBeginDestroyEnabled:1]]
[2023.03.08-05.40.16:036][  0]LogConfig: Setting CVar [[gc.CreateGCClusters:1]]
[2023.03.08-05.40.16:036][  0]LogConfig: Setting CVar [[gc.MinGCClusterSize:5]]
[2023.03.08-05.40.16:036][  0]LogConfig: Setting CVar [[gc.ActorClusteringEnabled:0]]
[2023.03.08-05.40.16:036][  0]LogConfig: Setting CVar [[gc.BlueprintClusteringEnabled:0]]
[2023.03.08-05.40.16:036][  0]LogConfig: Setting CVar [[gc.UseDisregardForGCOnDedicatedServers:0]]
[2023.03.08-05.40.16:036][  0]LogConfig: Setting CVar [[gc.MultithreadedDestructionEnabled:1]]
[2023.03.08-05.40.16:036][  0]LogConfig: Applying CVar settings from Section [/Script/Engine.NetworkSettings] File [C:/Unreal Project/UMGReversi/Saved/Config/Windows/Engine.ini]
[2023.03.08-05.40.16:036][  0]LogConfig: Applying CVar settings from Section [/Script/UnrealEd.CookerSettings] File [C:/Unreal Project/UMGReversi/Saved/Config/Windows/Engine.ini]
[2023.03.08-05.40.16:042][  0]LogConfig: Applying CVar settings from Section [ViewDistanceQuality@3] File [C:/Unreal Project/UMGReversi/Saved/Config/Windows/Scalability.ini]
[2023.03.08-05.40.16:042][  0]LogConfig: Setting CVar [[r.SkeletalMeshLODBias:0]]
[2023.03.08-05.40.16:042][  0]LogConfig: Setting CVar [[r.ViewDistanceScale:1.0]]
[2023.03.08-05.40.16:042][  0]LogConfig: Applying CVar settings from Section [AntiAliasingQuality@3] File [C:/Unreal Project/UMGReversi/Saved/Config/Windows/Scalability.ini]
[2023.03.08-05.40.16:042][  0]LogConfig: Setting CVar [[r.PostProcessAAQuality:4]]
[2023.03.08-05.40.16:042][  0]LogConfig: Applying CVar settings from Section [ShadowQuality@3] File [C:/Unreal Project/UMGReversi/Saved/Config/Windows/Scalability.ini]
[2023.03.08-05.40.16:042][  0]LogConfig: Setting CVar [[r.LightFunctionQuality:1]]
[2023.03.08-05.40.16:042][  0]LogConfig: Setting CVar [[r.ShadowQuality:5]]
[2023.03.08-05.40.16:042][  0]LogConfig: Setting CVar [[r.Shadow.CSM.MaxCascades:10]]
[2023.03.08-05.40.16:042][  0]LogConfig: Setting CVar [[r.Shadow.MaxResolution:2048]]
[2023.03.08-05.40.16:042][  0]LogConfig: Setting CVar [[r.Shadow.MaxCSMResolution:2048]]
[2023.03.08-05.40.16:042][  0]LogConfig: Setting CVar [[r.Shadow.RadiusThreshold:0.01]]
[2023.03.08-05.40.16:042][  0]LogConfig: Setting CVar [[r.Shadow.DistanceScale:1.0]]
[2023.03.08-05.40.16:042][  0]LogConfig: Setting CVar [[r.Shadow.CSM.TransitionScale:1.0]]
[2023.03.08-05.40.16:042][  0]LogConfig: Setting CVar [[r.Shadow.PreShadowResolutionFactor:1.0]]
[2023.03.08-05.40.16:042][  0]LogConfig: Setting CVar [[r.DistanceFieldShadowing:1]]
[2023.03.08-05.40.16:042][  0]LogConfig: Setting CVar [[r.DistanceFieldAO:1]]
[2023.03.08-05.40.16:042][  0]LogConfig: Setting CVar [[r.AOQuality:2]]
[2023.03.08-05.40.16:042][  0]LogConfig: Setting CVar [[r.VolumetricFog:1]]
[2023.03.08-05.40.16:042][  0]LogConfig: Setting CVar [[r.VolumetricFog.GridPixelSize:8]]
[2023.03.08-05.40.16:042][  0]LogConfig: Setting CVar [[r.VolumetricFog.GridSizeZ:128]]
[2023.03.08-05.40.16:042][  0]LogConfig: Setting CVar [[r.VolumetricFog.HistoryMissSupersampleCount:4]]
[2023.03.08-05.40.16:042][  0]LogConfig: Setting CVar [[r.LightMaxDrawDistanceScale:1]]
[2023.03.08-05.40.16:042][  0]LogConfig: Setting CVar [[r.CapsuleShadows:1]]
[2023.03.08-05.40.16:042][  0]LogConfig: Applying CVar settings from Section [PostProcessQuality@3] File [C:/Unreal Project/UMGReversi/Saved/Config/Windows/Scalability.ini]
[2023.03.08-05.40.16:042][  0]LogConfig: Setting CVar [[r.MotionBlurQuality:4]]
[2023.03.08-05.40.16:042][  0]LogConfig: Setting CVar [[r.AmbientOcclusionMipLevelFactor:0.4]]
[2023.03.08-05.40.16:042][  0]LogConfig: Setting CVar [[r.AmbientOcclusionMaxQuality:100]]
[2023.03.08-05.40.16:042][  0]LogConfig: Setting CVar [[r.AmbientOcclusionLevels:-1]]
[2023.03.08-05.40.16:042][  0]LogConfig: Setting CVar [[r.AmbientOcclusionRadiusScale:1.0]]
[2023.03.08-05.40.16:042][  0]LogConfig: Setting CVar [[r.DepthOfFieldQuality:2]]
[2023.03.08-05.40.16:042][  0]LogConfig: Setting CVar [[r.RenderTargetPoolMin:400]]
[2023.03.08-05.40.16:042][  0]LogConfig: Setting CVar [[r.LensFlareQuality:2]]
[2023.03.08-05.40.16:042][  0]LogConfig: Setting CVar [[r.SceneColorFringeQuality:1]]
[2023.03.08-05.40.16:042][  0]LogConfig: Setting CVar [[r.EyeAdaptationQuality:2]]
[2023.03.08-05.40.16:042][  0]LogConfig: Setting CVar [[r.BloomQuality:5]]
[2023.03.08-05.40.16:042][  0]LogConfig: Setting CVar [[r.FastBlurThreshold:100]]
[2023.03.08-05.40.16:042][  0]LogConfig: Setting CVar [[r.Upscale.Quality:3]]
[2023.03.08-05.40.16:042][  0]LogConfig: Setting CVar [[r.Tonemapper.GrainQuantization:1]]
[2023.03.08-05.40.16:042][  0]LogConfig: Setting CVar [[r.LightShaftQuality:1]]
[2023.03.08-05.40.16:042][  0]LogConfig: Setting CVar [[r.Filter.SizeScale:1]]
[2023.03.08-05.40.16:042][  0]LogConfig: Setting CVar [[r.Tonemapper.Quality:5]]
[2023.03.08-05.40.16:042][  0]LogConfig: Setting CVar [[r.DOF.Gather.AccumulatorQuality:1        ; higher gathering accumulator quality]]
[2023.03.08-05.40.16:042][  0]LogConfig: Setting CVar [[r.DOF.Gather.PostfilterMethod:1          ; Median3x3 postfilering method]]
[2023.03.08-05.40.16:042][  0]LogConfig: Setting CVar [[r.DOF.Gather.EnableBokehSettings:0       ; no bokeh simulation when gathering]]
[2023.03.08-05.40.16:042][  0]LogConfig: Setting CVar [[r.DOF.Gather.RingCount:4                 ; medium number of samples when gathering]]
[2023.03.08-05.40.16:042][  0]LogConfig: Setting CVar [[r.DOF.Scatter.ForegroundCompositing:1    ; additive foreground scattering]]
[2023.03.08-05.40.16:042][  0]LogConfig: Setting CVar [[r.DOF.Scatter.BackgroundCompositing:2    ; additive background scattering]]
[2023.03.08-05.40.16:042][  0]LogConfig: Setting CVar [[r.DOF.Scatter.EnableBokehSettings:1      ; bokeh simulation when scattering]]
[2023.03.08-05.40.16:042][  0]LogConfig: Setting CVar [[r.DOF.Scatter.MaxSpriteRatio:0.1         ; only a maximum of 10% of scattered bokeh]]
[2023.03.08-05.40.16:042][  0]LogConfig: Setting CVar [[r.DOF.Recombine.Quality:1                ; cheap slight out of focus]]
[2023.03.08-05.40.16:042][  0]LogConfig: Setting CVar [[r.DOF.Recombine.EnableBokehSettings:0    ; no bokeh simulation on slight out of focus]]
[2023.03.08-05.40.16:042][  0]LogConfig: Setting CVar [[r.DOF.TemporalAAQuality:1                ; more stable temporal accumulation]]
[2023.03.08-05.40.16:042][  0]LogConfig: Setting CVar [[r.DOF.Kernel.MaxForegroundRadius:0.025]]
[2023.03.08-05.40.16:042][  0]LogConfig: Setting CVar [[r.DOF.Kernel.MaxBackgroundRadius:0.025]]
[2023.03.08-05.40.16:042][  0]LogConfig: Applying CVar settings from Section [TextureQuality@3] File [C:/Unreal Project/UMGReversi/Saved/Config/Windows/Scalability.ini]
[2023.03.08-05.40.16:042][  0]LogConfig: Setting CVar [[r.Streaming.MipBias:0]]
[2023.03.08-05.40.16:043][  0]LogConfig: Setting CVar [[r.Streaming.AmortizeCPUToGPUCopy:0]]
[2023.03.08-05.40.16:043][  0]LogConfig: Setting CVar [[r.Streaming.MaxNumTexturesToStreamPerFrame:0]]
[2023.03.08-05.40.16:043][  0]LogConfig: Setting CVar [[r.Streaming.Boost:1]]
[2023.03.08-05.40.16:043][  0]LogConfig: Setting CVar [[r.MaxAnisotropy:8]]
[2023.03.08-05.40.16:043][  0]LogConfig: Setting CVar [[r.VT.MaxAnisotropy:8]]
[2023.03.08-05.40.16:043][  0]LogConfig: Setting CVar [[r.Streaming.LimitPoolSizeToVRAM:0]]
[2023.03.08-05.40.16:043][  0]LogConfig: Setting CVar [[r.Streaming.PoolSize:1000]]
[2023.03.08-05.40.16:043][  0]LogConfig: Setting CVar [[r.Streaming.MaxEffectiveScreenSize:0]]
[2023.03.08-05.40.16:043][  0]LogConfig: Applying CVar settings from Section [EffectsQuality@3] File [C:/Unreal Project/UMGReversi/Saved/Config/Windows/Scalability.ini]
[2023.03.08-05.40.16:043][  0]LogConfig: Setting CVar [[r.TranslucencyLightingVolumeDim:64]]
[2023.03.08-05.40.16:043][  0]LogConfig: Setting CVar [[r.RefractionQuality:2]]
[2023.03.08-05.40.16:043][  0]LogConfig: Setting CVar [[r.SSR.Quality:3]]
[2023.03.08-05.40.16:043][  0]LogConfig: Setting CVar [[r.SSR.HalfResSceneColor:0]]
[2023.03.08-05.40.16:043][  0]LogConfig: Setting CVar [[r.SceneColorFormat:4]]
[2023.03.08-05.40.16:043][  0]LogConfig: Setting CVar [[r.DetailMode:2]]
[2023.03.08-05.40.16:043][  0]LogConfig: Setting CVar [[r.TranslucencyVolumeBlur:1]]
[2023.03.08-05.40.16:043][  0]LogConfig: Setting CVar [[r.MaterialQualityLevel:1 ; High quality]]
[2023.03.08-05.40.16:043][  0]LogConfig: Setting CVar [[r.AnisotropicMaterials:1]]
[2023.03.08-05.40.16:043][  0]LogConfig: Setting CVar [[r.SSS.Scale:1]]
[2023.03.08-05.40.16:043][  0]LogConfig: Setting CVar [[r.SSS.SampleSet:2]]
[2023.03.08-05.40.16:043][  0]LogConfig: Setting CVar [[r.SSS.Quality:1]]
[2023.03.08-05.40.16:043][  0]LogConfig: Setting CVar [[r.SSS.HalfRes:0]]
[2023.03.08-05.40.16:043][  0]LogConfig: Setting CVar [[r.SSGI.Quality:3]]
[2023.03.08-05.40.16:043][  0]LogConfig: Setting CVar [[r.EmitterSpawnRateScale:1.0]]
[2023.03.08-05.40.16:043][  0]LogConfig: Setting CVar [[r.ParticleLightQuality:2]]
[2023.03.08-05.40.16:043][  0]LogConfig: Setting CVar [[r.SkyAtmosphere.AerialPerspectiveLUT.FastApplyOnOpaque:1 ; Always have FastSkyLUT 1 in this case to avoid wrong sky]]
[2023.03.08-05.40.16:043][  0]LogConfig: Setting CVar [[r.SkyAtmosphere.AerialPerspectiveLUT.SampleCountMaxPerSlice:4]]
[2023.03.08-05.40.16:043][  0]LogConfig: Setting CVar [[r.SkyAtmosphere.AerialPerspectiveLUT.DepthResolution:16.0]]
[2023.03.08-05.40.16:043][  0]LogConfig: Setting CVar [[r.SkyAtmosphere.FastSkyLUT:1]]
[2023.03.08-05.40.16:043][  0]LogConfig: Setting CVar [[r.SkyAtmosphere.FastSkyLUT.SampleCountMin:4.0]]
[2023.03.08-05.40.16:043][  0]LogConfig: Setting CVar [[r.SkyAtmosphere.FastSkyLUT.SampleCountMax:128.0]]
[2023.03.08-05.40.16:043][  0]LogConfig: Setting CVar [[r.SkyAtmosphere.SampleCountMin:4.0]]
[2023.03.08-05.40.16:043][  0]LogConfig: Setting CVar [[r.SkyAtmosphere.SampleCountMax:128.0]]
[2023.03.08-05.40.16:043][  0]LogConfig: Setting CVar [[r.SkyAtmosphere.TransmittanceLUT.UseSmallFormat:0]]
[2023.03.08-05.40.16:043][  0]LogConfig: Setting CVar [[r.SkyAtmosphere.TransmittanceLUT.SampleCount:10.0]]
[2023.03.08-05.40.16:043][  0]LogConfig: Setting CVar [[r.SkyAtmosphere.MultiScatteringLUT.SampleCount:15.0]]
[2023.03.08-05.40.16:043][  0]LogConfig: Setting CVar [[r.SkyLight.RealTimeReflectionCapture:1]]
[2023.03.08-05.40.16:043][  0]LogConfig: Applying CVar settings from Section [FoliageQuality@3] File [C:/Unreal Project/UMGReversi/Saved/Config/Windows/Scalability.ini]
[2023.03.08-05.40.16:043][  0]LogConfig: Setting CVar [[foliage.DensityScale:1.0]]
[2023.03.08-05.40.16:043][  0]LogConfig: Setting CVar [[grass.DensityScale:1.0]]
[2023.03.08-05.40.16:043][  0]LogConfig: Applying CVar settings from Section [ShadingQuality@3] File [C:/Unreal Project/UMGReversi/Saved/Config/Windows/Scalability.ini]
[2023.03.08-05.40.16:043][  0]LogConfig: Setting CVar [[r.HairStrands.SkyLighting.IntegrationType:2]]
[2023.03.08-05.40.16:043][  0]LogConfig: Setting CVar [[r.HairStrands.SkyAO.SampleCount:4]]
[2023.03.08-05.40.16:043][  0]LogConfig: Setting CVar [[r.HairStrands.Visibility.MSAA.SamplePerPixel:4]]
[2023.03.08-05.40.16:043][  0]LogInit: Selected Device Profile: [Windows]
[2023.03.08-05.40.16:043][  0]LogInit: Applying CVar settings loaded from the selected device profile: [Windows]
[2023.03.08-05.40.16:043][  0]LogHAL: Display: Platform has ~ 32 GB [33444212736 / 34359738368 / 32], which maps to Largest [LargestMinGB=32, LargerMinGB=12, DefaultMinGB=8, SmallerMinGB=6, SmallestMinGB=0)
[2023.03.08-05.40.16:043][  0]LogInit: Going up to parent DeviceProfile []
[2023.03.08-05.40.16:043][  0]LogConfig: Applying CVar settings from Section [ViewDistanceQuality@3] File [C:/Unreal Project/UMGReversi/Saved/Config/Windows/Scalability.ini]
[2023.03.08-05.40.16:043][  0]LogConfig: Setting CVar [[r.SkeletalMeshLODBias:0]]
[2023.03.08-05.40.16:043][  0]LogConfig: Setting CVar [[r.ViewDistanceScale:1.0]]
[2023.03.08-05.40.16:043][  0]LogConfig: Applying CVar settings from Section [AntiAliasingQuality@3] File [C:/Unreal Project/UMGReversi/Saved/Config/Windows/Scalability.ini]
[2023.03.08-05.40.16:043][  0]LogConfig: Setting CVar [[r.PostProcessAAQuality:4]]
[2023.03.08-05.40.16:043][  0]LogConfig: Applying CVar settings from Section [ShadowQuality@3] File [C:/Unreal Project/UMGReversi/Saved/Config/Windows/Scalability.ini]
[2023.03.08-05.40.16:043][  0]LogConfig: Setting CVar [[r.LightFunctionQuality:1]]
[2023.03.08-05.40.16:043][  0]LogConfig: Setting CVar [[r.ShadowQuality:5]]
[2023.03.08-05.40.16:043][  0]LogConfig: Setting CVar [[r.Shadow.CSM.MaxCascades:10]]
[2023.03.08-05.40.16:043][  0]LogConfig: Setting CVar [[r.Shadow.MaxResolution:2048]]
[2023.03.08-05.40.16:043][  0]LogConfig: Setting CVar [[r.Shadow.MaxCSMResolution:2048]]
[2023.03.08-05.40.16:043][  0]LogConfig: Setting CVar [[r.Shadow.RadiusThreshold:0.01]]
[2023.03.08-05.40.16:043][  0]LogConfig: Setting CVar [[r.Shadow.DistanceScale:1.0]]
[2023.03.08-05.40.16:043][  0]LogConfig: Setting CVar [[r.Shadow.CSM.TransitionScale:1.0]]
[2023.03.08-05.40.16:043][  0]LogConfig: Setting CVar [[r.Shadow.PreShadowResolutionFactor:1.0]]
[2023.03.08-05.40.16:043][  0]LogConfig: Setting CVar [[r.DistanceFieldShadowing:1]]
[2023.03.08-05.40.16:043][  0]LogConfig: Setting CVar [[r.DistanceFieldAO:1]]
[2023.03.08-05.40.16:043][  0]LogConfig: Setting CVar [[r.AOQuality:2]]
[2023.03.08-05.40.16:043][  0]LogConfig: Setting CVar [[r.VolumetricFog:1]]
[2023.03.08-05.40.16:043][  0]LogConfig: Setting CVar [[r.VolumetricFog.GridPixelSize:8]]
[2023.03.08-05.40.16:043][  0]LogConfig: Setting CVar [[r.VolumetricFog.GridSizeZ:128]]
[2023.03.08-05.40.16:043][  0]LogConfig: Setting CVar [[r.VolumetricFog.HistoryMissSupersampleCount:4]]
[2023.03.08-05.40.16:043][  0]LogConfig: Setting CVar [[r.LightMaxDrawDistanceScale:1]]
[2023.03.08-05.40.16:043][  0]LogConfig: Setting CVar [[r.CapsuleShadows:1]]
[2023.03.08-05.40.16:043][  0]LogConfig: Applying CVar settings from Section [PostProcessQuality@3] File [C:/Unreal Project/UMGReversi/Saved/Config/Windows/Scalability.ini]
[2023.03.08-05.40.16:043][  0]LogConfig: Setting CVar [[r.MotionBlurQuality:4]]
[2023.03.08-05.40.16:043][  0]LogConfig: Setting CVar [[r.AmbientOcclusionMipLevelFactor:0.4]]
[2023.03.08-05.40.16:043][  0]LogConfig: Setting CVar [[r.AmbientOcclusionMaxQuality:100]]
[2023.03.08-05.40.16:043][  0]LogConfig: Setting CVar [[r.AmbientOcclusionLevels:-1]]
[2023.03.08-05.40.16:043][  0]LogConfig: Setting CVar [[r.AmbientOcclusionRadiusScale:1.0]]
[2023.03.08-05.40.16:043][  0]LogConfig: Setting CVar [[r.DepthOfFieldQuality:2]]
[2023.03.08-05.40.16:043][  0]LogConfig: Setting CVar [[r.RenderTargetPoolMin:400]]
[2023.03.08-05.40.16:043][  0]LogConfig: Setting CVar [[r.LensFlareQuality:2]]
[2023.03.08-05.40.16:043][  0]LogConfig: Setting CVar [[r.SceneColorFringeQuality:1]]
[2023.03.08-05.40.16:043][  0]LogConfig: Setting CVar [[r.EyeAdaptationQuality:2]]
[2023.03.08-05.40.16:043][  0]LogConfig: Setting CVar [[r.BloomQuality:5]]
[2023.03.08-05.40.16:043][  0]LogConfig: Setting CVar [[r.FastBlurThreshold:100]]
[2023.03.08-05.40.16:043][  0]LogConfig: Setting CVar [[r.Upscale.Quality:3]]
[2023.03.08-05.40.16:043][  0]LogConfig: Setting CVar [[r.Tonemapper.GrainQuantization:1]]
[2023.03.08-05.40.16:043][  0]LogConfig: Setting CVar [[r.LightShaftQuality:1]]
[2023.03.08-05.40.16:043][  0]LogConfig: Setting CVar [[r.Filter.SizeScale:1]]
[2023.03.08-05.40.16:043][  0]LogConfig: Setting CVar [[r.Tonemapper.Quality:5]]
[2023.03.08-05.40.16:043][  0]LogConfig: Setting CVar [[r.DOF.Gather.AccumulatorQuality:1        ; higher gathering accumulator quality]]
[2023.03.08-05.40.16:043][  0]LogConfig: Setting CVar [[r.DOF.Gather.PostfilterMethod:1          ; Median3x3 postfilering method]]
[2023.03.08-05.40.16:043][  0]LogConfig: Setting CVar [[r.DOF.Gather.EnableBokehSettings:0       ; no bokeh simulation when gathering]]
[2023.03.08-05.40.16:043][  0]LogConfig: Setting CVar [[r.DOF.Gather.RingCount:4                 ; medium number of samples when gathering]]
[2023.03.08-05.40.16:043][  0]LogConfig: Setting CVar [[r.DOF.Scatter.ForegroundCompositing:1    ; additive foreground scattering]]
[2023.03.08-05.40.16:043][  0]LogConfig: Setting CVar [[r.DOF.Scatter.BackgroundCompositing:2    ; additive background scattering]]
[2023.03.08-05.40.16:043][  0]LogConfig: Setting CVar [[r.DOF.Scatter.EnableBokehSettings:1      ; bokeh simulation when scattering]]
[2023.03.08-05.40.16:043][  0]LogConfig: Setting CVar [[r.DOF.Scatter.MaxSpriteRatio:0.1         ; only a maximum of 10% of scattered bokeh]]
[2023.03.08-05.40.16:043][  0]LogConfig: Setting CVar [[r.DOF.Recombine.Quality:1                ; cheap slight out of focus]]
[2023.03.08-05.40.16:043][  0]LogConfig: Setting CVar [[r.DOF.Recombine.EnableBokehSettings:0    ; no bokeh simulation on slight out of focus]]
[2023.03.08-05.40.16:043][  0]LogConfig: Setting CVar [[r.DOF.TemporalAAQuality:1                ; more stable temporal accumulation]]
[2023.03.08-05.40.16:043][  0]LogConfig: Setting CVar [[r.DOF.Kernel.MaxForegroundRadius:0.025]]
[2023.03.08-05.40.16:043][  0]LogConfig: Setting CVar [[r.DOF.Kernel.MaxBackgroundRadius:0.025]]
[2023.03.08-05.40.16:043][  0]LogConfig: Applying CVar settings from Section [TextureQuality@3] File [C:/Unreal Project/UMGReversi/Saved/Config/Windows/Scalability.ini]
[2023.03.08-05.40.16:043][  0]LogConfig: Setting CVar [[r.Streaming.MipBias:0]]
[2023.03.08-05.40.16:043][  0]LogConfig: Setting CVar [[r.Streaming.AmortizeCPUToGPUCopy:0]]
[2023.03.08-05.40.16:043][  0]LogConfig: Setting CVar [[r.Streaming.MaxNumTexturesToStreamPerFrame:0]]
[2023.03.08-05.40.16:043][  0]LogConfig: Setting CVar [[r.Streaming.Boost:1]]
[2023.03.08-05.40.16:043][  0]LogConfig: Setting CVar [[r.MaxAnisotropy:8]]
[2023.03.08-05.40.16:043][  0]LogConfig: Setting CVar [[r.VT.MaxAnisotropy:8]]
[2023.03.08-05.40.16:043][  0]LogConfig: Setting CVar [[r.Streaming.LimitPoolSizeToVRAM:0]]
[2023.03.08-05.40.16:043][  0]LogConfig: Setting CVar [[r.Streaming.PoolSize:1000]]
[2023.03.08-05.40.16:043][  0]LogConfig: Setting CVar [[r.Streaming.MaxEffectiveScreenSize:0]]
[2023.03.08-05.40.16:043][  0]LogConfig: Applying CVar settings from Section [EffectsQuality@3] File [C:/Unreal Project/UMGReversi/Saved/Config/Windows/Scalability.ini]
[2023.03.08-05.40.16:043][  0]LogConfig: Setting CVar [[r.TranslucencyLightingVolumeDim:64]]
[2023.03.08-05.40.16:043][  0]LogConfig: Setting CVar [[r.RefractionQuality:2]]
[2023.03.08-05.40.16:043][  0]LogConfig: Setting CVar [[r.SSR.Quality:3]]
[2023.03.08-05.40.16:043][  0]LogConfig: Setting CVar [[r.SSR.HalfResSceneColor:0]]
[2023.03.08-05.40.16:043][  0]LogConfig: Setting CVar [[r.SceneColorFormat:4]]
[2023.03.08-05.40.16:043][  0]LogConfig: Setting CVar [[r.DetailMode:2]]
[2023.03.08-05.40.16:043][  0]LogConfig: Setting CVar [[r.TranslucencyVolumeBlur:1]]
[2023.03.08-05.40.16:043][  0]LogConfig: Setting CVar [[r.MaterialQualityLevel:1 ; High quality]]
[2023.03.08-05.40.16:043][  0]LogConfig: Setting CVar [[r.AnisotropicMaterials:1]]
[2023.03.08-05.40.16:043][  0]LogConfig: Setting CVar [[r.SSS.Scale:1]]
[2023.03.08-05.40.16:043][  0]LogConfig: Setting CVar [[r.SSS.SampleSet:2]]
[2023.03.08-05.40.16:043][  0]LogConfig: Setting CVar [[r.SSS.Quality:1]]
[2023.03.08-05.40.16:043][  0]LogConfig: Setting CVar [[r.SSS.HalfRes:0]]
[2023.03.08-05.40.16:043][  0]LogConfig: Setting CVar [[r.SSGI.Quality:3]]
[2023.03.08-05.40.16:043][  0]LogConfig: Setting CVar [[r.EmitterSpawnRateScale:1.0]]
[2023.03.08-05.40.16:043][  0]LogConfig: Setting CVar [[r.ParticleLightQuality:2]]
[2023.03.08-05.40.16:043][  0]LogConfig: Setting CVar [[r.SkyAtmosphere.AerialPerspectiveLUT.FastApplyOnOpaque:1 ; Always have FastSkyLUT 1 in this case to avoid wrong sky]]
[2023.03.08-05.40.16:043][  0]LogConfig: Setting CVar [[r.SkyAtmosphere.AerialPerspectiveLUT.SampleCountMaxPerSlice:4]]
[2023.03.08-05.40.16:043][  0]LogConfig: Setting CVar [[r.SkyAtmosphere.AerialPerspectiveLUT.DepthResolution:16.0]]
[2023.03.08-05.40.16:043][  0]LogConfig: Setting CVar [[r.SkyAtmosphere.FastSkyLUT:1]]
[2023.03.08-05.40.16:043][  0]LogConfig: Setting CVar [[r.SkyAtmosphere.FastSkyLUT.SampleCountMin:4.0]]
[2023.03.08-05.40.16:043][  0]LogConfig: Setting CVar [[r.SkyAtmosphere.FastSkyLUT.SampleCountMax:128.0]]
[2023.03.08-05.40.16:043][  0]LogConfig: Setting CVar [[r.SkyAtmosphere.SampleCountMin:4.0]]
[2023.03.08-05.40.16:043][  0]LogConfig: Setting CVar [[r.SkyAtmosphere.SampleCountMax:128.0]]
[2023.03.08-05.40.16:043][  0]LogConfig: Setting CVar [[r.SkyAtmosphere.TransmittanceLUT.UseSmallFormat:0]]
[2023.03.08-05.40.16:043][  0]LogConfig: Setting CVar [[r.SkyAtmosphere.TransmittanceLUT.SampleCount:10.0]]
[2023.03.08-05.40.16:043][  0]LogConfig: Setting CVar [[r.SkyAtmosphere.MultiScatteringLUT.SampleCount:15.0]]
[2023.03.08-05.40.16:043][  0]LogConfig: Setting CVar [[r.SkyLight.RealTimeReflectionCapture:1]]
[2023.03.08-05.40.16:043][  0]LogConfig: Applying CVar settings from Section [FoliageQuality@3] File [C:/Unreal Project/UMGReversi/Saved/Config/Windows/Scalability.ini]
[2023.03.08-05.40.16:043][  0]LogConfig: Setting CVar [[foliage.DensityScale:1.0]]
[2023.03.08-05.40.16:043][  0]LogConfig: Setting CVar [[grass.DensityScale:1.0]]
[2023.03.08-05.40.16:043][  0]LogConfig: Applying CVar settings from Section [ShadingQuality@3] File [C:/Unreal Project/UMGReversi/Saved/Config/Windows/Scalability.ini]
[2023.03.08-05.40.16:043][  0]LogConfig: Setting CVar [[r.HairStrands.SkyLighting.IntegrationType:2]]
[2023.03.08-05.40.16:043][  0]LogConfig: Setting CVar [[r.HairStrands.SkyAO.SampleCount:4]]
[2023.03.08-05.40.16:043][  0]LogConfig: Setting CVar [[r.HairStrands.Visibility.MSAA.SamplePerPixel:4]]
[2023.03.08-05.40.16:043][  0]LogConfig: Applying CVar settings from Section [Startup] File [../../../Engine/Config/ConsoleVariables.ini]
[2023.03.08-05.40.16:044][  0]LogConfig: Setting CVar [[net.UseAdaptiveNetUpdateFrequency:0]]
[2023.03.08-05.40.16:044][  0]LogConfig: Setting CVar [[p.chaos.AllowCreatePhysxBodies:1]]
[2023.03.08-05.40.16:044][  0]LogConfig: Setting CVar [[fx.SkipVectorVMBackendOptimizations:1]]
[2023.03.08-05.40.16:044][  0]LogConfig: Applying CVar settings from Section [ConsoleVariables] File [C:/Unreal Project/UMGReversi/Saved/Config/Windows/Engine.ini]
[2023.03.08-05.40.16:044][  0]LogConfig: Applying CVar settings from Section [ConsoleVariables] File [C:/Unreal Project/UMGReversi/Saved/Config/Windows/Editor.ini]
[2023.03.08-05.40.16:044][  0]LogInit: Computer: ACT-DES23003
[2023.03.08-05.40.16:044][  0]LogInit: User: Admn
[2023.03.08-05.40.16:044][  0]LogInit: CPU Page size=4096, Cores=8
[2023.03.08-05.40.16:044][  0]LogInit: High frequency timer resolution =10.000000 MHz
[2023.03.08-05.40.16:044][  0]LogMemory: Memory total: Physical=31.1GB (32GB approx)
[2023.03.08-05.40.16:044][  0]LogMemory: Platform Memory Stats for Windows
[2023.03.08-05.40.16:044][  0]LogMemory: Process Physical Memory: 145.41 MB used, 145.41 MB peak
[2023.03.08-05.40.16:044][  0]LogMemory: Process Virtual Memory: 127.62 MB used, 127.62 MB peak
[2023.03.08-05.40.16:044][  0]LogMemory: Physical Memory: 13025.74 MB used,  18869.14 MB free, 31894.89 MB total
[2023.03.08-05.40.16:044][  0]LogMemory: Virtual Memory: 134197824.00 MB used,  19907.85 MB free, 134217728.00 MB total
[2023.03.08-05.40.16:046][  0]LogWindows: WindowsPlatformFeatures enabled
[2023.03.08-05.40.16:067][  0]LogInit: Physics initialised using underlying interface: PhysX
[2023.03.08-05.40.16:068][  0]LogInit: Using OS detected language (en-US).
[2023.03.08-05.40.16:068][  0]LogInit: Using OS detected locale (en-US).
[2023.03.08-05.40.16:071][  0]LogTextLocalizationManager: No specific localization for 'en-US' exists, so the 'en' localization will be used.
[2023.03.08-05.40.16:166][  0]LogInit: Setting process to per monitor DPI aware
[2023.03.08-05.40.16:173][  0]LogWindowsTextInputMethodSystem: Display: IME system deactivated.
[2023.03.08-05.40.16:182][  0]LogSlate: New Slate User Created.  User Index 0, Is Virtual User: 0
[2023.03.08-05.40.16:182][  0]LogSlate: Slate User Registered.  User Index 0, Is Virtual User: 0
[2023.03.08-05.40.16:241][  0]LogD3D11RHI: Loaded GFSDK_Aftermath_Lib.x64.dll
[2023.03.08-05.40.16:243][  0]LogHMD: Failed to initialize OpenVR with code 110
[2023.03.08-05.40.16:243][  0]LogD3D11RHI: D3D11 min allowed feature level: 11_0
[2023.03.08-05.40.16:243][  0]LogD3D11RHI: D3D11 max allowed feature level: 11_0
[2023.03.08-05.40.16:243][  0]LogD3D11RHI: D3D11 adapters:
[2023.03.08-05.40.16:313][  0]LogD3D11RHI:    0. 'NVIDIA GeForce RTX 3060 Ti' (Feature Level 11_0)
[2023.03.08-05.40.16:313][  0]LogD3D11RHI:       8038/0/15947 MB DedicatedVideo/DedicatedSystem/SharedSystem, Outputs:2, VendorId:0x10de
[2023.03.08-05.40.16:338][  0]LogD3D11RHI:    1. 'AMD Radeon(TM) Graphics' (Feature Level 11_0)
[2023.03.08-05.40.16:338][  0]LogD3D11RHI:       485/0/15947 MB DedicatedVideo/DedicatedSystem/SharedSystem, Outputs:0, VendorId:0x1002
[2023.03.08-05.40.16:339][  0]LogD3D11RHI:    2. 'Microsoft Basic Render Driver' (Feature Level 11_0)
[2023.03.08-05.40.16:339][  0]LogD3D11RHI:       0/0/15947 MB DedicatedVideo/DedicatedSystem/SharedSystem, Outputs:0, VendorId:0x1414
[2023.03.08-05.40.16:339][  0]LogD3D11RHI: Chosen D3D11 Adapter:
[2023.03.08-05.40.16:339][  0]LogD3D11RHI:     Description : NVIDIA GeForce RTX 3060 Ti
[2023.03.08-05.40.16:339][  0]LogD3D11RHI:     VendorId    : 10de
[2023.03.08-05.40.16:339][  0]LogD3D11RHI:     DeviceId    : 2489
[2023.03.08-05.40.16:339][  0]LogD3D11RHI:     SubSysId    : c9721462
[2023.03.08-05.40.16:339][  0]LogD3D11RHI:     Revision    : 00a1
[2023.03.08-05.40.16:339][  0]LogD3D11RHI:     DedicatedVideoMemory : 8428453888 bytes
[2023.03.08-05.40.16:339][  0]LogD3D11RHI:     DedicatedSystemMemory : 0 bytes
[2023.03.08-05.40.16:339][  0]LogD3D11RHI:     SharedSystemMemory : 16722106368 bytes
[2023.03.08-05.40.16:339][  0]LogD3D11RHI:     AdapterLuid : 0 79595
[2023.03.08-05.40.16:346][  0]LogD3D11RHI: Creating new Direct3DDevice
[2023.03.08-05.40.16:346][  0]LogD3D11RHI:     GPU DeviceId: 0x2489 (for the marketing name, search the web for "GPU Device Id")
[2023.03.08-05.40.16:346][  0]LogWindows: EnumDisplayDevices:
[2023.03.08-05.40.16:346][  0]LogWindows:    0. 'NVIDIA GeForce RTX 3060 Ti' (P:1 D:1)
[2023.03.08-05.40.16:346][  0]LogWindows:    1. 'NVIDIA GeForce RTX 3060 Ti' (P:0 D:1)
[2023.03.08-05.40.16:346][  0]LogWindows:    2. 'NVIDIA GeForce RTX 3060 Ti' (P:0 D:0)
[2023.03.08-05.40.16:347][  0]LogWindows:    3. 'NVIDIA GeForce RTX 3060 Ti' (P:0 D:0)
[2023.03.08-05.40.16:347][  0]LogWindows:    4. 'AMD Radeon(TM) Graphics' (P:0 D:0)
[2023.03.08-05.40.16:347][  0]LogWindows:    5. 'AMD Radeon(TM) Graphics' (P:0 D:0)
[2023.03.08-05.40.16:347][  0]LogWindows:    6. 'AMD Radeon(TM) Graphics' (P:0 D:0)
[2023.03.08-05.40.16:347][  0]LogWindows:    7. 'AMD Radeon(TM) Graphics' (P:0 D:0)
[2023.03.08-05.40.16:347][  0]LogWindows:    8. 'AMD Radeon(TM) Graphics' (P:0 D:0)
[2023.03.08-05.40.16:348][  0]LogWindows: DebugString: PrimaryIsNotTheChoosenAdapter PrimaryIsNotTheChoosenAdapter PrimaryIsNotTheChoosenAdapter PrimaryIsNotTheChoosenAdapter PrimaryIsNotTheChoosenAdapter FoundDriverCount:4 
[2023.03.08-05.40.16:348][  0]LogD3D11RHI:     Adapter Name: NVIDIA GeForce RTX 3060 Ti
[2023.03.08-05.40.16:348][  0]LogD3D11RHI:   Driver Version: 528.49 (internal:31.0.15.2849, unified:528.49)
[2023.03.08-05.40.16:348][  0]LogD3D11RHI:      Driver Date: 2-2-2023
[2023.03.08-05.40.16:348][  0]LogRHI: Texture pool is 5626 MB (70% of 8038 MB)
[2023.03.08-05.40.16:348][  0]LogD3D11RHI: Creating D3DDevice using adapter:
[2023.03.08-05.40.16:348][  0]LogD3D11RHI:     Description : NVIDIA GeForce RTX 3060 Ti
[2023.03.08-05.40.16:348][  0]LogD3D11RHI:     VendorId    : 10de
[2023.03.08-05.40.16:348][  0]LogD3D11RHI:     DeviceId    : 2489
[2023.03.08-05.40.16:348][  0]LogD3D11RHI:     SubSysId    : c9721462
[2023.03.08-05.40.16:348][  0]LogD3D11RHI:     Revision    : 00a1
[2023.03.08-05.40.16:348][  0]LogD3D11RHI:     DedicatedVideoMemory : 8428453888 bytes
[2023.03.08-05.40.16:348][  0]LogD3D11RHI:     DedicatedSystemMemory : 0 bytes
[2023.03.08-05.40.16:348][  0]LogD3D11RHI:     SharedSystemMemory : 16722106368 bytes
[2023.03.08-05.40.16:348][  0]LogD3D11RHI:     AdapterLuid : 0 79595
[2023.03.08-05.40.16:389][  0]LogD3D11RHI: RHI has support for 64 bit atomics
[2023.03.08-05.40.16:389][  0]LogD3D11RHI: Async texture creation enabled
[2023.03.08-05.40.16:389][  0]LogD3D11RHI: Array index from any shader is supported
[2023.03.08-05.40.16:404][  0]LogD3D11RHI: GPU Timing Frequency: 1000.000000 (Debug: 2 1)
[2023.03.08-05.40.16:418][  0]LogRHI: GeForceNow SDK initialized: 1
[2023.03.08-05.40.16:547][  0]LogTargetPlatformManager: Display: Loaded TargetPlatform 'AllDesktop'
[2023.03.08-05.40.16:559][  0]LogTargetPlatformManager: Display: Loaded TargetPlatform 'Android'
[2023.03.08-05.40.16:559][  0]LogTargetPlatformManager: Display: Loaded TargetPlatform 'Android_ASTC'
[2023.03.08-05.40.16:559][  0]LogTargetPlatformManager: Display: Loaded TargetPlatform 'Android_DXT'
[2023.03.08-05.40.16:559][  0]LogTargetPlatformManager: Display: Loaded TargetPlatform 'Android_ETC2'
[2023.03.08-05.40.16:559][  0]LogTargetPlatformManager: Display: Loaded TargetPlatform 'AndroidClient'
[2023.03.08-05.40.16:559][  0]LogTargetPlatformManager: Display: Loaded TargetPlatform 'Android_ASTCClient'
[2023.03.08-05.40.16:559][  0]LogTargetPlatformManager: Display: Loaded TargetPlatform 'Android_DXTClient'
[2023.03.08-05.40.16:559][  0]LogTargetPlatformManager: Display: Loaded TargetPlatform 'Android_ETC2Client'
[2023.03.08-05.40.16:559][  0]LogTargetPlatformManager: Display: Loaded TargetPlatform 'Android_Multi'
[2023.03.08-05.40.16:559][  0]LogTargetPlatformManager: Display: Loaded TargetPlatform 'Android_MultiClient'
[2023.03.08-05.40.16:568][  0]LogTargetPlatformManager: Display: Loaded TargetPlatform 'IOSClient'
[2023.03.08-05.40.16:568][  0]LogTargetPlatformManager: Display: Loaded TargetPlatform 'IOS'
[2023.03.08-05.40.16:580][  0]LogTargetPlatformManager: Display: Loaded TargetPlatform 'Lumin'
[2023.03.08-05.40.16:580][  0]LogTargetPlatformManager: Display: Loaded TargetPlatform 'LuminClient'
[2023.03.08-05.40.16:584][  0]LogTargetPlatformManager: Display: Loaded TargetPlatform 'MacNoEditor'
[2023.03.08-05.40.16:586][  0]LogTargetPlatformManager: Display: Loaded TargetPlatform 'Mac'
[2023.03.08-05.40.16:588][  0]LogTargetPlatformManager: Display: Loaded TargetPlatform 'MacClient'
[2023.03.08-05.40.16:590][  0]LogTargetPlatformManager: Display: Loaded TargetPlatform 'MacServer'
[2023.03.08-05.40.16:595][  0]LogTargetPlatformManager: Display: Loaded TargetPlatform 'TVOSClient'
[2023.03.08-05.40.16:595][  0]LogTargetPlatformManager: Display: Loaded TargetPlatform 'TVOS'
[2023.03.08-05.40.16:599][  0]LogTargetPlatformManager: Display: Loaded TargetPlatform 'WindowsNoEditor'
[2023.03.08-05.40.16:601][  0]LogTargetPlatformManager: Display: Loaded TargetPlatform 'Windows'
[2023.03.08-05.40.16:604][  0]LogTargetPlatformManager: Display: Loaded TargetPlatform 'WindowsClient'
[2023.03.08-05.40.16:606][  0]LogTargetPlatformManager: Display: Loaded TargetPlatform 'WindowsServer'
[2023.03.08-05.40.16:606][  0]LogTargetPlatformManager: Display: Building Assets For Windows
[2023.03.08-05.40.16:609][  0]LogAudioDebug: Display: Lib vorbis DLL was dynamically loaded.
[2023.03.08-05.40.16:625][  0]LogTextureFormatOodle: Display: Oodle Texture 2.9.0 init RDO Off
[2023.03.08-05.40.16:640][  0]LogRendererCore: Ray tracing is disabled. Reason: r.RayTracing=0.
[2023.03.08-05.40.16:640][  0]LogShaderCompilers: Guid format shader working directory is 7 characters bigger than the processId version (../../../../Unreal Project/UMGReversi/Intermediate/Shaders/WorkingDirectory/60024/).
[2023.03.08-05.40.16:640][  0]LogShaderCompilers: Cleaned the shader compiler working directory 'C:/Users/Admn/AppData/Local/Temp/UnrealShaderWorkingDir/B2A3F15F467F97D61FE4A695A8EEED6F/'.
[2023.03.08-05.40.16:640][  0]LogXGEController: Cannot use XGE Controller as Incredibuild is not installed on this machine.
[2023.03.08-05.40.16:640][  0]LogShaderCompilers: Cannot use XGE Shader Compiler as Incredibuild is not installed on this machine.
[2023.03.08-05.40.16:640][  0]LogShaderCompilers: Display: Using Local Shader Compiler.
[2023.03.08-05.40.17:052][  0]LogDerivedDataCache: Display: Max Cache Size: 512 MB
[2023.03.08-05.40.17:081][  0]LogDerivedDataCache: Loaded boot cache 0.03s 95MB ../../../../Unreal Project/UMGReversi/DerivedDataCache/Boot.ddc.
[2023.03.08-05.40.17:081][  0]LogDerivedDataCache: Display: Loaded Boot cache: ../../../../Unreal Project/UMGReversi/DerivedDataCache/Boot.ddc
[2023.03.08-05.40.17:081][  0]LogDerivedDataCache: FDerivedDataBackendGraph:  Pak pak cache file ../../../../Unreal Project/UMGReversi/DerivedDataCache/DDC.ddp not found, will not use a pak cache.
[2023.03.08-05.40.17:081][  0]LogDerivedDataCache: Unable to find inner node Pak for hierarchical cache Hierarchy.
[2023.03.08-05.40.17:081][  0]LogDerivedDataCache: FDerivedDataBackendGraph:  EnginePak pak cache file ../../../Engine/DerivedDataCache/DDC.ddp not found, will not use a pak cache.
[2023.03.08-05.40.17:081][  0]LogDerivedDataCache: Unable to find inner node EnginePak for hierarchical cache Hierarchy.
[2023.03.08-05.40.17:096][  0]LogDerivedDataCache: Speed tests for ../../../Engine/DerivedDataCache took 0.01 seconds
[2023.03.08-05.40.17:096][  0]LogDerivedDataCache: Display: Performance to ../../../Engine/DerivedDataCache: Latency=0.02ms. RandomReadSpeed=2383.81MBs, RandomWriteSpeed=65.32MBs. Assigned SpeedClass 'Local'
[2023.03.08-05.40.17:097][  0]LogDerivedDataCache: Using Local data cache path ../../../Engine/DerivedDataCache: Writable
[2023.03.08-05.40.17:097][  0]LogDerivedDataCache: Shared data cache path not found in *engine.ini, will not use an Shared cache.
[2023.03.08-05.40.17:097][  0]LogDerivedDataCache: Unable to find inner node Shared for hierarchical cache Hierarchy.
[2023.03.08-05.40.17:122][  0]LogSlate: Using FreeType 2.10.0
[2023.03.08-05.40.17:122][  0]LogSlate: SlateFontServices - WITH_FREETYPE: 1, WITH_HARFBUZZ: 1
[2023.03.08-05.40.17:134][  0]LogAssetRegistry: FAssetRegistry took 0.0017 seconds to start up
[2023.03.08-05.40.17:256][  0]LogInit: Selected Device Profile: [Windows]
[2023.03.08-05.40.17:256][  0]LogInit: Active device profile: [000002D75F15AE00][000002D7551922C0 49] Windows
[2023.03.08-05.40.17:256][  0]LogInit: Profiles: [000002D75F15AE00][000002D7551922C0 49] Windows, [000002D75F0F5300][000002D7575DC440 49] WindowsNoEditor, [000002D75F159100][000002D7575E05C0 49] WindowsServer, [000002D75F0F6F00][000002D7575E4740 49] WindowsClient, [000002D75F158E00][000002D7575E88C0 49] IOS, [000002D75F0F7300][000002D7575ECA40 49] iPadAir, [000002D75F0F4500][000002D7575F0BC0 49] iPadAir2, [000002D75F0A0E00][000002D7575F8E80 49] IPadPro, [000002D75F0A0F00][000002D7575F4EC0 49] iPadAir3, [000002D75F15AD00][000002D7575FD040 49] iPadAir4, [000002D75F0A1000][000002D7576011C0 49] iPadMini2, [000002D75F0A0800][000002D757605340 49] iPadMini3, [000002D75F0F5900][000002D7576094C0 49] iPadMini4, [000002D75F0A2800][000002D75760D640 49] iPadMini5, [000002D75F0C4500][000002D757615900 49] iPhone6, [000002D75F0C4600][000002D757611940 49] iPodTouch6, [000002D75F159E00][000002D75761DC00 49] iPhone7, [000002D75F15B500][000002D7576180C0 49] iPodTouch7, [000002D75F0C7E00][000002D7575D8200 49] iPhone5S, [000002D75F0F5000][000002D757620340 49] iPhone6Plus, [000002D75F0C4A00][000002D757624480 49] iPhone6S, [000002D75F0F7600][000002D7576285C0 49] iPhone6SPlus, [000002D75F0C6300][000002D757630740 49] iPhone7Plus, [000002D75F0F7800][000002D7576348C0 49] iPhoneSE, [000002D75F0C6200][000002D757638A40 49] iPhone8, [000002D75F0F4600][000002D75763CBC0 49] iPhone8Plus, [000002D75F158900][000002D757640D40 49] iPhoneX, [000002D75F0F4200][000002D757644EC0 49] iPhoneXS, [000002D75F158F00][000002D757649040 49] iPhoneXSMax, [000002D75F0F5B00][000002D75764D1C0 49] iPhoneXR, [000002D75F15AA00][000002D757651340 49] iPhone11, [000002D75F0F7900][000002D7576554C0 49] iPhone11Pro, [000002D75F158300][000002D757659640 49] iPhone11ProMax, [000002D75F0F4B00][000002D75765D7C0 49] iPhoneSE2, [000002D75F15A800][000002D757661940 49] iPhone12Mini, [000002D75F0F4F00][000002D757665AC0 49] iPhone12, [000002D75F159800][000002D7576680C0 49] iPhone12Pro, [000002D75F0F4800][000002D75766C240 49] iPhone12ProMax, [000002D75F15AB00][000002D75762C380 49] iPadPro105, [000002D75F0F7700][000002D7576704C0 49] iPadPro129, [000002D75F159300][000002D757674600 49] iPadPro97, [000002D75F0F7A00][000002D757678740 49] iPadPro2_129, [000002D75F158500][000002D7576808C0 49] iPad5, [000002D75F0F7C00][000002D757684A40 49] iPad6, [000002D75F159000][000002D757688BC0 49] iPad7, [000002D75F0F7500][000002D75768CD40 49] iPad8, [000002D75F15AC00][000002D757690EC0 49] iPadPro11, [000002D75F0F6C00][000002D757695040 49] iPadPro2_11, [000002D75F159200][000002D7576991C0 49] iPadPro3_129, [000002D75F0F5500][000002D75769D340 49] iPadPro4_129, [000002D75F159F00][000002D7576A14C0 49] AppleTV, [000002D75F0F7200][000002D7576A5640 49] AppleTV4K, [000002D75F158200][000002D7576A97C0 49] TVOS, [000002D75F0F7400][000002D7576AD940 49] Mac, [000002D75F158700][000002D7576B1AC0 49] MacClient, [000002D75F0F5100][000002D7576B40C0 49] MacNoEditor, [000002D75F15B600][000002D7576B8240 49] MacServer, [000002D75F0F6500][000002D7576BC3C0 49] Linux, [000002D75F15B700][000002D7576C0540 49] LinuxAArch64, [000002D75F0F5200][000002D75767C680 49] LinuxNoEditor, [000002D75F158B00][000002D7576C47C0 49] LinuxAArch64NoEditor, [000002D75F0F6400][000002D7576C8900 49] LinuxClient, [000002D75F159A00][000002D756FC2A80 49] LinuxAArch64Client, [000002D75F0F7E00][000002D756FC6C00 49] LinuxServer, [000002D75F159500][000002D756FCAD80 49] LinuxAArch64Server, [000002D75F0F4A00][000002D756FCEF00 49] Android, [000002D75F15B300][000002D756FD3080 49] Android_Low, [000002D75F0F7D00][000002D756FD7200 49] Android_Mid, [000002D75F0C5900][000002D756FDB380 49] Android_High, [000002D75F0A3200][000002D756FDF500 49] Android_Default, [000002D75F0C5300][000002D756FE3680 49] Android_Adreno4xx, [000002D75F0A2100][000002D756FE7800 49] Android_Adreno5xx_Low, [000002D75F0C4200][000002D756FEB980 49] Android_Adreno5xx, [000002D75F0A1F00][000002D756FEFB00 49] Android_Adreno6xx, [000002D75F0C6800][000002D756FF2100 49] Android_Adreno6xx_Vulkan, [000002D75F0A3D00][000002D756FF6280 49] Android_Mali_T6xx, [000002D75F0C5500][000002D756FFA400 49] Android_Mali_T7xx, [000002D75F0A1500][000002D756FFE580 49] Android_Mali_T8xx, [000002D75F0C6100][000002D757002700 49] Android_Mali_G71, [000002D75F0A1C00][000002D7576CC840 49] Android_Mali_G72, [000002D75F0C7300][000002D757006980 49] Android_Mali_G72_Vulkan, [000002D75F0A3F00][000002D75700AAC0 49] Android_Mali_G76, [000002D75F0C7500][000002D757012C40 49] Android_Mali_G76_Vulkan, [000002D75F0A2600][000002D757016DC0 49] Android_Mali_G77, [000002D75F0C6B00][000002D75701AF40 49] Android_Mali_G77_Vulkan, [000002D75F0A0A00][000002D75701F0C0 49] Android_Mali_G78, [000002D75F0C5E00][000002D757023240 49] Android_Mali_G78_Vulkan, [000002D75F0A0100][000002D7570273C0 49] Android_Mali_G710, [000002D75F0C6A00][000002D75702B540 49] Android_Mali_G710_Vulkan, [000002D75F0A2D00][000002D75702F6C0 49] Android_Vulkan_SM5, [000002D75F0C4C00][000002D757033840 49] Android_PowerVR_G6xxx, [000002D75F0A2500][000002D7570379C0 49] Android_PowerVR_GT7xxx, [000002D75F0C5700][000002D75703BB40 49] Android_PowerVR_GE8xxx, [000002D75F0A2B00][000002D75703E140 49] Android_PowerVR_GM9xxx, [000002D75F0C5800][000002D7570A62C0 49] Android_PowerVR_GM9xxx_Vulkan, [000002D75F0A2300][000002D7570AE440 49] Android_TegraK1, [000002D75F0C6000][000002D7570B65C0 49] Android_Unknown_Vulkan, [000002D75F0A1A00][000002D7570E6740 49] Lumin, [000002D75F0C5B00][000002D7553868C0 49] Lumin_Desktop, [000002D75F0A0B00][000002D75700EA00 49] HoloLens, 
[2023.03.08-05.40.17:326][  0]LogMeshReduction: Using QuadricMeshReduction for automatic static mesh reduction
[2023.03.08-05.40.17:326][  0]LogMeshReduction: Using SimplygonMeshReduction for automatic skeletal mesh reduction
[2023.03.08-05.40.17:326][  0]LogMeshReduction: Using ProxyLODMeshReduction for automatic mesh merging
[2023.03.08-05.40.17:326][  0]LogMeshReduction: No distributed automatic mesh merging module available
[2023.03.08-05.40.17:326][  0]LogMeshMerging: No distributed automatic mesh merging module available
[2023.03.08-05.40.17:336][  0]LogNetVersion: UMGReversi 1.0.0, NetCL: 0, EngineNetVer: 17, GameNetVer: 0 (Checksum: 4183442742)
[2023.03.08-05.40.17:533][  0]LogTexture: Default maximum texture size for cubemaps generated from long-lat sources has been changed from 512 to unlimited. In order to preserve old behaiour for '/Engine/MapTemplates/Sky/DaylightAmbientCubemap.DaylightAmbientCubemap', its maximum texture size has been explicitly set to 512.
[2023.03.08-05.40.17:564][  0]LogHMD: PokeAHoleMaterial loaded successfully
[2023.03.08-05.40.17:567][  0]LogUObjectArray: 17164 objects as part of root set at end of initial load.
[2023.03.08-05.40.17:567][  0]LogUObjectAllocator: 4298528 out of 0 bytes used by permanent object pool.
[2023.03.08-05.40.17:567][  0]LogUObjectArray: CloseDisregardForGC: 0/0 objects in disregard for GC pool
[2023.03.08-05.40.17:736][  0]LogPython: Using Python 3.7.7
[2023.03.08-05.40.17:994][  0]LogTcpMessaging: Initializing TcpMessaging bridge
[2023.03.08-05.40.17:996][  0]LogUdpMessaging: Initializing bridge on interface 0.0.0.0:0 to multicast group 230.0.0.1:6666.
[2023.03.08-05.40.18:028][  0]LogNiagaraDebuggerClient: Niagara Debugger Client Initialized | Session: BEEF0AFF47C7210335A6D9A3D69DC402 | Instance: D88D90694DC50EFDD47D14AA0B168B11 (ACT-DES23003-60024).
[2023.03.08-05.40.18:132][  0]SourceControl: Source control is disabled
[2023.03.08-05.40.18:132][  0]SourceControl: Source control is disabled
[2023.03.08-05.40.18:133][  0]SourceControl: Source control is disabled
[2023.03.08-05.40.18:135][  0]SourceControl: Source control is disabled
[2023.03.08-05.40.18:138][  0]SourceControl: Source control is disabled
[2023.03.08-05.40.18:149][  0]LogUProjectInfo: Found projects:
[2023.03.08-05.40.18:226][  0]LogOpenImageDenoise: OIDN starting up
[2023.03.08-05.40.18:233][  0]LogAndroidPermission: UAndroidPermissionCallbackProxy::GetInstance
[2023.03.08-05.40.18:245][  0]LogAudioCaptureCore: Display: No Audio Capture implementations found. Audio input will be silent.
[2023.03.08-05.40.18:245][  0]LogAudioCaptureCore: Display: No Audio Capture implementations found. Audio input will be silent.
[2023.03.08-05.40.18:309][  0]LogCollectionManager: Loaded 0 collections in 0.001622 seconds
[2023.03.08-05.40.18:322][  0]LogFileCache: Scanning file cache for directory 'C:/Unreal Project/UMGReversi/Saved/Collections/' took 0.00s
[2023.03.08-05.40.18:322][  0]LogFileCache: Scanning file cache for directory 'C:/Unreal Project/UMGReversi/Content/Developers/Admn/Collections/' took 0.00s
[2023.03.08-05.40.18:322][  0]LogFileCache: Scanning file cache for directory 'C:/Unreal Project/UMGReversi/Content/Collections/' took 0.00s
[2023.03.08-05.40.18:322][  0]LogOcInput: OculusInput pre-init called
[2023.03.08-05.40.18:439][  0]LogEngine: Initializing Engine...
[2023.03.08-05.40.18:440][  0]LogHMD: Failed to enumerate extensions. Please check that you have a valid OpenXR runtime installed.
[2023.03.08-05.40.18:440][  0]LogHMD: Failed to initialize OpenVR with code 110
[2023.03.08-05.40.18:440][  0]LogMagicLeap: Warning: VR disabled because ZI is not enabled.  To enable, in the editor, Edit -> Project Settings -> Plugins -> Magic Leap Plugin -> Enable Zero Iteration
[2023.03.08-05.40.18:441][  0]LogStats: UGameplayTagsManager::InitializeManager -  0.000 s
[2023.03.08-05.40.18:500][  0]LogInit: Initializing FReadOnlyCVARCache
[2023.03.08-05.40.18:505][  0]LogAIModule: Creating AISystem for world Untitled
[2023.03.08-05.40.18:508][  0]LogAudio: Display: Initializing Audio Device Manager...
[2023.03.08-05.40.18:510][  0]LogAudio: Display: Loading Default Audio Settings Objects...
[2023.03.08-05.40.18:510][  0]LogAudio: Display: No default SoundConcurrencyObject specified (or failed to load).
[2023.03.08-05.40.18:510][  0]LogAudio: Display: Audio Device Manager Initialized
[2023.03.08-05.40.18:510][  0]LogAudio: Display: Creating Audio Device:                 Id: 1, Scope: Shared, Realtime: True
[2023.03.08-05.40.18:510][  0]LogAudioMixer: Display: Audio Mixer Platform Settings:
[2023.03.08-05.40.18:510][  0]LogAudioMixer: Display: 	Sample Rate:						  48000
[2023.03.08-05.40.18:510][  0]LogAudioMixer: Display: 	Callback Buffer Frame Size Requested: 1024
[2023.03.08-05.40.18:510][  0]LogAudioMixer: Display: 	Callback Buffer Frame Size To Use:	  1024
[2023.03.08-05.40.18:510][  0]LogAudioMixer: Display: 	Number of buffers to queue:			  2
[2023.03.08-05.40.18:510][  0]LogAudioMixer: Display: 	Max Channels (voices):				  32
[2023.03.08-05.40.18:510][  0]LogAudioMixer: Display: 	Number of Async Source Workers:		  0
[2023.03.08-05.40.18:510][  0]LogAudio: Display: AudioDevice MaxSources: 32
[2023.03.08-05.40.18:510][  0]LogAudio: Display: Audio Spatialization Plugin: None (built-in).
[2023.03.08-05.40.18:511][  0]LogAudio: Display: Audio Reverb Plugin: None (built-in).
[2023.03.08-05.40.18:511][  0]LogAudio: Display: Audio Occlusion Plugin: None (built-in).
[2023.03.08-05.40.18:511][  0]LogAudioMixer: Display: Initializing audio mixer.
[2023.03.08-05.40.18:519][  0]LogAudioMixer: Display: 0: FrontLeft
[2023.03.08-05.40.18:519][  0]LogAudioMixer: Display: 1: FrontRight
[2023.03.08-05.40.18:540][  0]LogAudioMixer: Display: Using Audio Device Realtek Digital Output (Realtek(R) Audio)
[2023.03.08-05.40.18:541][  0]LogAudioMixer: Display: Initializing Sound Submixes...
[2023.03.08-05.40.18:542][  0]LogAudioMixer: Display: Creating Master Submix 'MasterSubmixDefault'
[2023.03.08-05.40.18:542][  0]LogAudioMixer: Display: Creating Master Submix 'MasterReverbSubmixDefault'
[2023.03.08-05.40.18:542][  0]LogAudioMixer: Display: Creating Master Submix 'MasterEQSubmixDefault'
[2023.03.08-05.40.18:542][  0]LogAudioMixer: FMixerPlatformXAudio2::StartAudioStream() called
[2023.03.08-05.40.18:542][  0]LogAudioMixer: Display: Output buffers initialized: Frames=1024, Channels=2, Samples=2048
[2023.03.08-05.40.18:543][  0]LogAudioMixer: Display: Starting AudioMixerPlatformInterface::RunInternal()
[2023.03.08-05.40.18:543][  0]LogAudioMixer: Display: FMixerPlatformXAudio2::SubmitBuffer() called for the first time
[2023.03.08-05.40.18:543][  0]LogInit: FAudioDevice initialized.
[2023.03.08-05.40.18:543][  0]LogAudio: Display: Audio Device (ID: 1) registered with world 'Untitled'.
[2023.03.08-05.40.18:543][  0]LogNetVersion: Set ProjectVersion to 1.0.0.0. Version Checksum will be recalculated on next use.
[2023.03.08-05.40.18:592][  0]LogDerivedDataCache: Saved boot cache 0.05s 95MB ../../../../Unreal Project/UMGReversi/DerivedDataCache/Boot.ddc.
[2023.03.08-05.40.18:592][  0]LogInit: Texture streaming: Enabled
[2023.03.08-05.40.18:598][  0]LogAnalytics: Display: [UEEditor.UnrealEngine.Release] APIServer = https://datarouter.ol.epicgames.com/. AppVersion = 4.27.2-0+++UE4+Release-4.27
[2023.03.08-05.40.18:600][  0]LogEngineSessionManager: EngineSessionManager initialized
[2023.03.08-05.40.18:600][  0]LogEngineSessionManager: EngineSessionManager sent abnormal shutdown report. Type=Crashed, SessionId={4243ED5D-4BC0-4477-BB5F-838E020C3060}
[2023.03.08-05.40.18:600][  0]LogEditorSessionSummary: Verbose: Initializing EditorSessionSummaryWriter for editor session tracking
[2023.03.08-05.40.18:601][  0]LogEditorSessionSummary: EditorSessionSummaryWriter initialized
[2023.03.08-05.40.18:620][  0]LogInit: Transaction tracking system initialized
[2023.03.08-05.40.18:630][  0]BlueprintLog: New page: Editor Load
[2023.03.08-05.40.18:658][  0]LocalizationService: Localization service is disabled
[2023.03.08-05.40.18:669][  0]TimingProfiler: Initialize
[2023.03.08-05.40.18:669][  0]TimingProfiler: OnSessionChanged
[2023.03.08-05.40.18:669][  0]LoadingProfiler: Initialize
[2023.03.08-05.40.18:669][  0]LoadingProfiler: OnSessionChanged
[2023.03.08-05.40.18:669][  0]NetworkingProfiler: Initialize
[2023.03.08-05.40.18:669][  0]NetworkingProfiler: OnSessionChanged
[2023.03.08-05.40.18:669][  0]MemoryProfiler: Initialize
[2023.03.08-05.40.18:670][  0]MemoryProfiler: OnSessionChanged
[2023.03.08-05.40.18:741][  0]LogCook: Display: CookSettings for Memory: MemoryMaxUsedVirtual 0MiB, MemoryMaxUsedPhysical 16384MiB, MemoryMinFreeVirtual 0MiB, MemoryMinFreePhysical 1024MiB
[2023.03.08-05.40.18:741][  0]LogCook: Display: Mobile HDR setting 1
[2023.03.08-05.40.18:829][  0]LogFileCache: Scanning file cache for directory 'C:/Unreal Project/UMGReversi/Content/' took 0.00s
[2023.03.08-05.40.18:912][  0]LogInit: Display: Engine is initialized. Leaving FEngineLoop::Init()
[2023.03.08-05.40.18:914][  0]SourceControl: Source control is disabled
[2023.03.08-05.40.18:914][  0]LogUnrealEdMisc: Loading editor; pre map load, took 3.309
[2023.03.08-05.40.18:914][  0]Cmd: MAP LOAD FILE="../../../../Unreal Project/UMGReversi/Content/UMGReversi/Maps/ReversiWorld.umap" TEMPLATE=0 SHOWPROGRESS=1 FEATURELEVEL=3
[2023.03.08-05.40.18:914][  0]LightingResults: New page: Lighting Build
[2023.03.08-05.40.18:915][  0]LogWorld: UWorld::CleanupWorld for Untitled, bSessionEnded=true, bCleanupResources=true
[2023.03.08-05.40.18:915][  0]LogSlate: InvalidateAllWidgets triggered.  All widgets were invalidated
[2023.03.08-05.40.18:915][  0]MapCheck: New page: Map Check
[2023.03.08-05.40.18:915][  0]LightingResults: New page: Lighting Build
[2023.03.08-05.40.18:924][  0]LogAudio: Display: Audio Device unregistered from world 'None'.
[2023.03.08-05.40.18:925][  0]LogUObjectHash: Compacting FUObjectHashTables data took   0.51ms
[2023.03.08-05.40.18:928][  0]LogLinker: Error: HOTRELOADED_UMGReversiGameModeBase_1 has an inappropriate outermost, it was probably saved with a deprecated outer (file: ../../../../Unreal Project/UMGReversi/Content/UMGReversi/Blueprints/UI/WPB_StartMenu.uasset)
[2023.03.08-05.40.18:928][  0]LogLinker: Error: HOTRELOADED_UMGReversiGameModeBase_1 has an inappropriate outermost, it was probably saved with a deprecated outer (file: ../../../../Unreal Project/UMGReversi/Content/UMGReversi/Blueprints/UI/WPB_StartMenu.uasset)
[2023.03.08-05.40.18:949][  0]LogLinker: Error: HOTRELOADED_UMGReversiGameModeBase_1 has an inappropriate outermost, it was probably saved with a deprecated outer (file: ../../../../Unreal Project/UMGReversi/Content/UMGReversi/Blueprints/UI/WPB_StartMenu.uasset)
[2023.03.08-05.40.18:949][  0]LogLinker: Error: HOTRELOADED_UMGReversiGameModeBase_1 has an inappropriate outermost, it was probably saved with a deprecated outer (file: ../../../../Unreal Project/UMGReversi/Content/UMGReversi/Blueprints/UI/WPB_StartMenu.uasset)
[2023.03.08-05.40.18:960][  0]LogAudio: Display: Audio Device (ID: 1) registered with world 'ReversiWorld'.
[2023.03.08-05.40.18:960][  0]LogAIModule: Creating AISystem for world ReversiWorld
[2023.03.08-05.40.18:961][  0]LogEditorServer: Finished looking for orphan Actors (0.000 secs)
[2023.03.08-05.40.18:965][  0]LogUObjectHash: Compacting FUObjectHashTables data took   0.48ms
[2023.03.08-05.40.18:965][  0]Cmd: MAP CHECKDEP NOCLEARLOG
[2023.03.08-05.40.18:965][  0]MapCheck: Map check complete: 0 Error(s), 0 Warning(s), took 0.082ms to complete.
[2023.03.08-05.40.18:965][  0]LogFileHelpers: Loading map 'ReversiWorld' took 0.051
[2023.03.08-05.40.18:966][  0]LogUnrealEdMisc: Total Editor Startup Time, took 3.360
[2023.03.08-05.40.19:213][  0]LogSlate: Only BGRA pngs, bmps or icos are supported in by External Image Picker
[2023.03.08-05.40.19:253][  0]LogSlate: Updating window title bar state: overlay mode, drag disabled, window buttons hidden, title bar hidden
[2023.03.08-05.40.19:257][  0]LogSlate: Updating window title bar state: overlay mode, drag disabled, window buttons hidden, title bar hidden
[2023.03.08-05.40.19:259][  0]LogSlate: Updating window title bar state: overlay mode, drag disabled, window buttons hidden, title bar hidden
[2023.03.08-05.40.19:262][  0]LogSlate: Updating window title bar state: overlay mode, drag disabled, window buttons hidden, title bar hidden
[2023.03.08-05.40.19:263][  0]LogSlate: The tab "/Game/Reversi/Test/WBP_EditorTest.WBP_EditorTest_ActiveTab" attempted to spawn in layout 'LevelEditor_Layout_v1.2' but failed for some reason. It will not be displayed.
[2023.03.08-05.40.19:273][  0]LogNativeClassHierarchy: Verbose: Native class hierarchy populated in 0.0060 seconds. Added 3825 classes and 928 folders.
[2023.03.08-05.40.19:274][  0]LogNativeClassHierarchy: Verbose: Native class hierarchy updated for 'WidgetCarousel' in 0.0002 seconds. Added 0 classes and 0 folders.
[2023.03.08-05.40.19:275][  0]LogShaderLibrary: Display: ShaderCodeLibraryPakFileMountedCallback: PakFile 'C:/UnrealEngine-4.27/FeaturePacks/FP_FirstPerson.upack' (chunk index -1, root 'root:/') mounted
[2023.03.08-05.40.19:275][  0]LogShaderLibrary: Display: ShaderCodeLibraryPakFileMountedCallback: pending pak file info (ChunkID:-1 Root:root:/ File:C:/UnrealEngine-4.27/FeaturePacks/FP_FirstPerson.upack)
[2023.03.08-05.40.19:275][  0]LogPakFile: OnPakFileMounted2Time == 0.000042
[2023.03.08-05.40.19:275][  0]LogShaderLibrary: Display: ShaderCodeLibraryPakFileMountedCallback: PakFile 'C:/UnrealEngine-4.27/FeaturePacks/FP_FirstPersonBP.upack' (chunk index -1, root 'root:/') mounted
[2023.03.08-05.40.19:275][  0]LogShaderLibrary: Display: ShaderCodeLibraryPakFileMountedCallback: pending pak file info (ChunkID:-1 Root:root:/ File:C:/UnrealEngine-4.27/FeaturePacks/FP_FirstPersonBP.upack)
[2023.03.08-05.40.19:275][  0]LogPakFile: OnPakFileMounted2Time == 0.000026
[2023.03.08-05.40.19:275][  0]LogShaderLibrary: Display: ShaderCodeLibraryPakFileMountedCallback: PakFile 'C:/UnrealEngine-4.27/FeaturePacks/MobileStarterContent.upack' (chunk index -1, root 'root:/') mounted
[2023.03.08-05.40.19:275][  0]LogShaderLibrary: Display: ShaderCodeLibraryPakFileMountedCallback: pending pak file info (ChunkID:-1 Root:root:/ File:C:/UnrealEngine-4.27/FeaturePacks/MobileStarterContent.upack)
[2023.03.08-05.40.19:275][  0]LogPakFile: OnPakFileMounted2Time == 0.000025
[2023.03.08-05.40.19:276][  0]LogShaderLibrary: Display: ShaderCodeLibraryPakFileMountedCallback: PakFile 'C:/UnrealEngine-4.27/FeaturePacks/StarterContent.upack' (chunk index -1, root 'root:/') mounted
[2023.03.08-05.40.19:276][  0]LogShaderLibrary: Display: ShaderCodeLibraryPakFileMountedCallback: pending pak file info (ChunkID:-1 Root:root:/ File:C:/UnrealEngine-4.27/FeaturePacks/StarterContent.upack)
[2023.03.08-05.40.19:276][  0]LogPakFile: OnPakFileMounted2Time == 0.000027
[2023.03.08-05.40.19:276][  0]LogShaderLibrary: Display: ShaderCodeLibraryPakFileMountedCallback: PakFile 'C:/UnrealEngine-4.27/FeaturePacks/TP_2DSideScroller.upack' (chunk index -1, root 'root:/') mounted
[2023.03.08-05.40.19:276][  0]LogShaderLibrary: Display: ShaderCodeLibraryPakFileMountedCallback: pending pak file info (ChunkID:-1 Root:root:/ File:C:/UnrealEngine-4.27/FeaturePacks/TP_2DSideScroller.upack)
[2023.03.08-05.40.19:276][  0]LogPakFile: OnPakFileMounted2Time == 0.000025
[2023.03.08-05.40.19:276][  0]LogShaderLibrary: Display: ShaderCodeLibraryPakFileMountedCallback: PakFile 'C:/UnrealEngine-4.27/FeaturePacks/TP_2DSideScrollerBP.upack' (chunk index -1, root 'root:/') mounted
[2023.03.08-05.40.19:276][  0]LogShaderLibrary: Display: ShaderCodeLibraryPakFileMountedCallback: pending pak file info (ChunkID:-1 Root:root:/ File:C:/UnrealEngine-4.27/FeaturePacks/TP_2DSideScrollerBP.upack)
[2023.03.08-05.40.19:276][  0]LogPakFile: OnPakFileMounted2Time == 0.000025
[2023.03.08-05.40.19:276][  0]LogShaderLibrary: Display: ShaderCodeLibraryPakFileMountedCallback: PakFile 'C:/UnrealEngine-4.27/FeaturePacks/TP_Flying.upack' (chunk index -1, root 'root:/') mounted
[2023.03.08-05.40.19:277][  0]LogShaderLibrary: Display: ShaderCodeLibraryPakFileMountedCallback: pending pak file info (ChunkID:-1 Root:root:/ File:C:/UnrealEngine-4.27/FeaturePacks/TP_Flying.upack)
[2023.03.08-05.40.19:277][  0]LogPakFile: OnPakFileMounted2Time == 0.000029
[2023.03.08-05.40.19:277][  0]LogShaderLibrary: Display: ShaderCodeLibraryPakFileMountedCallback: PakFile 'C:/UnrealEngine-4.27/FeaturePacks/TP_FlyingBP.upack' (chunk index -1, root 'root:/') mounted
[2023.03.08-05.40.19:277][  0]LogShaderLibrary: Display: ShaderCodeLibraryPakFileMountedCallback: pending pak file info (ChunkID:-1 Root:root:/ File:C:/UnrealEngine-4.27/FeaturePacks/TP_FlyingBP.upack)
[2023.03.08-05.40.19:277][  0]LogPakFile: OnPakFileMounted2Time == 0.000024
[2023.03.08-05.40.19:277][  0]LogShaderLibrary: Display: ShaderCodeLibraryPakFileMountedCallback: PakFile 'C:/UnrealEngine-4.27/FeaturePacks/TP_Puzzle.upack' (chunk index -1, root 'root:/') mounted
[2023.03.08-05.40.19:277][  0]LogShaderLibrary: Display: ShaderCodeLibraryPakFileMountedCallback: pending pak file info (ChunkID:-1 Root:root:/ File:C:/UnrealEngine-4.27/FeaturePacks/TP_Puzzle.upack)
[2023.03.08-05.40.19:277][  0]LogPakFile: OnPakFileMounted2Time == 0.000026
[2023.03.08-05.40.19:277][  0]LogShaderLibrary: Display: ShaderCodeLibraryPakFileMountedCallback: PakFile 'C:/UnrealEngine-4.27/FeaturePacks/TP_PuzzleBP.upack' (chunk index -1, root 'root:/') mounted
[2023.03.08-05.40.19:277][  0]LogShaderLibrary: Display: ShaderCodeLibraryPakFileMountedCallback: pending pak file info (ChunkID:-1 Root:root:/ File:C:/UnrealEngine-4.27/FeaturePacks/TP_PuzzleBP.upack)
[2023.03.08-05.40.19:277][  0]LogPakFile: OnPakFileMounted2Time == 0.000024
[2023.03.08-05.40.19:278][  0]LogShaderLibrary: Display: ShaderCodeLibraryPakFileMountedCallback: PakFile 'C:/UnrealEngine-4.27/FeaturePacks/TP_Rolling.upack' (chunk index -1, root 'root:/') mounted
[2023.03.08-05.40.19:278][  0]LogShaderLibrary: Display: ShaderCodeLibraryPakFileMountedCallback: pending pak file info (ChunkID:-1 Root:root:/ File:C:/UnrealEngine-4.27/FeaturePacks/TP_Rolling.upack)
[2023.03.08-05.40.19:278][  0]LogPakFile: OnPakFileMounted2Time == 0.000024
[2023.03.08-05.40.19:278][  0]LogShaderLibrary: Display: ShaderCodeLibraryPakFileMountedCallback: PakFile 'C:/UnrealEngine-4.27/FeaturePacks/TP_RollingBP.upack' (chunk index -1, root 'root:/') mounted
[2023.03.08-05.40.19:278][  0]LogShaderLibrary: Display: ShaderCodeLibraryPakFileMountedCallback: pending pak file info (ChunkID:-1 Root:root:/ File:C:/UnrealEngine-4.27/FeaturePacks/TP_RollingBP.upack)
[2023.03.08-05.40.19:278][  0]LogPakFile: OnPakFileMounted2Time == 0.000024
[2023.03.08-05.40.19:278][  0]LogShaderLibrary: Display: ShaderCodeLibraryPakFileMountedCallback: PakFile 'C:/UnrealEngine-4.27/FeaturePacks/TP_SideScroller.upack' (chunk index -1, root 'root:/') mounted
[2023.03.08-05.40.19:278][  0]LogShaderLibrary: Display: ShaderCodeLibraryPakFileMountedCallback: pending pak file info (ChunkID:-1 Root:root:/ File:C:/UnrealEngine-4.27/FeaturePacks/TP_SideScroller.upack)
[2023.03.08-05.40.19:278][  0]LogPakFile: OnPakFileMounted2Time == 0.000028
[2023.03.08-05.40.19:278][  0]LogShaderLibrary: Display: ShaderCodeLibraryPakFileMountedCallback: PakFile 'C:/UnrealEngine-4.27/FeaturePacks/TP_SideScrollerBP.upack' (chunk index -1, root 'root:/') mounted
[2023.03.08-05.40.19:278][  0]LogShaderLibrary: Display: ShaderCodeLibraryPakFileMountedCallback: pending pak file info (ChunkID:-1 Root:root:/ File:C:/UnrealEngine-4.27/FeaturePacks/TP_SideScrollerBP.upack)
[2023.03.08-05.40.19:278][  0]LogPakFile: OnPakFileMounted2Time == 0.000024
[2023.03.08-05.40.19:279][  0]LogShaderLibrary: Display: ShaderCodeLibraryPakFileMountedCallback: PakFile 'C:/UnrealEngine-4.27/FeaturePacks/TP_ThirdPerson.upack' (chunk index -1, root 'root:/') mounted
[2023.03.08-05.40.19:279][  0]LogShaderLibrary: Display: ShaderCodeLibraryPakFileMountedCallback: pending pak file info (ChunkID:-1 Root:root:/ File:C:/UnrealEngine-4.27/FeaturePacks/TP_ThirdPerson.upack)
[2023.03.08-05.40.19:279][  0]LogPakFile: OnPakFileMounted2Time == 0.000025
[2023.03.08-05.40.19:279][  0]LogShaderLibrary: Display: ShaderCodeLibraryPakFileMountedCallback: PakFile 'C:/UnrealEngine-4.27/FeaturePacks/TP_ThirdPersonBP.upack' (chunk index -1, root 'root:/') mounted
[2023.03.08-05.40.19:279][  0]LogShaderLibrary: Display: ShaderCodeLibraryPakFileMountedCallback: pending pak file info (ChunkID:-1 Root:root:/ File:C:/UnrealEngine-4.27/FeaturePacks/TP_ThirdPersonBP.upack)
[2023.03.08-05.40.19:279][  0]LogPakFile: OnPakFileMounted2Time == 0.000025
[2023.03.08-05.40.19:279][  0]LogShaderLibrary: Display: ShaderCodeLibraryPakFileMountedCallback: PakFile 'C:/UnrealEngine-4.27/FeaturePacks/TP_TopDown.upack' (chunk index -1, root 'root:/') mounted
[2023.03.08-05.40.19:279][  0]LogShaderLibrary: Display: ShaderCodeLibraryPakFileMountedCallback: pending pak file info (ChunkID:-1 Root:root:/ File:C:/UnrealEngine-4.27/FeaturePacks/TP_TopDown.upack)
[2023.03.08-05.40.19:279][  0]LogPakFile: OnPakFileMounted2Time == 0.000024
[2023.03.08-05.40.19:279][  0]LogShaderLibrary: Display: ShaderCodeLibraryPakFileMountedCallback: PakFile 'C:/UnrealEngine-4.27/FeaturePacks/TP_TopDownBP.upack' (chunk index -1, root 'root:/') mounted
[2023.03.08-05.40.19:279][  0]LogShaderLibrary: Display: ShaderCodeLibraryPakFileMountedCallback: pending pak file info (ChunkID:-1 Root:root:/ File:C:/UnrealEngine-4.27/FeaturePacks/TP_TopDownBP.upack)
[2023.03.08-05.40.19:279][  0]LogPakFile: OnPakFileMounted2Time == 0.000028
[2023.03.08-05.40.19:280][  0]LogShaderLibrary: Display: ShaderCodeLibraryPakFileMountedCallback: PakFile 'C:/UnrealEngine-4.27/FeaturePacks/TP_TwinStick.upack' (chunk index -1, root 'root:/') mounted
[2023.03.08-05.40.19:280][  0]LogShaderLibrary: Display: ShaderCodeLibraryPakFileMountedCallback: pending pak file info (ChunkID:-1 Root:root:/ File:C:/UnrealEngine-4.27/FeaturePacks/TP_TwinStick.upack)
[2023.03.08-05.40.19:280][  0]LogPakFile: OnPakFileMounted2Time == 0.000026
[2023.03.08-05.40.19:280][  0]LogShaderLibrary: Display: ShaderCodeLibraryPakFileMountedCallback: PakFile 'C:/UnrealEngine-4.27/FeaturePacks/TP_TwinStickBP.upack' (chunk index -1, root 'root:/') mounted
[2023.03.08-05.40.19:280][  0]LogShaderLibrary: Display: ShaderCodeLibraryPakFileMountedCallback: pending pak file info (ChunkID:-1 Root:root:/ File:C:/UnrealEngine-4.27/FeaturePacks/TP_TwinStickBP.upack)
[2023.03.08-05.40.19:280][  0]LogPakFile: OnPakFileMounted2Time == 0.000024
[2023.03.08-05.40.19:280][  0]LogShaderLibrary: Display: ShaderCodeLibraryPakFileMountedCallback: PakFile 'C:/UnrealEngine-4.27/FeaturePacks/TP_Vehicle.upack' (chunk index -1, root 'root:/') mounted
[2023.03.08-05.40.19:280][  0]LogShaderLibrary: Display: ShaderCodeLibraryPakFileMountedCallback: pending pak file info (ChunkID:-1 Root:root:/ File:C:/UnrealEngine-4.27/FeaturePacks/TP_Vehicle.upack)
[2023.03.08-05.40.19:280][  0]LogPakFile: OnPakFileMounted2Time == 0.000025
[2023.03.08-05.40.19:280][  0]LogShaderLibrary: Display: ShaderCodeLibraryPakFileMountedCallback: PakFile 'C:/UnrealEngine-4.27/FeaturePacks/TP_VehicleAdv.upack' (chunk index -1, root 'root:/') mounted
[2023.03.08-05.40.19:280][  0]LogShaderLibrary: Display: ShaderCodeLibraryPakFileMountedCallback: pending pak file info (ChunkID:-1 Root:root:/ File:C:/UnrealEngine-4.27/FeaturePacks/TP_VehicleAdv.upack)
[2023.03.08-05.40.19:280][  0]LogPakFile: OnPakFileMounted2Time == 0.000025
[2023.03.08-05.40.19:281][  0]LogShaderLibrary: Display: ShaderCodeLibraryPakFileMountedCallback: PakFile 'C:/UnrealEngine-4.27/FeaturePacks/TP_VehicleAdvBP.upack' (chunk index -1, root 'root:/') mounted
[2023.03.08-05.40.19:281][  0]LogShaderLibrary: Display: ShaderCodeLibraryPakFileMountedCallback: pending pak file info (ChunkID:-1 Root:root:/ File:C:/UnrealEngine-4.27/FeaturePacks/TP_VehicleAdvBP.upack)
[2023.03.08-05.40.19:281][  0]LogPakFile: OnPakFileMounted2Time == 0.000027
[2023.03.08-05.40.19:281][  0]LogShaderLibrary: Display: ShaderCodeLibraryPakFileMountedCallback: PakFile 'C:/UnrealEngine-4.27/FeaturePacks/TP_VehicleBP.upack' (chunk index -1, root 'root:/') mounted
[2023.03.08-05.40.19:281][  0]LogShaderLibrary: Display: ShaderCodeLibraryPakFileMountedCallback: pending pak file info (ChunkID:-1 Root:root:/ File:C:/UnrealEngine-4.27/FeaturePacks/TP_VehicleBP.upack)
[2023.03.08-05.40.19:281][  0]LogPakFile: OnPakFileMounted2Time == 0.000026
[2023.03.08-05.40.19:281][  0]LogPakFile: PakFile PrimaryIndexSize=192
[2023.03.08-05.40.19:281][  0]LogPakFile: PakFile PathHashIndexSize=101
[2023.03.08-05.40.19:281][  0]LogPakFile: PakFile FullDirectoryIndexSize=158
[2023.03.08-05.40.19:281][  0]LogShaderLibrary: Display: ShaderCodeLibraryPakFileMountedCallback: PakFile 'C:/UnrealEngine-4.27/FeaturePacks/TP_VirtualRealityBP.upack' (chunk index -1, root 'root:/') mounted
[2023.03.08-05.40.19:281][  0]LogShaderLibrary: Display: ShaderCodeLibraryPakFileMountedCallback: pending pak file info (ChunkID:-1 Root:root:/ File:C:/UnrealEngine-4.27/FeaturePacks/TP_VirtualRealityBP.upack)
[2023.03.08-05.40.19:281][  0]LogPakFile: OnPakFileMounted2Time == 0.000019
[2023.03.08-05.40.19:306][  0]LogNativeClassHierarchy: Verbose: Native class hierarchy updated for 'AddContentDialog' in 0.0002 seconds. Added 0 classes and 0 folders.
[2023.03.08-05.40.19:307][  0]LogNativeClassHierarchy: Verbose: Native class hierarchy updated for 'SceneOutliner' in 0.0001 seconds. Added 2 classes and 0 folders.
[2023.03.08-05.40.19:359][  0]LogSlate: Took 0.000089 seconds to synchronously load lazily loaded font '../../../Engine/Content/Slate/Fonts/Roboto-Regular.ttf' (155K)
[2023.03.08-05.40.19:360][  0]LogSlate: Took 0.000069 seconds to synchronously load lazily loaded font '../../../Engine/Content/Editor/Slate/Fonts/FontAwesome.ttf' (139K)
[2023.03.08-05.40.19:361][  0]LogSlate: Took 0.000074 seconds to synchronously load lazily loaded font '../../../Engine/Content/Slate/Fonts/Roboto-Bold.ttf' (160K)
[2023.03.08-05.40.19:363][  0]LogSlate: Took 0.000056 seconds to synchronously load lazily loaded font '../../../Engine/Content/Slate/Fonts/DroidSansMono.ttf' (77K)
[2023.03.08-05.40.19:434][  0]LogRenderer: Reallocating scene render targets to support 1208x600 Format 10 NumSamples 1 (Frame:1).
[2023.03.08-05.40.19:459][  0]LogSlate: Took 0.000082 seconds to synchronously load lazily loaded font '../../../Engine/Content/Slate/Fonts/Roboto-Light.ttf' (167K)
[2023.03.08-05.40.19:481][  0]LogNativeClassHierarchy: Verbose: Native class hierarchy updated for 'HierarchicalLODOutliner' in 0.0002 seconds. Added 0 classes and 0 folders.
[2023.03.08-05.40.19:481][  0]LogLoad: (Engine Initialization) Total time: 3.88 seconds
[2023.03.08-05.40.19:481][  0]LogLoad: (Engine Initialization) Total Blueprint compile time: 0.00 seconds
[2023.03.08-05.40.19:540][  0]LogAssetRegistry: Asset discovery search completed in 2.4070 seconds
[2023.03.08-05.40.19:543][  0]LogCollectionManager: Fixed up redirectors for 0 collections in 0.000002 seconds (updated 0 objects)
[2023.03.08-05.40.19:545][  0]LogContentStreaming: Texture pool size now 1000 MB
[2023.03.08-05.40.20:499][111]LogSlate: Took 0.000098 seconds to synchronously load lazily loaded font '../../../Engine/Content/Slate/Fonts/Roboto-Light.ttf' (167K)
[2023.03.08-05.40.25:529][662]LogAssetEditorSubsystem: Opening Asset editor for WidgetBlueprint /Game/UMGReversi/Blueprints/UI/WPB_StartMenu.WPB_StartMenu
[2023.03.08-05.40.25:566][662]LogNativeClassHierarchy: Verbose: Native class hierarchy updated for 'BlueprintGraph' in 0.0003 seconds. Added 126 classes and 0 folders.
[2023.03.08-05.40.25:978][662]LogAssetEditorSubsystem: Opening Asset editor for Blueprint /Game/UMGReversi/Blueprints/BP_UMGReversiGameMode.BP_UMGReversiGameMode
[2023.03.08-05.40.26:195][662]LogAssetEditorSubsystem: Opening Asset editor for WidgetBlueprint /Game/UMGReversi/Blueprints/UI/WBP_GamePlay.WBP_GamePlay
[2023.03.08-05.40.26:394][662]LogAssetEditorSubsystem: Opening Asset editor for WidgetBlueprint /Game/UMGReversi/Blueprints/UI/WBP_ChessBoard.WBP_ChessBoard
[2023.03.08-05.40.26:577][662]LogAssetEditorSubsystem: Opening Asset editor for WidgetBlueprint /Game/UMGReversi/Blueprints/UI/WBP_CustomButton.WBP_CustomButton
[2023.03.08-05.40.26:923][662]LogSlate: Took 0.000071 seconds to synchronously load lazily loaded font '../../../Engine/Content/Slate/Fonts/Roboto-BoldCondensed.ttf' (158K)
[2023.03.08-05.40.29:970][ 13]LogSlate: Window 'WBP_GamePlay' being destroyed
[2023.03.08-05.40.31:418][186]LogTemp: Repeating last play command: Selected Viewport
[2023.03.08-05.40.31:422][186]LogPlayLevel: PlayLevel: No blueprints needed recompiling
[2023.03.08-05.40.31:423][186]PIE: New page: PIE session: ReversiWorld (Mar 8, 2023, 7:40:31 PM)
[2023.03.08-05.40.31:423][186]LogOnline: OSS: Creating online subsystem instance for: NULL
[2023.03.08-05.40.31:424][186]LogOnline: OSS: TryLoadSubsystemAndSetDefault: Loaded subsystem for module [NULL]
[2023.03.08-05.40.31:424][186]LogPlayLevel: Creating play world package: /Game/UMGReversi/Maps/UEDPIE_0_ReversiWorld
[2023.03.08-05.40.31:425][186]LogPlayLevel: PIE: StaticDuplicateObject took: (0.000395s)
[2023.03.08-05.40.31:425][186]LogAIModule: Creating AISystem for world ReversiWorld
[2023.03.08-05.40.31:425][186]LogPlayLevel: PIE: World Init took: (0.000650s)
[2023.03.08-05.40.31:425][186]LogPlayLevel: PIE: Created PIE world by copying editor world from /Game/UMGReversi/Maps/ReversiWorld.ReversiWorld to /Game/UMGReversi/Maps/UEDPIE_0_ReversiWorld.ReversiWorld (0.001106s)
[2023.03.08-05.40.31:467][186]LogUObjectHash: Compacting FUObjectHashTables data took   2.23ms
[2023.03.08-05.40.31:468][186]LogAudio: Display: Creating Audio Device:                 Id: 2, Scope: Unique, Realtime: True
[2023.03.08-05.40.31:468][186]LogAudioMixer: Display: Audio Mixer Platform Settings:
[2023.03.08-05.40.31:468][186]LogAudioMixer: Display: 	Sample Rate:						  48000
[2023.03.08-05.40.31:468][186]LogAudioMixer: Display: 	Callback Buffer Frame Size Requested: 1024
[2023.03.08-05.40.31:468][186]LogAudioMixer: Display: 	Callback Buffer Frame Size To Use:	  1024
[2023.03.08-05.40.31:468][186]LogAudioMixer: Display: 	Number of buffers to queue:			  2
[2023.03.08-05.40.31:468][186]LogAudioMixer: Display: 	Max Channels (voices):				  32
[2023.03.08-05.40.31:468][186]LogAudioMixer: Display: 	Number of Async Source Workers:		  0
[2023.03.08-05.40.31:468][186]LogAudio: Display: AudioDevice MaxSources: 32
[2023.03.08-05.40.31:468][186]LogAudio: Display: Audio Spatialization Plugin: None (built-in).
[2023.03.08-05.40.31:468][186]LogAudio: Display: Audio Reverb Plugin: None (built-in).
[2023.03.08-05.40.31:468][186]LogAudio: Display: Audio Occlusion Plugin: None (built-in).
[2023.03.08-05.40.31:468][186]LogAudioMixer: Display: Initializing audio mixer.
[2023.03.08-05.40.31:470][186]LogAudioMixer: Display: 0: FrontLeft
[2023.03.08-05.40.31:470][186]LogAudioMixer: Display: 1: FrontRight
[2023.03.08-05.40.31:477][186]LogAudioMixer: Display: Using Audio Device Realtek Digital Output (Realtek(R) Audio)
[2023.03.08-05.40.31:477][186]LogAudioMixer: Display: Initializing Sound Submixes...
[2023.03.08-05.40.31:477][186]LogAudioMixer: Display: Creating Master Submix 'MasterSubmixDefault'
[2023.03.08-05.40.31:477][186]LogAudioMixer: Display: Creating Master Submix 'MasterReverbSubmixDefault'
[2023.03.08-05.40.31:477][186]LogAudioMixer: Display: Creating Master Submix 'MasterEQSubmixDefault'
[2023.03.08-05.40.31:477][186]LogAudioMixer: FMixerPlatformXAudio2::StartAudioStream() called
[2023.03.08-05.40.31:477][186]LogAudioMixer: Display: Output buffers initialized: Frames=1024, Channels=2, Samples=2048
[2023.03.08-05.40.31:479][186]LogAudioMixer: Display: Starting AudioMixerPlatformInterface::RunInternal()
[2023.03.08-05.40.31:479][186]LogAudioMixer: Display: FMixerPlatformXAudio2::SubmitBuffer() called for the first time
[2023.03.08-05.40.31:479][186]LogInit: FAudioDevice initialized.
[2023.03.08-05.40.31:479][186]LogAudio: Display: Audio Device (ID: 2) registered with world 'ReversiWorld'.
[2023.03.08-05.40.31:485][186]LogLoad: Game class is 'BP_UMGReversiGameMode_C'
[2023.03.08-05.40.31:486][186]LogWorld: Bringing World /Game/UMGReversi/Maps/UEDPIE_0_ReversiWorld.ReversiWorld up for play (max tick rate 0) at 2023.03.08-12.40.31
[2023.03.08-05.40.31:486][186]LogWorld: Bringing up level for play took: 0.000173
[2023.03.08-05.40.31:486][186]LogOnline: OSS: Creating online subsystem instance for: :Context_11
[2023.03.08-05.40.31:488][186]LogNativeClassHierarchy: Verbose: Native class hierarchy updated for 'MovieSceneCapture' in 0.0002 seconds. Added 20 classes and 0 folders.
[2023.03.08-05.40.31:489][186]PIE: Server logged in
[2023.03.08-05.40.31:490][186]PIE: Play in editor total start time 0.068 seconds.
[2023.03.08-05.40.35:489][648]LogTemp: Warning: Surround: 8
[2023.03.08-05.40.35:489][648]LogTemp: Warning: Surround: 10
[2023.03.08-05.40.35:489][648]LogTemp: Warning: Surround: 12
[2023.03.08-05.40.35:489][648]LogTemp: Warning: Surround: 12
[2023.03.08-05.40.37:869][934]LogTemp: Warning: Capturable : 1
[2023.03.08-05.40.37:869][934]LogTemp: Warning: Surround: 14
[2023.03.08-05.40.39:370][114]LogTemp: Warning: Surround: 14
[2023.03.08-05.40.40:236][218]LogTemp: Warning: Capturable : 1
[2023.03.08-05.40.40:236][218]LogTemp: Warning: Surround: 16
[2023.03.08-05.40.41:745][398]LogTemp: Warning: Surround: 18
[2023.03.08-05.40.42:210][448]LogSlate: Updating window title bar state: overlay mode, drag disabled, window buttons hidden, title bar hidden
[2023.03.08-05.40.42:210][448]LogWorld: BeginTearingDown for /Game/UMGReversi/Maps/UEDPIE_0_ReversiWorld
[2023.03.08-05.40.42:210][448]LogWorld: UWorld::CleanupWorld for ReversiWorld, bSessionEnded=true, bCleanupResources=true
[2023.03.08-05.40.42:210][448]LogSlate: InvalidateAllWidgets triggered.  All widgets were invalidated
[2023.03.08-05.40.42:219][448]LogPlayLevel: Display: Shutting down PIE online subsystems
[2023.03.08-05.40.42:222][448]LogSlate: InvalidateAllWidgets triggered.  All widgets were invalidated
[2023.03.08-05.40.42:241][448]LogAudio: Display: Audio Device unregistered from world 'None'.
[2023.03.08-05.40.42:241][448]LogAudioMixer: FMixerPlatformXAudio2::StopAudioStream() called
[2023.03.08-05.40.42:241][448]LogAudioMixer: FMixerPlatformXAudio2::StopAudioStream() called
[2023.03.08-05.40.42:243][448]LogSlate: Updating window title bar state: overlay mode, drag disabled, window buttons hidden, title bar hidden
[2023.03.08-05.40.42:273][448]LogUObjectHash: Compacting FUObjectHashTables data took   2.61ms
[2023.03.08-05.40.42:282][449]LogPlayLevel: Display: Destroying online subsystem :Context_11
[2023.03.08-05.40.42:835][513]LogTemp: Repeating last play command: Selected Viewport
[2023.03.08-05.40.42:838][513]LogPlayLevel: PlayLevel: No blueprints needed recompiling
[2023.03.08-05.40.42:839][513]PIE: New page: PIE session: ReversiWorld (Mar 8, 2023, 7:40:42 PM)
[2023.03.08-05.40.42:839][513]LogPlayLevel: Creating play world package: /Game/UMGReversi/Maps/UEDPIE_0_ReversiWorld
[2023.03.08-05.40.42:839][513]LogPlayLevel: PIE: StaticDuplicateObject took: (0.000369s)
[2023.03.08-05.40.42:839][513]LogAIModule: Creating AISystem for world ReversiWorld
[2023.03.08-05.40.42:839][513]LogPlayLevel: PIE: World Init took: (0.000570s)
[2023.03.08-05.40.42:839][513]LogPlayLevel: PIE: Created PIE world by copying editor world from /Game/UMGReversi/Maps/ReversiWorld.ReversiWorld to /Game/UMGReversi/Maps/UEDPIE_0_ReversiWorld.ReversiWorld (0.000995s)
[2023.03.08-05.40.42:871][513]LogUObjectHash: Compacting FUObjectHashTables data took   1.94ms
[2023.03.08-05.40.42:872][513]LogAudio: Display: Creating Audio Device:                 Id: 3, Scope: Unique, Realtime: True
[2023.03.08-05.40.42:872][513]LogAudioMixer: Display: Audio Mixer Platform Settings:
[2023.03.08-05.40.42:872][513]LogAudioMixer: Display: 	Sample Rate:						  48000
[2023.03.08-05.40.42:872][513]LogAudioMixer: Display: 	Callback Buffer Frame Size Requested: 1024
[2023.03.08-05.40.42:872][513]LogAudioMixer: Display: 	Callback Buffer Frame Size To Use:	  1024
[2023.03.08-05.40.42:872][513]LogAudioMixer: Display: 	Number of buffers to queue:			  2
[2023.03.08-05.40.42:872][513]LogAudioMixer: Display: 	Max Channels (voices):				  32
[2023.03.08-05.40.42:872][513]LogAudioMixer: Display: 	Number of Async Source Workers:		  0
[2023.03.08-05.40.42:872][513]LogAudio: Display: AudioDevice MaxSources: 32
[2023.03.08-05.40.42:872][513]LogAudio: Display: Audio Spatialization Plugin: None (built-in).
[2023.03.08-05.40.42:872][513]LogAudio: Display: Audio Reverb Plugin: None (built-in).
[2023.03.08-05.40.42:872][513]LogAudio: Display: Audio Occlusion Plugin: None (built-in).
[2023.03.08-05.40.42:872][513]LogAudioMixer: Display: Initializing audio mixer.
[2023.03.08-05.40.42:874][513]LogAudioMixer: Display: 0: FrontLeft
[2023.03.08-05.40.42:874][513]LogAudioMixer: Display: 1: FrontRight
[2023.03.08-05.40.42:881][513]LogAudioMixer: Display: Using Audio Device Realtek Digital Output (Realtek(R) Audio)
[2023.03.08-05.40.42:882][513]LogAudioMixer: Display: Initializing Sound Submixes...
[2023.03.08-05.40.42:882][513]LogAudioMixer: Display: Creating Master Submix 'MasterSubmixDefault'
[2023.03.08-05.40.42:882][513]LogAudioMixer: Display: Creating Master Submix 'MasterReverbSubmixDefault'
[2023.03.08-05.40.42:882][513]LogAudioMixer: Display: Creating Master Submix 'MasterEQSubmixDefault'
[2023.03.08-05.40.42:882][513]LogAudioMixer: FMixerPlatformXAudio2::StartAudioStream() called
[2023.03.08-05.40.42:882][513]LogAudioMixer: Display: Output buffers initialized: Frames=1024, Channels=2, Samples=2048
[2023.03.08-05.40.42:883][513]LogAudioMixer: Display: Starting AudioMixerPlatformInterface::RunInternal()
[2023.03.08-05.40.42:883][513]LogAudioMixer: Display: FMixerPlatformXAudio2::SubmitBuffer() called for the first time
[2023.03.08-05.40.42:883][513]LogInit: FAudioDevice initialized.
[2023.03.08-05.40.42:883][513]LogAudio: Display: Audio Device (ID: 3) registered with world 'ReversiWorld'.
[2023.03.08-05.40.42:888][513]LogLoad: Game class is 'BP_UMGReversiGameMode_C'
[2023.03.08-05.40.42:888][513]LogWorld: Bringing World /Game/UMGReversi/Maps/UEDPIE_0_ReversiWorld.ReversiWorld up for play (max tick rate 0) at 2023.03.08-12.40.42
[2023.03.08-05.40.42:888][513]LogWorld: Bringing up level for play took: 0.000161
[2023.03.08-05.40.42:888][513]LogOnline: OSS: Creating online subsystem instance for: :Context_12
[2023.03.08-05.40.42:890][513]PIE: Server logged in
[2023.03.08-05.40.42:890][513]PIE: Play in editor total start time 0.052 seconds.
[2023.03.08-05.40.47:376][ 49]LogTemp: Warning: Surround: 8
[2023.03.08-05.40.47:376][ 49]LogOutputDevice: Warning: 

Script Stack (4 frames):
WBP_GamePlay_C.ExecuteUbergraph_WBP_GamePlay
WBP_GamePlay_C.Construct
WPB_StartMenu_C.ExecuteUbergraph_WPB_StartMenu
WPB_StartMenu_C.BndEvt__WPB_StartMenu_StartGameButton_K2Node_ComponentBoundEvent_0_OnButtonClickedEvent__DelegateSignature

[2023.03.08-05.40.47:376][ 49]LogWindows: Windows GetLastError: The operation completed successfully. (0)
[2023.03.08-05.41.47:376][ 49]LogWindows: Could not start crash report client using ../../../Engine/Binaries/Win64/CrashReportClientEditor-Win64-Debug.exe
[2023.03.08-05.41.47:376][ 49]LogMemory: Platform Memory Stats for Windows
[2023.03.08-05.41.47:376][ 49]LogMemory: Process Physical Memory: 3048.00 MB used, 3050.00 MB peak
[2023.03.08-05.41.47:376][ 49]LogMemory: Process Virtual Memory: 2924.70 MB used, 2926.70 MB peak
[2023.03.08-05.41.47:376][ 49]LogMemory: Physical Memory: 15924.88 MB used,  15970.01 MB free, 31894.89 MB total
[2023.03.08-05.41.47:376][ 49]LogMemory: Virtual Memory: 134200664.00 MB used,  17066.55 MB free, 134217728.00 MB total
[2023.03.08-05.41.47:376][ 49]LogWindows: Error: === Critical error: ===
[2023.03.08-05.41.47:376][ 49]LogWindows: Error: 
[2023.03.08-05.41.47:376][ 49]LogWindows: Error: Assertion failed: (Index >= 0) & (Index < ArrayNum) [File:C:\UnrealEngine-4.27\Engine\Source\Runtime\Core\Public\Containers/Array.h] [Line: 703] 
[2023.03.08-05.41.47:376][ 49]LogWindows: Error: Array index out of bounds: -47 from an array of size 900
[2023.03.08-05.41.47:376][ 49]LogWindows: Error: 
[2023.03.08-05.41.47:376][ 49]LogWindows: Error: 
[2023.03.08-05.41.47:376][ 49]LogWindows: Error: 
[2023.03.08-05.41.47:400][ 49]LogExit: Executing StaticShutdownAfterError
[2023.03.08-05.41.47:403][ 49]LogWindows: FPlatformMisc::RequestExit(1)
[2023.03.08-05.41.47:403][ 49]LogWindows: FPlatformMisc::RequestExitWithStatus(1, 3)
[2023.03.08-05.41.47:403][ 49]LogCore: Engine exit requested (reason: Win RequestExit)
[2023.03.08-05.41.47:410][ 49]Log file closed, 03/08/23 12:41:47
